# JRE version: Java(TM) SE Runtime Environment (8.0_111-b14) (build 1.8.0_111-b14)
# Java VM: Java HotSpot(TM) 64-Bit Server VM (25.111-b14 mixed mode windows-amd64 compressed oops)
Heap:
 PSYoungGen      total 65024K, used 46630K [0x000000076b100000, 0x0000000778480000, 0x00000007c0000000)
  eden space 64512K, 72% used [0x000000076b100000,0x000000076de69a78,0x000000076f000000)
  from space 512K, 25% used [0x0000000778380000,0x00000007783a0000,0x0000000778400000)
  to   space 512K, 0% used [0x0000000778400000,0x0000000778400000,0x0000000778480000)
 ParOldGen       total 67072K, used 42145K [0x00000006c1200000, 0x00000006c5380000, 0x000000076b100000)
  object space 67072K, 62% used [0x00000006c1200000,0x00000006c3b286c0,0x00000006c5380000)
 Metaspace       used 8584K, capacity 8760K, committed 9088K, reserved 1056768K
  class space    used 1002K, capacity 1064K, committed 1152K, reserved 1048576K
GC Heap History (10 events):
Event: 227.782 GC heap before
{Heap before GC invocations=2167 (full 20):
 PSYoungGen      total 72704K, used 72320K [0x000000076b100000, 0x0000000778480000, 0x00000007c0000000)
  eden space 72192K, 100% used [0x000000076b100000,0x000000076f780000,0x000000076f780000)
  from space 512K, 25% used [0x0000000778400000,0x0000000778420000,0x0000000778480000)
  to   space 512K, 0% used [0x0000000778380000,0x0000000778380000,0x0000000778400000)
 ParOldGen       total 67072K, used 30445K [0x00000006c1200000, 0x00000006c5380000, 0x000000076b100000)
  object space 67072K, 45% used [0x00000006c1200000,0x00000006c2fbb5f0,0x00000006c5380000)
 Metaspace       used 8583K, capacity 8760K, committed 9088K, reserved 1056768K
  class space    used 1002K, capacity 1064K, committed 1152K, reserved 1048576K
Event: 227.782 GC heap after
Heap after GC invocations=2167 (full 20):
 PSYoungGen      total 71168K, used 128K [0x000000076b100000, 0x0000000778480000, 0x00000007c0000000)
  eden space 70656K, 0% used [0x000000076b100000,0x000000076b100000,0x000000076f600000)
  from space 512K, 25% used [0x0000000778380000,0x00000007783a0000,0x0000000778400000)
  to   space 512K, 0% used [0x0000000778400000,0x0000000778400000,0x0000000778480000)
 ParOldGen       total 67072K, used 33145K [0x00000006c1200000, 0x00000006c5380000, 0x000000076b100000)
  object space 67072K, 49% used [0x00000006c1200000,0x00000006c325e620,0x00000006c5380000)
 Metaspace       used 8583K, capacity 8760K, committed 9088K, reserved 1056768K
  class space    used 1002K, capacity 1064K, committed 1152K, reserved 1048576K
}
Event: 227.933 GC heap before
{Heap before GC invocations=2168 (full 20):
 PSYoungGen      total 71168K, used 70784K [0x000000076b100000, 0x0000000778480000, 0x00000007c0000000)
  eden space 70656K, 100% used [0x000000076b100000,0x000000076f600000,0x000000076f600000)
  from space 512K, 25% used [0x0000000778380000,0x00000007783a0000,0x0000000778400000)
  to   space 512K, 0% used [0x0000000778400000,0x0000000778400000,0x0000000778480000)
 ParOldGen       total 67072K, used 33145K [0x00000006c1200000, 0x00000006c5380000, 0x000000076b100000)
  object space 67072K, 49% used [0x00000006c1200000,0x00000006c325e620,0x00000006c5380000)
 Metaspace       used 8583K, capacity 8760K, committed 9088K, reserved 1056768K
  class space    used 1002K, capacity 1064K, committed 1152K, reserved 1048576K
Event: 227.934 GC heap after
Heap after GC invocations=2168 (full 20):
 PSYoungGen      total 69632K, used 128K [0x000000076b100000, 0x0000000778480000, 0x00000007c0000000)
  eden space 69120K, 0% used [0x000000076b100000,0x000000076b100000,0x000000076f480000)
  from space 512K, 25% used [0x0000000778400000,0x0000000778420000,0x0000000778480000)
  to   space 512K, 0% used [0x0000000778380000,0x0000000778380000,0x0000000778400000)
 ParOldGen       total 67072K, used 35845K [0x00000006c1200000, 0x00000006c5380000, 0x000000076b100000)
  object space 67072K, 53% used [0x00000006c1200000,0x00000006c3501650,0x00000006c5380000)
 Metaspace       used 8583K, capacity 8760K, committed 9088K, reserved 1056768K
  class space    used 1002K, capacity 1064K, committed 1152K, reserved 1048576K
}
Event: 228.068 GC heap before
{Heap before GC invocations=2169 (full 20):
 PSYoungGen      total 69632K, used 69248K [0x000000076b100000, 0x0000000778480000, 0x00000007c0000000)
  eden space 69120K, 100% used [0x000000076b100000,0x000000076f480000,0x000000076f480000)
  from space 512K, 25% used [0x0000000778400000,0x0000000778420000,0x0000000778480000)
  to   space 512K, 0% used [0x0000000778380000,0x0000000778380000,0x0000000778400000)
 ParOldGen       total 67072K, used 35845K [0x00000006c1200000, 0x00000006c5380000, 0x000000076b100000)
  object space 67072K, 53% used [0x00000006c1200000,0x00000006c3501650,0x00000006c5380000)
 Metaspace       used 8583K, capacity 8760K, committed 9088K, reserved 1056768K
  class space    used 1002K, capacity 1064K, committed 1152K, reserved 1048576K
Event: 228.068 GC heap after
Heap after GC invocations=2169 (full 20):
 PSYoungGen      total 68096K, used 128K [0x000000076b100000, 0x0000000778480000, 0x00000007c0000000)
  eden space 67584K, 0% used [0x000000076b100000,0x000000076b100000,0x000000076f300000)
  from space 512K, 25% used [0x0000000778380000,0x00000007783a0000,0x0000000778400000)
  to   space 512K, 0% used [0x0000000778400000,0x0000000778400000,0x0000000778480000)
 ParOldGen       total 67072K, used 38545K [0x00000006c1200000, 0x00000006c5380000, 0x000000076b100000)
  object space 67072K, 57% used [0x00000006c1200000,0x00000006c37a4680,0x00000006c5380000)
 Metaspace       used 8583K, capacity 8760K, committed 9088K, reserved 1056768K
  class space    used 1002K, capacity 1064K, committed 1152K, reserved 1048576K
}
Event: 228.207 GC heap before
{Heap before GC invocations=2170 (full 20):
 PSYoungGen      total 68096K, used 67199K [0x000000076b100000, 0x0000000778480000, 0x00000007c0000000)
  eden space 67584K, 99% used [0x000000076b100000,0x000000076f27fe70,0x000000076f300000)
  from space 512K, 25% used [0x0000000778380000,0x00000007783a0000,0x0000000778400000)
  to   space 512K, 0% used [0x0000000778400000,0x0000000778400000,0x0000000778480000)
 ParOldGen       total 67072K, used 38545K [0x00000006c1200000, 0x00000006c5380000, 0x000000076b100000)
  object space 67072K, 57% used [0x00000006c1200000,0x00000006c37a4680,0x00000006c5380000)
 Metaspace       used 8583K, capacity 8760K, committed 9088K, reserved 1056768K
  class space    used 1002K, capacity 1064K, committed 1152K, reserved 1048576K
Event: 228.207 GC heap after
Heap after GC invocations=2170 (full 20):
 PSYoungGen      total 66560K, used 128K [0x000000076b100000, 0x0000000778480000, 0x00000007c0000000)
  eden space 66048K, 0% used [0x000000076b100000,0x000000076b100000,0x000000076f180000)
  from space 512K, 25% used [0x0000000778400000,0x0000000778420000,0x0000000778480000)
  to   space 512K, 0% used [0x0000000778380000,0x0000000778380000,0x0000000778400000)
 ParOldGen       total 67072K, used 39445K [0x00000006c1200000, 0x00000006c5380000, 0x000000076b100000)
  object space 67072K, 58% used [0x00000006c1200000,0x00000006c3885690,0x00000006c5380000)
 Metaspace       used 8583K, capacity 8760K, committed 9088K, reserved 1056768K
  class space    used 1002K, capacity 1064K, committed 1152K, reserved 1048576K
}
Event: 228.346 GC heap before
{Heap before GC invocations=2171 (full 20):
 PSYoungGen      total 66560K, used 66176K [0x000000076b100000, 0x0000000778480000, 0x00000007c0000000)
  eden space 66048K, 100% used [0x000000076b100000,0x000000076f180000,0x000000076f180000)
  from space 512K, 25% used [0x0000000778400000,0x0000000778420000,0x0000000778480000)
  to   space 512K, 0% used [0x0000000778380000,0x0000000778380000,0x0000000778400000)
 ParOldGen       total 67072K, used 39445K [0x00000006c1200000, 0x00000006c5380000, 0x000000076b100000)
  object space 67072K, 58% used [0x00000006c1200000,0x00000006c3885690,0x00000006c5380000)
 Metaspace       used 8583K, capacity 8760K, committed 9088K, reserved 1056768K
  class space    used 1002K, capacity 1064K, committed 1152K, reserved 1048576K
Event: 228.346 GC heap after
Heap after GC invocations=2171 (full 20):
 PSYoungGen      total 65024K, used 128K [0x000000076b100000, 0x0000000778480000, 0x00000007c0000000)
  eden space 64512K, 0% used [0x000000076b100000,0x000000076b100000,0x000000076f000000)
  from space 512K, 25% used [0x0000000778380000,0x00000007783a0000,0x0000000778400000)
  to   space 512K, 0% used [0x0000000778400000,0x0000000778400000,0x0000000778480000)
 ParOldGen       total 67072K, used 42145K [0x00000006c1200000, 0x00000006c5380000, 0x000000076b100000)
  object space 67072K, 62% used [0x00000006c1200000,0x00000006c3b286c0,0x00000006c5380000)
 Metaspace       used 8583K, capacity 8760K, committed 9088K, reserved 1056768K
  class space    used 1002K, capacity 1064K, committed 1152K, reserved 1048576K
}

