# JRE version: Java(TM) SE Runtime Environment (8.0_111-b14) (build 1.8.0_111-b14)
# Java VM: Java HotSpot(TM) 64-Bit Server VM (25.111-b14 mixed mode windows-amd64 compressed oops)
Heap:
 PSYoungGen      total 33280K, used 28024K [0x000000076af80000, 0x000000076d880000, 0x00000007c0000000)
  eden space 32768K, 85% used [0x000000076af80000,0x000000076cab6120,0x000000076cf80000)
  from space 512K, 31% used [0x000000076d780000,0x000000076d7a8000,0x000000076d800000)
  to   space 512K, 0% used [0x000000076d800000,0x000000076d800000,0x000000076d880000)
 ParOldGen       total 175104K, used 155615K [0x00000006c0e00000, 0x00000006cb900000, 0x000000076af80000)
  object space 175104K, 88% used [0x00000006c0e00000,0x00000006ca5f7e18,0x00000006cb900000)
 Metaspace       used 8924K, capacity 9062K, committed 9344K, reserved 1056768K
  class space    used 1042K, capacity 1097K, committed 1152K, reserved 1048576K
GC Heap History (10 events):
Event: 205.776 GC heap before
{Heap before GC invocations=1861 (full 0):
 PSYoungGen      total 31744K, used 31456K [0x000000076af80000, 0x000000076d180000, 0x00000007c0000000)
  eden space 31232K, 100% used [0x000000076af80000,0x000000076ce00000,0x000000076ce00000)
  from space 512K, 43% used [0x000000076d100000,0x000000076d138000,0x000000076d180000)
  to   space 512K, 0% used [0x000000076d080000,0x000000076d080000,0x000000076d100000)
 ParOldGen       total 175104K, used 144815K [0x00000006c0e00000, 0x00000006cb900000, 0x000000076af80000)
  object space 175104K, 82% used [0x00000006c0e00000,0x00000006c9b6bd58,0x00000006cb900000)
 Metaspace       used 8919K, capacity 9062K, committed 9344K, reserved 1056768K
  class space    used 1041K, capacity 1097K, committed 1152K, reserved 1048576K
Event: 205.777 GC heap after
Heap after GC invocations=1861 (full 0):
 PSYoungGen      total 31744K, used 160K [0x000000076af80000, 0x000000076d180000, 0x00000007c0000000)
  eden space 31232K, 0% used [0x000000076af80000,0x000000076af80000,0x000000076ce00000)
  from space 512K, 31% used [0x000000076d080000,0x000000076d0a8000,0x000000076d100000)
  to   space 512K, 0% used [0x000000076d100000,0x000000076d100000,0x000000076d180000)
 ParOldGen       total 175104K, used 147515K [0x00000006c0e00000, 0x00000006cb900000, 0x000000076af80000)
  object space 175104K, 84% used [0x00000006c0e00000,0x00000006c9e0ed88,0x00000006cb900000)
 Metaspace       used 8919K, capacity 9062K, committed 9344K, reserved 1056768K
  class space    used 1041K, capacity 1097K, committed 1152K, reserved 1048576K
}
Event: 205.878 GC heap before
{Heap before GC invocations=1862 (full 0):
 PSYoungGen      total 31744K, used 31392K [0x000000076af80000, 0x000000076d180000, 0x00000007c0000000)
  eden space 31232K, 100% used [0x000000076af80000,0x000000076ce00000,0x000000076ce00000)
  from space 512K, 31% used [0x000000076d080000,0x000000076d0a8000,0x000000076d100000)
  to   space 512K, 0% used [0x000000076d100000,0x000000076d100000,0x000000076d180000)
 ParOldGen       total 175104K, used 147515K [0x00000006c0e00000, 0x00000006cb900000, 0x000000076af80000)
  object space 175104K, 84% used [0x00000006c0e00000,0x00000006c9e0ed88,0x00000006cb900000)
 Metaspace       used 8919K, capacity 9062K, committed 9344K, reserved 1056768K
  class space    used 1041K, capacity 1097K, committed 1152K, reserved 1048576K
Event: 205.880 GC heap after
Heap after GC invocations=1862 (full 0):
 PSYoungGen      total 34304K, used 160K [0x000000076af80000, 0x000000076d580000, 0x00000007c0000000)
  eden space 33792K, 0% used [0x000000076af80000,0x000000076af80000,0x000000076d080000)
  from space 512K, 31% used [0x000000076d100000,0x000000076d128000,0x000000076d180000)
  to   space 512K, 0% used [0x000000076d080000,0x000000076d080000,0x000000076d100000)
 ParOldGen       total 175104K, used 150215K [0x00000006c0e00000, 0x00000006cb900000, 0x000000076af80000)
  object space 175104K, 85% used [0x00000006c0e00000,0x00000006ca0b1db8,0x00000006cb900000)
 Metaspace       used 8919K, capacity 9062K, committed 9344K, reserved 1056768K
  class space    used 1041K, capacity 1097K, committed 1152K, reserved 1048576K
}
Event: 206.003 GC heap before
{Heap before GC invocations=1863 (full 0):
 PSYoungGen      total 34304K, used 33952K [0x000000076af80000, 0x000000076d580000, 0x00000007c0000000)
  eden space 33792K, 100% used [0x000000076af80000,0x000000076d080000,0x000000076d080000)
  from space 512K, 31% used [0x000000076d100000,0x000000076d128000,0x000000076d180000)
  to   space 512K, 0% used [0x000000076d080000,0x000000076d080000,0x000000076d100000)
 ParOldGen       total 175104K, used 150215K [0x00000006c0e00000, 0x00000006cb900000, 0x000000076af80000)
  object space 175104K, 85% used [0x00000006c0e00000,0x00000006ca0b1db8,0x00000006cb900000)
 Metaspace       used 8919K, capacity 9062K, committed 9344K, reserved 1056768K
  class space    used 1041K, capacity 1097K, committed 1152K, reserved 1048576K
Event: 206.004 GC heap after
Heap after GC invocations=1863 (full 0):
 PSYoungGen      total 34304K, used 160K [0x000000076af80000, 0x000000076d880000, 0x00000007c0000000)
  eden space 33792K, 0% used [0x000000076af80000,0x000000076af80000,0x000000076d080000)
  from space 512K, 31% used [0x000000076d080000,0x000000076d0a8000,0x000000076d100000)
  to   space 512K, 0% used [0x000000076d800000,0x000000076d800000,0x000000076d880000)
 ParOldGen       total 175104K, used 152915K [0x00000006c0e00000, 0x00000006cb900000, 0x000000076af80000)
  object space 175104K, 87% used [0x00000006c0e00000,0x00000006ca354de8,0x00000006cb900000)
 Metaspace       used 8919K, capacity 9062K, committed 9344K, reserved 1056768K
  class space    used 1041K, capacity 1097K, committed 1152K, reserved 1048576K
}
Event: 206.144 GC heap before
{Heap before GC invocations=1864 (full 0):
 PSYoungGen      total 34304K, used 33952K [0x000000076af80000, 0x000000076d880000, 0x00000007c0000000)
  eden space 33792K, 100% used [0x000000076af80000,0x000000076d080000,0x000000076d080000)
  from space 512K, 31% used [0x000000076d080000,0x000000076d0a8000,0x000000076d100000)
  to   space 512K, 0% used [0x000000076d800000,0x000000076d800000,0x000000076d880000)
 ParOldGen       total 175104K, used 152915K [0x00000006c0e00000, 0x00000006cb900000, 0x000000076af80000)
  object space 175104K, 87% used [0x00000006c0e00000,0x00000006ca354de8,0x00000006cb900000)
 Metaspace       used 8919K, capacity 9062K, committed 9344K, reserved 1056768K
  class space    used 1041K, capacity 1097K, committed 1152K, reserved 1048576K
Event: 206.145 GC heap after
Heap after GC invocations=1864 (full 0):
 PSYoungGen      total 33792K, used 224K [0x000000076af80000, 0x000000076d880000, 0x00000007c0000000)
  eden space 33280K, 0% used [0x000000076af80000,0x000000076af80000,0x000000076d000000)
  from space 512K, 43% used [0x000000076d800000,0x000000076d838000,0x000000076d880000)
  to   space 512K, 0% used [0x000000076d780000,0x000000076d780000,0x000000076d800000)
 ParOldGen       total 175104K, used 155615K [0x00000006c0e00000, 0x00000006cb900000, 0x000000076af80000)
  object space 175104K, 88% used [0x00000006c0e00000,0x00000006ca5f7e18,0x00000006cb900000)
 Metaspace       used 8919K, capacity 9062K, committed 9344K, reserved 1056768K
  class space    used 1041K, capacity 1097K, committed 1152K, reserved 1048576K
}
Event: 206.258 GC heap before
{Heap before GC invocations=1865 (full 0):
 PSYoungGen      total 33792K, used 33504K [0x000000076af80000, 0x000000076d880000, 0x00000007c0000000)
  eden space 33280K, 100% used [0x000000076af80000,0x000000076d000000,0x000000076d000000)
  from space 512K, 43% used [0x000000076d800000,0x000000076d838000,0x000000076d880000)
  to   space 512K, 0% used [0x000000076d780000,0x000000076d780000,0x000000076d800000)
 ParOldGen       total 175104K, used 155615K [0x00000006c0e00000, 0x00000006cb900000, 0x000000076af80000)
  object space 175104K, 88% used [0x00000006c0e00000,0x00000006ca5f7e18,0x00000006cb900000)
 Metaspace       used 8919K, capacity 9062K, committed 9344K, reserved 1056768K
  class space    used 1041K, capacity 1097K, committed 1152K, reserved 1048576K
Event: 206.259 GC heap after
Heap after GC invocations=1865 (full 0):
 PSYoungGen      total 33280K, used 160K [0x000000076af80000, 0x000000076d880000, 0x00000007c0000000)
  eden space 32768K, 0% used [0x000000076af80000,0x000000076af80000,0x000000076cf80000)
  from space 512K, 31% used [0x000000076d780000,0x000000076d7a8000,0x000000076d800000)
  to   space 512K, 0% used [0x000000076d800000,0x000000076d800000,0x000000076d880000)
 ParOldGen       total 175104K, used 155615K [0x00000006c0e00000, 0x00000006cb900000, 0x000000076af80000)
  object space 175104K, 88% used [0x00000006c0e00000,0x00000006ca5f7e18,0x00000006cb900000)
 Metaspace       used 8919K, capacity 9062K, committed 9344K, reserved 1056768K
  class space    used 1041K, capacity 1097K, committed 1152K, reserved 1048576K
}

