# JRE version: Java(TM) SE Runtime Environment (8.0_111-b14) (build 1.8.0_111-b14)
# Java VM: Java HotSpot(TM) 64-Bit Server VM (25.111-b14 mixed mode windows-amd64 compressed oops)
Heap:
 PSYoungGen      total 38400K, used 25088K [0x000000076b100000, 0x0000000782000000, 0x00000007c0000000)
  eden space 37888K, 65% used [0x000000076b100000,0x000000076c9383d8,0x000000076d600000)
  from space 512K, 56% used [0x0000000781f00000,0x0000000781f48000,0x0000000781f80000)
  to   space 512K, 0% used [0x0000000781f80000,0x0000000781f80000,0x0000000782000000)
 ParOldGen       total 175104K, used 30501K [0x00000006c1200000, 0x00000006cbd00000, 0x000000076b100000)
  object space 175104K, 17% used [0x00000006c1200000,0x00000006c2fc95c8,0x00000006cbd00000)
 Metaspace       used 8410K, capacity 8564K, committed 8832K, reserved 1056768K
  class space    used 1001K, capacity 1064K, committed 1152K, reserved 1048576K
GC Heap History (10 events):
Event: 19.702 GC heap before
{Heap before GC invocations=115 (full 0):
 PSYoungGen      total 31744K, used 31520K [0x000000076b100000, 0x0000000782000000, 0x00000007c0000000)
  eden space 31232K, 100% used [0x000000076b100000,0x000000076cf80000,0x000000076cf80000)
  from space 512K, 56% used [0x0000000781f80000,0x0000000781fc8000,0x0000000782000000)
  to   space 512K, 0% used [0x0000000781f00000,0x0000000781f00000,0x0000000781f80000)
 ParOldGen       total 175104K, used 30501K [0x00000006c1200000, 0x00000006cbd00000, 0x000000076b100000)
  object space 175104K, 17% used [0x00000006c1200000,0x00000006c2fc95c8,0x00000006cbd00000)
 Metaspace       used 8410K, capacity 8564K, committed 8832K, reserved 1056768K
  class space    used 1001K, capacity 1064K, committed 1152K, reserved 1048576K
Event: 19.703 GC heap after
Heap after GC invocations=115 (full 0):
 PSYoungGen      total 31744K, used 384K [0x000000076b100000, 0x0000000782000000, 0x00000007c0000000)
  eden space 31232K, 0% used [0x000000076b100000,0x000000076b100000,0x000000076cf80000)
  from space 512K, 75% used [0x0000000781f00000,0x0000000781f60000,0x0000000781f80000)
  to   space 512K, 0% used [0x0000000781f80000,0x0000000781f80000,0x0000000782000000)
 ParOldGen       total 175104K, used 30501K [0x00000006c1200000, 0x00000006cbd00000, 0x000000076b100000)
  object space 175104K, 17% used [0x00000006c1200000,0x00000006c2fc95c8,0x00000006cbd00000)
 Metaspace       used 8410K, capacity 8564K, committed 8832K, reserved 1056768K
  class space    used 1001K, capacity 1064K, committed 1152K, reserved 1048576K
}
Event: 19.763 GC heap before
{Heap before GC invocations=116 (full 0):
 PSYoungGen      total 31744K, used 31616K [0x000000076b100000, 0x0000000782000000, 0x00000007c0000000)
  eden space 31232K, 100% used [0x000000076b100000,0x000000076cf80000,0x000000076cf80000)
  from space 512K, 75% used [0x0000000781f00000,0x0000000781f60000,0x0000000781f80000)
  to   space 512K, 0% used [0x0000000781f80000,0x0000000781f80000,0x0000000782000000)
 ParOldGen       total 175104K, used 30501K [0x00000006c1200000, 0x00000006cbd00000, 0x000000076b100000)
  object space 175104K, 17% used [0x00000006c1200000,0x00000006c2fc95c8,0x00000006cbd00000)
 Metaspace       used 8410K, capacity 8564K, committed 8832K, reserved 1056768K
  class space    used 1001K, capacity 1064K, committed 1152K, reserved 1048576K
Event: 19.763 GC heap after
Heap after GC invocations=116 (full 0):
 PSYoungGen      total 31744K, used 224K [0x000000076b100000, 0x0000000782000000, 0x00000007c0000000)
  eden space 31232K, 0% used [0x000000076b100000,0x000000076b100000,0x000000076cf80000)
  from space 512K, 43% used [0x0000000781f80000,0x0000000781fb8000,0x0000000782000000)
  to   space 512K, 0% used [0x0000000781f00000,0x0000000781f00000,0x0000000781f80000)
 ParOldGen       total 175104K, used 30501K [0x00000006c1200000, 0x00000006cbd00000, 0x000000076b100000)
  object space 175104K, 17% used [0x00000006c1200000,0x00000006c2fc95c8,0x00000006cbd00000)
 Metaspace       used 8410K, capacity 8564K, committed 8832K, reserved 1056768K
  class space    used 1001K, capacity 1064K, committed 1152K, reserved 1048576K
}
Event: 19.825 GC heap before
{Heap before GC invocations=117 (full 0):
 PSYoungGen      total 31744K, used 31456K [0x000000076b100000, 0x0000000782000000, 0x00000007c0000000)
  eden space 31232K, 100% used [0x000000076b100000,0x000000076cf80000,0x000000076cf80000)
  from space 512K, 43% used [0x0000000781f80000,0x0000000781fb8000,0x0000000782000000)
  to   space 512K, 0% used [0x0000000781f00000,0x0000000781f00000,0x0000000781f80000)
 ParOldGen       total 175104K, used 30501K [0x00000006c1200000, 0x00000006cbd00000, 0x000000076b100000)
  object space 175104K, 17% used [0x00000006c1200000,0x00000006c2fc95c8,0x00000006cbd00000)
 Metaspace       used 8410K, capacity 8564K, committed 8832K, reserved 1056768K
  class space    used 1001K, capacity 1064K, committed 1152K, reserved 1048576K
Event: 19.825 GC heap after
Heap after GC invocations=117 (full 0):
 PSYoungGen      total 31744K, used 320K [0x000000076b100000, 0x0000000782000000, 0x00000007c0000000)
  eden space 31232K, 0% used [0x000000076b100000,0x000000076b100000,0x000000076cf80000)
  from space 512K, 62% used [0x0000000781f00000,0x0000000781f50000,0x0000000781f80000)
  to   space 512K, 0% used [0x0000000781f80000,0x0000000781f80000,0x0000000782000000)
 ParOldGen       total 175104K, used 30501K [0x00000006c1200000, 0x00000006cbd00000, 0x000000076b100000)
  object space 175104K, 17% used [0x00000006c1200000,0x00000006c2fc95c8,0x00000006cbd00000)
 Metaspace       used 8410K, capacity 8564K, committed 8832K, reserved 1056768K
  class space    used 1001K, capacity 1064K, committed 1152K, reserved 1048576K
}
Event: 19.885 GC heap before
{Heap before GC invocations=118 (full 0):
 PSYoungGen      total 31744K, used 31552K [0x000000076b100000, 0x0000000782000000, 0x00000007c0000000)
  eden space 31232K, 100% used [0x000000076b100000,0x000000076cf80000,0x000000076cf80000)
  from space 512K, 62% used [0x0000000781f00000,0x0000000781f50000,0x0000000781f80000)
  to   space 512K, 0% used [0x0000000781f80000,0x0000000781f80000,0x0000000782000000)
 ParOldGen       total 175104K, used 30501K [0x00000006c1200000, 0x00000006cbd00000, 0x000000076b100000)
  object space 175104K, 17% used [0x00000006c1200000,0x00000006c2fc95c8,0x00000006cbd00000)
 Metaspace       used 8410K, capacity 8564K, committed 8832K, reserved 1056768K
  class space    used 1001K, capacity 1064K, committed 1152K, reserved 1048576K
Event: 19.886 GC heap after
Heap after GC invocations=118 (full 0):
 PSYoungGen      total 31744K, used 160K [0x000000076b100000, 0x0000000782000000, 0x00000007c0000000)
  eden space 31232K, 0% used [0x000000076b100000,0x000000076b100000,0x000000076cf80000)
  from space 512K, 31% used [0x0000000781f80000,0x0000000781fa8000,0x0000000782000000)
  to   space 512K, 0% used [0x0000000781f00000,0x0000000781f00000,0x0000000781f80000)
 ParOldGen       total 175104K, used 30501K [0x00000006c1200000, 0x00000006cbd00000, 0x000000076b100000)
  object space 175104K, 17% used [0x00000006c1200000,0x00000006c2fc95c8,0x00000006cbd00000)
 Metaspace       used 8410K, capacity 8564K, committed 8832K, reserved 1056768K
  class space    used 1001K, capacity 1064K, committed 1152K, reserved 1048576K
}
Event: 19.965 GC heap before
{Heap before GC invocations=119 (full 0):
 PSYoungGen      total 31744K, used 31392K [0x000000076b100000, 0x0000000782000000, 0x00000007c0000000)
  eden space 31232K, 100% used [0x000000076b100000,0x000000076cf80000,0x000000076cf80000)
  from space 512K, 31% used [0x0000000781f80000,0x0000000781fa8000,0x0000000782000000)
  to   space 512K, 0% used [0x0000000781f00000,0x0000000781f00000,0x0000000781f80000)
 ParOldGen       total 175104K, used 30501K [0x00000006c1200000, 0x00000006cbd00000, 0x000000076b100000)
  object space 175104K, 17% used [0x00000006c1200000,0x00000006c2fc95c8,0x00000006cbd00000)
 Metaspace       used 8410K, capacity 8564K, committed 8832K, reserved 1056768K
  class space    used 1001K, capacity 1064K, committed 1152K, reserved 1048576K
Event: 19.967 GC heap after
Heap after GC invocations=119 (full 0):
 PSYoungGen      total 38400K, used 288K [0x000000076b100000, 0x0000000782000000, 0x00000007c0000000)
  eden space 37888K, 0% used [0x000000076b100000,0x000000076b100000,0x000000076d600000)
  from space 512K, 56% used [0x0000000781f00000,0x0000000781f48000,0x0000000781f80000)
  to   space 512K, 0% used [0x0000000781f80000,0x0000000781f80000,0x0000000782000000)
 ParOldGen       total 175104K, used 30501K [0x00000006c1200000, 0x00000006cbd00000, 0x000000076b100000)
  object space 175104K, 17% used [0x00000006c1200000,0x00000006c2fc95c8,0x00000006cbd00000)
 Metaspace       used 8410K, capacity 8564K, committed 8832K, reserved 1056768K
  class space    used 1001K, capacity 1064K, committed 1152K, reserved 1048576K
}

