# JRE version: Java(TM) SE Runtime Environment (8.0_111-b14) (build 1.8.0_111-b14)
# Java VM: Java HotSpot(TM) 64-Bit Server VM (25.111-b14 mixed mode windows-amd64 compressed oops)
Heap:
 PSYoungGen      total 41984K, used 6975K [0x000000076af80000, 0x000000076df80000, 0x00000007c0000000)
  eden space 36864K, 5% used [0x000000076af80000,0x000000076b1a2c60,0x000000076d380000)
  from space 5120K, 93% used [0x000000076d400000,0x000000076d8ad050,0x000000076d900000)
  to   space 6144K, 0% used [0x000000076d980000,0x000000076d980000,0x000000076df80000)
 ParOldGen       total 175104K, used 39181K [0x00000006c0e00000, 0x00000006cb900000, 0x000000076af80000)
  object space 175104K, 22% used [0x00000006c0e00000,0x00000006c3443618,0x00000006cb900000)
 Metaspace       used 8701K, capacity 8870K, committed 9088K, reserved 1056768K
  class space    used 1029K, capacity 1097K, committed 1152K, reserved 1048576K
GC Heap History (10 events):
Event: 14.387 GC heap before
{Heap before GC invocations=109 (full 0):
 PSYoungGen      total 44544K, used 42348K [0x000000076af80000, 0x000000076e000000, 0x00000007c0000000)
  eden space 39424K, 100% used [0x000000076af80000,0x000000076d600000,0x000000076d600000)
  from space 5120K, 57% used [0x000000076db00000,0x000000076dddb030,0x000000076e000000)
  to   space 5120K, 0% used [0x000000076d600000,0x000000076d600000,0x000000076db00000)
 ParOldGen       total 175104K, used 35581K [0x00000006c0e00000, 0x00000006cb900000, 0x000000076af80000)
  object space 175104K, 20% used [0x00000006c0e00000,0x00000006c30bf5d8,0x00000006cb900000)
 Metaspace       used 8696K, capacity 8870K, committed 9088K, reserved 1056768K
  class space    used 1028K, capacity 1097K, committed 1152K, reserved 1048576K
Event: 14.388 GC heap after
Heap after GC invocations=109 (full 0):
 PSYoungGen      total 41984K, used 2828K [0x000000076af80000, 0x000000076df80000, 0x00000007c0000000)
  eden space 38912K, 0% used [0x000000076af80000,0x000000076af80000,0x000000076d580000)
  from space 3072K, 92% used [0x000000076d600000,0x000000076d8c3030,0x000000076d900000)
  to   space 5120K, 0% used [0x000000076da80000,0x000000076da80000,0x000000076df80000)
 ParOldGen       total 175104K, used 35581K [0x00000006c0e00000, 0x00000006cb900000, 0x000000076af80000)
  object space 175104K, 20% used [0x00000006c0e00000,0x00000006c30bf5d8,0x00000006cb900000)
 Metaspace       used 8696K, capacity 8870K, committed 9088K, reserved 1056768K
  class space    used 1028K, capacity 1097K, committed 1152K, reserved 1048576K
}
Event: 14.572 GC heap before
{Heap before GC invocations=110 (full 0):
 PSYoungGen      total 41984K, used 41740K [0x000000076af80000, 0x000000076df80000, 0x00000007c0000000)
  eden space 38912K, 100% used [0x000000076af80000,0x000000076d580000,0x000000076d580000)
  from space 3072K, 92% used [0x000000076d600000,0x000000076d8c3030,0x000000076d900000)
  to   space 5120K, 0% used [0x000000076da80000,0x000000076da80000,0x000000076df80000)
 ParOldGen       total 175104K, used 35581K [0x00000006c0e00000, 0x00000006cb900000, 0x000000076af80000)
  object space 175104K, 20% used [0x00000006c0e00000,0x00000006c30bf5d8,0x00000006cb900000)
 Metaspace       used 8696K, capacity 8870K, committed 9088K, reserved 1056768K
  class space    used 1028K, capacity 1097K, committed 1152K, reserved 1048576K
Event: 14.573 GC heap after
Heap after GC invocations=110 (full 0):
 PSYoungGen      total 43008K, used 2892K [0x000000076af80000, 0x000000076df00000, 0x00000007c0000000)
  eden space 38400K, 0% used [0x000000076af80000,0x000000076af80000,0x000000076d500000)
  from space 4608K, 62% used [0x000000076da80000,0x000000076dd53030,0x000000076df00000)
  to   space 5120K, 0% used [0x000000076d500000,0x000000076d500000,0x000000076da00000)
 ParOldGen       total 175104K, used 35581K [0x00000006c0e00000, 0x00000006cb900000, 0x000000076af80000)
  object space 175104K, 20% used [0x00000006c0e00000,0x00000006c30bf5d8,0x00000006cb900000)
 Metaspace       used 8696K, capacity 8870K, committed 9088K, reserved 1056768K
  class space    used 1028K, capacity 1097K, committed 1152K, reserved 1048576K
}
Event: 14.684 GC heap before
{Heap before GC invocations=111 (full 0):
 PSYoungGen      total 43008K, used 41292K [0x000000076af80000, 0x000000076df00000, 0x00000007c0000000)
  eden space 38400K, 100% used [0x000000076af80000,0x000000076d500000,0x000000076d500000)
  from space 4608K, 62% used [0x000000076da80000,0x000000076dd53030,0x000000076df00000)
  to   space 5120K, 0% used [0x000000076d500000,0x000000076d500000,0x000000076da00000)
 ParOldGen       total 175104K, used 35581K [0x00000006c0e00000, 0x00000006cb900000, 0x000000076af80000)
  object space 175104K, 20% used [0x00000006c0e00000,0x00000006c30bf5d8,0x00000006cb900000)
 Metaspace       used 8696K, capacity 8870K, committed 9088K, reserved 1056768K
  class space    used 1028K, capacity 1097K, committed 1152K, reserved 1048576K
Event: 14.685 GC heap after
Heap after GC invocations=111 (full 0):
 PSYoungGen      total 38400K, used 160K [0x000000076af80000, 0x000000076de80000, 0x00000007c0000000)
  eden space 37888K, 0% used [0x000000076af80000,0x000000076af80000,0x000000076d480000)
  from space 512K, 31% used [0x000000076d500000,0x000000076d528000,0x000000076d580000)
  to   space 5120K, 0% used [0x000000076d980000,0x000000076d980000,0x000000076de80000)
 ParOldGen       total 175104K, used 35581K [0x00000006c0e00000, 0x00000006cb900000, 0x000000076af80000)
  object space 175104K, 20% used [0x00000006c0e00000,0x00000006c30bf5d8,0x00000006cb900000)
 Metaspace       used 8696K, capacity 8870K, committed 9088K, reserved 1056768K
  class space    used 1028K, capacity 1097K, committed 1152K, reserved 1048576K
}
Event: 14.828 GC heap before
{Heap before GC invocations=112 (full 0):
 PSYoungGen      total 38400K, used 37528K [0x000000076af80000, 0x000000076de80000, 0x00000007c0000000)
  eden space 37888K, 98% used [0x000000076af80000,0x000000076d3fe090,0x000000076d480000)
  from space 512K, 31% used [0x000000076d500000,0x000000076d528000,0x000000076d580000)
  to   space 5120K, 0% used [0x000000076d980000,0x000000076d980000,0x000000076de80000)
 ParOldGen       total 175104K, used 35581K [0x00000006c0e00000, 0x00000006cb900000, 0x000000076af80000)
  object space 175104K, 20% used [0x00000006c0e00000,0x00000006c30bf5d8,0x00000006cb900000)
 Metaspace       used 8696K, capacity 8870K, committed 9088K, reserved 1056768K
  class space    used 1028K, capacity 1097K, committed 1152K, reserved 1048576K
Event: 14.828 GC heap after
Heap after GC invocations=112 (full 0):
 PSYoungGen      total 41984K, used 256K [0x000000076af80000, 0x000000076de00000, 0x00000007c0000000)
  eden space 37376K, 0% used [0x000000076af80000,0x000000076af80000,0x000000076d400000)
  from space 4608K, 5% used [0x000000076d980000,0x000000076d9c0000,0x000000076de00000)
  to   space 5120K, 0% used [0x000000076d400000,0x000000076d400000,0x000000076d900000)
 ParOldGen       total 175104K, used 35581K [0x00000006c0e00000, 0x00000006cb900000, 0x000000076af80000)
  object space 175104K, 20% used [0x00000006c0e00000,0x00000006c30bf5d8,0x00000006cb900000)
 Metaspace       used 8696K, capacity 8870K, committed 9088K, reserved 1056768K
  class space    used 1028K, capacity 1097K, committed 1152K, reserved 1048576K
}
Event: 14.934 GC heap before
{Heap before GC invocations=113 (full 0):
 PSYoungGen      total 41984K, used 37632K [0x000000076af80000, 0x000000076de00000, 0x00000007c0000000)
  eden space 37376K, 100% used [0x000000076af80000,0x000000076d400000,0x000000076d400000)
  from space 4608K, 5% used [0x000000076d980000,0x000000076d9c0000,0x000000076de00000)
  to   space 5120K, 0% used [0x000000076d400000,0x000000076d400000,0x000000076d900000)
 ParOldGen       total 175104K, used 35581K [0x00000006c0e00000, 0x00000006cb900000, 0x000000076af80000)
  object space 175104K, 20% used [0x00000006c0e00000,0x00000006c30bf5d8,0x00000006cb900000)
 Metaspace       used 8701K, capacity 8870K, committed 9088K, reserved 1056768K
  class space    used 1029K, capacity 1097K, committed 1152K, reserved 1048576K
Event: 14.936 GC heap after
Heap after GC invocations=113 (full 0):
 PSYoungGen      total 41984K, used 4788K [0x000000076af80000, 0x000000076df80000, 0x00000007c0000000)
  eden space 36864K, 0% used [0x000000076af80000,0x000000076af80000,0x000000076d380000)
  from space 5120K, 93% used [0x000000076d400000,0x000000076d8ad050,0x000000076d900000)
  to   space 6144K, 0% used [0x000000076d980000,0x000000076d980000,0x000000076df80000)
 ParOldGen       total 175104K, used 39181K [0x00000006c0e00000, 0x00000006cb900000, 0x000000076af80000)
  object space 175104K, 22% used [0x00000006c0e00000,0x00000006c3443618,0x00000006cb900000)
 Metaspace       used 8701K, capacity 8870K, committed 9088K, reserved 1056768K
  class space    used 1029K, capacity 1097K, committed 1152K, reserved 1048576K
}

