# JRE version: Java(TM) SE Runtime Environment (8.0_111-b14) (build 1.8.0_111-b14)
# Java VM: Java HotSpot(TM) 64-Bit Server VM (25.111-b14 mixed mode windows-amd64 compressed oops)
Heap:
 PSYoungGen      total 45056K, used 42482K [0x000000076af80000, 0x000000076f080000, 0x00000007c0000000)
  eden space 44544K, 95% used [0x000000076af80000,0x000000076d8dc818,0x000000076db00000)
  from space 512K, 25% used [0x000000076ef80000,0x000000076efa0000,0x000000076f000000)
  to   space 512K, 0% used [0x000000076f000000,0x000000076f000000,0x000000076f080000)
 ParOldGen       total 175104K, used 111766K [0x00000006c0e00000, 0x00000006cb900000, 0x000000076af80000)
  object space 175104K, 63% used [0x00000006c0e00000,0x00000006c7b25af8,0x00000006cb900000)
 Metaspace       used 8636K, capacity 8798K, committed 9088K, reserved 1056768K
  class space    used 1030K, capacity 1097K, committed 1152K, reserved 1048576K
GC Heap History (10 events):
Event: 38.133 GC heap before
{Heap before GC invocations=467 (full 0):
 PSYoungGen      total 47616K, used 47168K [0x000000076af80000, 0x000000076f080000, 0x00000007c0000000)
  eden space 47104K, 100% used [0x000000076af80000,0x000000076dd80000,0x000000076dd80000)
  from space 512K, 12% used [0x000000076f000000,0x000000076f010000,0x000000076f080000)
  to   space 512K, 0% used [0x000000076ef80000,0x000000076ef80000,0x000000076f000000)
 ParOldGen       total 175104K, used 106310K [0x00000006c0e00000, 0x00000006cb900000, 0x000000076af80000)
  object space 175104K, 60% used [0x00000006c0e00000,0x00000006c75d1a98,0x00000006cb900000)
 Metaspace       used 8631K, capacity 8798K, committed 9088K, reserved 1056768K
  class space    used 1029K, capacity 1097K, committed 1152K, reserved 1048576K
Event: 38.134 GC heap after
Heap after GC invocations=467 (full 0):
 PSYoungGen      total 47104K, used 256K [0x000000076af80000, 0x000000076f080000, 0x00000007c0000000)
  eden space 46592K, 0% used [0x000000076af80000,0x000000076af80000,0x000000076dd00000)
  from space 512K, 50% used [0x000000076ef80000,0x000000076efc0000,0x000000076f000000)
  to   space 512K, 0% used [0x000000076f000000,0x000000076f000000,0x000000076f080000)
 ParOldGen       total 175104K, used 106342K [0x00000006c0e00000, 0x00000006cb900000, 0x000000076af80000)
  object space 175104K, 60% used [0x00000006c0e00000,0x00000006c75d9a98,0x00000006cb900000)
 Metaspace       used 8631K, capacity 8798K, committed 9088K, reserved 1056768K
  class space    used 1029K, capacity 1097K, committed 1152K, reserved 1048576K
}
Event: 38.214 GC heap before
{Heap before GC invocations=468 (full 0):
 PSYoungGen      total 47104K, used 46848K [0x000000076af80000, 0x000000076f080000, 0x00000007c0000000)
  eden space 46592K, 100% used [0x000000076af80000,0x000000076dd00000,0x000000076dd00000)
  from space 512K, 50% used [0x000000076ef80000,0x000000076efc0000,0x000000076f000000)
  to   space 512K, 0% used [0x000000076f000000,0x000000076f000000,0x000000076f080000)
 ParOldGen       total 175104K, used 106342K [0x00000006c0e00000, 0x00000006cb900000, 0x000000076af80000)
  object space 175104K, 60% used [0x00000006c0e00000,0x00000006c75d9a98,0x00000006cb900000)
 Metaspace       used 8631K, capacity 8798K, committed 9088K, reserved 1056768K
  class space    used 1029K, capacity 1097K, committed 1152K, reserved 1048576K
Event: 38.214 GC heap after
Heap after GC invocations=468 (full 0):
 PSYoungGen      total 46592K, used 224K [0x000000076af80000, 0x000000076f080000, 0x00000007c0000000)
  eden space 46080K, 0% used [0x000000076af80000,0x000000076af80000,0x000000076dc80000)
  from space 512K, 43% used [0x000000076f000000,0x000000076f038000,0x000000076f080000)
  to   space 512K, 0% used [0x000000076ef80000,0x000000076ef80000,0x000000076f000000)
 ParOldGen       total 175104K, used 106342K [0x00000006c0e00000, 0x00000006cb900000, 0x000000076af80000)
  object space 175104K, 60% used [0x00000006c0e00000,0x00000006c75d9a98,0x00000006cb900000)
 Metaspace       used 8631K, capacity 8798K, committed 9088K, reserved 1056768K
  class space    used 1029K, capacity 1097K, committed 1152K, reserved 1048576K
}
Event: 38.308 GC heap before
{Heap before GC invocations=469 (full 0):
 PSYoungGen      total 46592K, used 46304K [0x000000076af80000, 0x000000076f080000, 0x00000007c0000000)
  eden space 46080K, 100% used [0x000000076af80000,0x000000076dc80000,0x000000076dc80000)
  from space 512K, 43% used [0x000000076f000000,0x000000076f038000,0x000000076f080000)
  to   space 512K, 0% used [0x000000076ef80000,0x000000076ef80000,0x000000076f000000)
 ParOldGen       total 175104K, used 106342K [0x00000006c0e00000, 0x00000006cb900000, 0x000000076af80000)
  object space 175104K, 60% used [0x00000006c0e00000,0x00000006c75d9a98,0x00000006cb900000)
 Metaspace       used 8631K, capacity 8798K, committed 9088K, reserved 1056768K
  class space    used 1029K, capacity 1097K, committed 1152K, reserved 1048576K
Event: 38.309 GC heap after
Heap after GC invocations=469 (full 0):
 PSYoungGen      total 46080K, used 224K [0x000000076af80000, 0x000000076f080000, 0x00000007c0000000)
  eden space 45568K, 0% used [0x000000076af80000,0x000000076af80000,0x000000076dc00000)
  from space 512K, 43% used [0x000000076ef80000,0x000000076efb8000,0x000000076f000000)
  to   space 512K, 0% used [0x000000076f000000,0x000000076f000000,0x000000076f080000)
 ParOldGen       total 175104K, used 109042K [0x00000006c0e00000, 0x00000006cb900000, 0x000000076af80000)
  object space 175104K, 62% used [0x00000006c0e00000,0x00000006c787cac8,0x00000006cb900000)
 Metaspace       used 8631K, capacity 8798K, committed 9088K, reserved 1056768K
  class space    used 1029K, capacity 1097K, committed 1152K, reserved 1048576K
}
Event: 38.647 GC heap before
{Heap before GC invocations=470 (full 0):
 PSYoungGen      total 46080K, used 45612K [0x000000076af80000, 0x000000076f080000, 0x00000007c0000000)
  eden space 45568K, 99% used [0x000000076af80000,0x000000076dbd3010,0x000000076dc00000)
  from space 512K, 43% used [0x000000076ef80000,0x000000076efb8000,0x000000076f000000)
  to   space 512K, 0% used [0x000000076f000000,0x000000076f000000,0x000000076f080000)
 ParOldGen       total 175104K, used 109042K [0x00000006c0e00000, 0x00000006cb900000, 0x000000076af80000)
  object space 175104K, 62% used [0x00000006c0e00000,0x00000006c787cac8,0x00000006cb900000)
 Metaspace       used 8632K, capacity 8798K, committed 9088K, reserved 1056768K
  class space    used 1029K, capacity 1097K, committed 1152K, reserved 1048576K
Event: 38.649 GC heap after
Heap after GC invocations=470 (full 0):
 PSYoungGen      total 45568K, used 224K [0x000000076af80000, 0x000000076f080000, 0x00000007c0000000)
  eden space 45056K, 0% used [0x000000076af80000,0x000000076af80000,0x000000076db80000)
  from space 512K, 43% used [0x000000076f000000,0x000000076f038000,0x000000076f080000)
  to   space 512K, 0% used [0x000000076ef80000,0x000000076ef80000,0x000000076f000000)
 ParOldGen       total 175104K, used 109066K [0x00000006c0e00000, 0x00000006cb900000, 0x000000076af80000)
  object space 175104K, 62% used [0x00000006c0e00000,0x00000006c7882ac8,0x00000006cb900000)
 Metaspace       used 8632K, capacity 8798K, committed 9088K, reserved 1056768K
  class space    used 1029K, capacity 1097K, committed 1152K, reserved 1048576K
}
Event: 38.907 GC heap before
{Heap before GC invocations=471 (full 0):
 PSYoungGen      total 45568K, used 45280K [0x000000076af80000, 0x000000076f080000, 0x00000007c0000000)
  eden space 45056K, 100% used [0x000000076af80000,0x000000076db80000,0x000000076db80000)
  from space 512K, 43% used [0x000000076f000000,0x000000076f038000,0x000000076f080000)
  to   space 512K, 0% used [0x000000076ef80000,0x000000076ef80000,0x000000076f000000)
 ParOldGen       total 175104K, used 109066K [0x00000006c0e00000, 0x00000006cb900000, 0x000000076af80000)
  object space 175104K, 62% used [0x00000006c0e00000,0x00000006c7882ac8,0x00000006cb900000)
 Metaspace       used 8632K, capacity 8798K, committed 9088K, reserved 1056768K
  class space    used 1029K, capacity 1097K, committed 1152K, reserved 1048576K
Event: 38.909 GC heap after
Heap after GC invocations=471 (full 0):
 PSYoungGen      total 45056K, used 128K [0x000000076af80000, 0x000000076f080000, 0x00000007c0000000)
  eden space 44544K, 0% used [0x000000076af80000,0x000000076af80000,0x000000076db00000)
  from space 512K, 25% used [0x000000076ef80000,0x000000076efa0000,0x000000076f000000)
  to   space 512K, 0% used [0x000000076f000000,0x000000076f000000,0x000000076f080000)
 ParOldGen       total 175104K, used 111766K [0x00000006c0e00000, 0x00000006cb900000, 0x000000076af80000)
  object space 175104K, 63% used [0x00000006c0e00000,0x00000006c7b25af8,0x00000006cb900000)
 Metaspace       used 8632K, capacity 8798K, committed 9088K, reserved 1056768K
  class space    used 1029K, capacity 1097K, committed 1152K, reserved 1048576K
}

