# JRE version: Java(TM) SE Runtime Environment (8.0_111-b14) (build 1.8.0_111-b14)
# Java VM: Java HotSpot(TM) 64-Bit Server VM (25.111-b14 mixed mode windows-amd64 compressed oops)
Heap:
 PSYoungGen      total 59904K, used 13752K [0x000000076af80000, 0x000000076f200000, 0x00000007c0000000)
  eden space 56832K, 19% used [0x000000076af80000,0x000000076ba132b8,0x000000076e700000)
  from space 3072K, 95% used [0x000000076e800000,0x000000076eadb030,0x000000076eb00000)
  to   space 5632K, 0% used [0x000000076ec80000,0x000000076ec80000,0x000000076f200000)
 ParOldGen       total 175104K, used 3592K [0x00000006c0e00000, 0x00000006cb900000, 0x000000076af80000)
  object space 175104K, 2% used [0x00000006c0e00000,0x00000006c11823a8,0x00000006cb900000)
 Metaspace       used 8888K, capacity 9126K, committed 9344K, reserved 1056768K
  class space    used 1030K, capacity 1097K, committed 1152K, reserved 1048576K
GC Heap History (10 events):
Event: 7.519 GC heap before
{Heap before GC invocations=73 (full 0):
 PSYoungGen      total 55296K, used 53029K [0x000000076af80000, 0x000000076ea80000, 0x00000007c0000000)
  eden space 50176K, 99% used [0x000000076af80000,0x000000076e07e490,0x000000076e080000)
  from space 5120K, 55% used [0x000000076e580000,0x000000076e84b030,0x000000076ea80000)
  to   space 5120K, 0% used [0x000000076e080000,0x000000076e080000,0x000000076e580000)
 ParOldGen       total 175104K, used 3520K [0x00000006c0e00000, 0x00000006cb900000, 0x000000076af80000)
  object space 175104K, 2% used [0x00000006c0e00000,0x00000006c11703a8,0x00000006cb900000)
 Metaspace       used 8781K, capacity 8998K, committed 9088K, reserved 1056768K
  class space    used 1029K, capacity 1097K, committed 1152K, reserved 1048576K
Event: 7.520 GC heap after
Heap after GC invocations=73 (full 0):
 PSYoungGen      total 55296K, used 160K [0x000000076af80000, 0x000000076f480000, 0x00000007c0000000)
  eden space 50176K, 0% used [0x000000076af80000,0x000000076af80000,0x000000076e080000)
  from space 5120K, 3% used [0x000000076e080000,0x000000076e0a8000,0x000000076e580000)
  to   space 5120K, 0% used [0x000000076ef80000,0x000000076ef80000,0x000000076f480000)
 ParOldGen       total 175104K, used 3520K [0x00000006c0e00000, 0x00000006cb900000, 0x000000076af80000)
  object space 175104K, 2% used [0x00000006c0e00000,0x00000006c11703a8,0x00000006cb900000)
 Metaspace       used 8781K, capacity 8998K, committed 9088K, reserved 1056768K
  class space    used 1029K, capacity 1097K, committed 1152K, reserved 1048576K
}
Event: 7.592 GC heap before
{Heap before GC invocations=74 (full 0):
 PSYoungGen      total 55296K, used 50336K [0x000000076af80000, 0x000000076f480000, 0x00000007c0000000)
  eden space 50176K, 100% used [0x000000076af80000,0x000000076e080000,0x000000076e080000)
  from space 5120K, 3% used [0x000000076e080000,0x000000076e0a8000,0x000000076e580000)
  to   space 5120K, 0% used [0x000000076ef80000,0x000000076ef80000,0x000000076f480000)
 ParOldGen       total 175104K, used 3520K [0x00000006c0e00000, 0x00000006cb900000, 0x000000076af80000)
  object space 175104K, 2% used [0x00000006c0e00000,0x00000006c11703a8,0x00000006cb900000)
 Metaspace       used 8781K, capacity 8998K, committed 9088K, reserved 1056768K
  class space    used 1029K, capacity 1097K, committed 1152K, reserved 1048576K
Event: 7.593 GC heap after
Heap after GC invocations=74 (full 0):
 PSYoungGen      total 65024K, used 2924K [0x000000076af80000, 0x000000076f580000, 0x00000007c0000000)
  eden space 59904K, 0% used [0x000000076af80000,0x000000076af80000,0x000000076ea00000)
  from space 5120K, 57% used [0x000000076ef80000,0x000000076f25b030,0x000000076f480000)
  to   space 5632K, 0% used [0x000000076ea00000,0x000000076ea00000,0x000000076ef80000)
 ParOldGen       total 175104K, used 3520K [0x00000006c0e00000, 0x00000006cb900000, 0x000000076af80000)
  object space 175104K, 2% used [0x00000006c0e00000,0x00000006c11703a8,0x00000006cb900000)
 Metaspace       used 8781K, capacity 8998K, committed 9088K, reserved 1056768K
  class space    used 1029K, capacity 1097K, committed 1152K, reserved 1048576K
}
Event: 8.119 GC heap before
{Heap before GC invocations=75 (full 0):
 PSYoungGen      total 65024K, used 61984K [0x000000076af80000, 0x000000076f580000, 0x00000007c0000000)
  eden space 59904K, 98% used [0x000000076af80000,0x000000076e92d038,0x000000076ea00000)
  from space 5120K, 57% used [0x000000076ef80000,0x000000076f25b030,0x000000076f480000)
  to   space 5632K, 0% used [0x000000076ea00000,0x000000076ea00000,0x000000076ef80000)
 ParOldGen       total 175104K, used 3520K [0x00000006c0e00000, 0x00000006cb900000, 0x000000076af80000)
  object space 175104K, 2% used [0x00000006c0e00000,0x00000006c11703a8,0x00000006cb900000)
 Metaspace       used 8872K, capacity 9062K, committed 9344K, reserved 1056768K
  class space    used 1029K, capacity 1097K, committed 1152K, reserved 1048576K
Event: 8.120 GC heap after
Heap after GC invocations=75 (full 0):
 PSYoungGen      total 59392K, used 224K [0x000000076af80000, 0x000000076f400000, 0x00000007c0000000)
  eden space 58880K, 0% used [0x000000076af80000,0x000000076af80000,0x000000076e900000)
  from space 512K, 43% used [0x000000076ea00000,0x000000076ea38000,0x000000076ea80000)
  to   space 5632K, 0% used [0x000000076ee80000,0x000000076ee80000,0x000000076f400000)
 ParOldGen       total 175104K, used 3528K [0x00000006c0e00000, 0x00000006cb900000, 0x000000076af80000)
  object space 175104K, 2% used [0x00000006c0e00000,0x00000006c11723a8,0x00000006cb900000)
 Metaspace       used 8872K, capacity 9062K, committed 9344K, reserved 1056768K
  class space    used 1029K, capacity 1097K, committed 1152K, reserved 1048576K
}
Event: 8.740 GC heap before
{Heap before GC invocations=76 (full 0):
 PSYoungGen      total 59392K, used 59104K [0x000000076af80000, 0x000000076f400000, 0x00000007c0000000)
  eden space 58880K, 100% used [0x000000076af80000,0x000000076e900000,0x000000076e900000)
  from space 512K, 43% used [0x000000076ea00000,0x000000076ea38000,0x000000076ea80000)
  to   space 5632K, 0% used [0x000000076ee80000,0x000000076ee80000,0x000000076f400000)
 ParOldGen       total 175104K, used 3528K [0x00000006c0e00000, 0x00000006cb900000, 0x000000076af80000)
  object space 175104K, 2% used [0x00000006c0e00000,0x00000006c11723a8,0x00000006cb900000)
 Metaspace       used 8884K, capacity 9126K, committed 9344K, reserved 1056768K
  class space    used 1029K, capacity 1097K, committed 1152K, reserved 1048576K
Event: 8.741 GC heap after
Heap after GC invocations=76 (full 0):
 PSYoungGen      total 62464K, used 2892K [0x000000076af80000, 0x000000076f300000, 0x00000007c0000000)
  eden space 57856K, 0% used [0x000000076af80000,0x000000076af80000,0x000000076e800000)
  from space 4608K, 62% used [0x000000076ee80000,0x000000076f153030,0x000000076f300000)
  to   space 5632K, 0% used [0x000000076e800000,0x000000076e800000,0x000000076ed80000)
 ParOldGen       total 175104K, used 3568K [0x00000006c0e00000, 0x00000006cb900000, 0x000000076af80000)
  object space 175104K, 2% used [0x00000006c0e00000,0x00000006c117c3a8,0x00000006cb900000)
 Metaspace       used 8884K, capacity 9126K, committed 9344K, reserved 1056768K
  class space    used 1029K, capacity 1097K, committed 1152K, reserved 1048576K
}
Event: 9.393 GC heap before
{Heap before GC invocations=77 (full 0):
 PSYoungGen      total 62464K, used 60748K [0x000000076af80000, 0x000000076f300000, 0x00000007c0000000)
  eden space 57856K, 100% used [0x000000076af80000,0x000000076e800000,0x000000076e800000)
  from space 4608K, 62% used [0x000000076ee80000,0x000000076f153030,0x000000076f300000)
  to   space 5632K, 0% used [0x000000076e800000,0x000000076e800000,0x000000076ed80000)
 ParOldGen       total 175104K, used 3568K [0x00000006c0e00000, 0x00000006cb900000, 0x000000076af80000)
  object space 175104K, 2% used [0x00000006c0e00000,0x00000006c117c3a8,0x00000006cb900000)
 Metaspace       used 8888K, capacity 9126K, committed 9344K, reserved 1056768K
  class space    used 1030K, capacity 1097K, committed 1152K, reserved 1048576K
Event: 9.394 GC heap after
Heap after GC invocations=77 (full 0):
 PSYoungGen      total 59904K, used 2924K [0x000000076af80000, 0x000000076f200000, 0x00000007c0000000)
  eden space 56832K, 0% used [0x000000076af80000,0x000000076af80000,0x000000076e700000)
  from space 3072K, 95% used [0x000000076e800000,0x000000076eadb030,0x000000076eb00000)
  to   space 5632K, 0% used [0x000000076ec80000,0x000000076ec80000,0x000000076f200000)
 ParOldGen       total 175104K, used 3592K [0x00000006c0e00000, 0x00000006cb900000, 0x000000076af80000)
  object space 175104K, 2% used [0x00000006c0e00000,0x00000006c11823a8,0x00000006cb900000)
 Metaspace       used 8888K, capacity 9126K, committed 9344K, reserved 1056768K
  class space    used 1030K, capacity 1097K, committed 1152K, reserved 1048576K
}

