# JRE version: Java(TM) SE Runtime Environment (8.0_111-b14) (build 1.8.0_111-b14)
# Java VM: Java HotSpot(TM) 64-Bit Server VM (25.111-b14 mixed mode windows-amd64 compressed oops)
Heap:
 PSYoungGen      total 101888K, used 8736K [0x000000076b100000, 0x0000000775100000, 0x00000007c0000000)
  eden space 99840K, 6% used [0x000000076b100000,0x000000076b7a6018,0x0000000771280000)
  from space 2048K, 94% used [0x0000000774f00000,0x00000007750e2020,0x0000000775100000)
  to   space 4608K, 0% used [0x0000000774800000,0x0000000774800000,0x0000000774c80000)
 ParOldGen       total 175104K, used 56119K [0x00000006c1200000, 0x00000006cbd00000, 0x000000076b100000)
  object space 175104K, 32% used [0x00000006c1200000,0x00000006c48cdd80,0x00000006cbd00000)
 Metaspace       used 8490K, capacity 8628K, committed 8832K, reserved 1056768K
  class space    used 1002K, capacity 1064K, committed 1152K, reserved 1048576K
GC Heap History (10 events):
Event: 19.088 GC heap before
{Heap before GC invocations=76 (full 0):
 PSYoungGen      total 118784K, used 117790K [0x000000076b100000, 0x0000000775a80000, 0x00000007c0000000)
  eden space 115712K, 99% used [0x000000076b100000,0x000000077213c8f8,0x0000000772200000)
  from space 3072K, 93% used [0x0000000775400000,0x00000007756cb030,0x0000000775700000)
  to   space 3584K, 0% used [0x0000000775700000,0x0000000775700000,0x0000000775a80000)
 ParOldGen       total 175104K, used 56071K [0x00000006c1200000, 0x00000006cbd00000, 0x000000076b100000)
  object space 175104K, 32% used [0x00000006c1200000,0x00000006c48c1d80,0x00000006cbd00000)
 Metaspace       used 8447K, capacity 8564K, committed 8832K, reserved 1056768K
  class space    used 1002K, capacity 1064K, committed 1152K, reserved 1048576K
Event: 19.089 GC heap after
Heap after GC invocations=76 (full 0):
 PSYoungGen      total 113152K, used 964K [0x000000076b100000, 0x0000000775800000, 0x00000007c0000000)
  eden space 112128K, 0% used [0x000000076b100000,0x000000076b100000,0x0000000771e80000)
  from space 1024K, 94% used [0x0000000775700000,0x00000007757f1010,0x0000000775800000)
  to   space 4608K, 0% used [0x0000000774f00000,0x0000000774f00000,0x0000000775380000)
 ParOldGen       total 175104K, used 56071K [0x00000006c1200000, 0x00000006cbd00000, 0x000000076b100000)
  object space 175104K, 32% used [0x00000006c1200000,0x00000006c48c1d80,0x00000006cbd00000)
 Metaspace       used 8447K, capacity 8564K, committed 8832K, reserved 1056768K
  class space    used 1002K, capacity 1064K, committed 1152K, reserved 1048576K
}
Event: 19.492 GC heap before
{Heap before GC invocations=77 (full 0):
 PSYoungGen      total 113152K, used 113092K [0x000000076b100000, 0x0000000775800000, 0x00000007c0000000)
  eden space 112128K, 100% used [0x000000076b100000,0x0000000771e80000,0x0000000771e80000)
  from space 1024K, 94% used [0x0000000775700000,0x00000007757f1010,0x0000000775800000)
  to   space 4608K, 0% used [0x0000000774f00000,0x0000000774f00000,0x0000000775380000)
 ParOldGen       total 175104K, used 56071K [0x00000006c1200000, 0x00000006cbd00000, 0x000000076b100000)
  object space 175104K, 32% used [0x00000006c1200000,0x00000006c48c1d80,0x00000006cbd00000)
 Metaspace       used 8447K, capacity 8564K, committed 8832K, reserved 1056768K
  class space    used 1002K, capacity 1064K, committed 1152K, reserved 1048576K
Event: 19.493 GC heap after
Heap after GC invocations=77 (full 0):
 PSYoungGen      total 112128K, used 2860K [0x000000076b100000, 0x0000000775780000, 0x00000007c0000000)
  eden space 109056K, 0% used [0x000000076b100000,0x000000076b100000,0x0000000771b80000)
  from space 3072K, 93% used [0x0000000774f00000,0x00000007751cb030,0x0000000775200000)
  to   space 4608K, 0% used [0x0000000775300000,0x0000000775300000,0x0000000775780000)
 ParOldGen       total 175104K, used 56071K [0x00000006c1200000, 0x00000006cbd00000, 0x000000076b100000)
  object space 175104K, 32% used [0x00000006c1200000,0x00000006c48c1d80,0x00000006cbd00000)
 Metaspace       used 8447K, capacity 8564K, committed 8832K, reserved 1056768K
  class space    used 1002K, capacity 1064K, committed 1152K, reserved 1048576K
}
Event: 19.889 GC heap before
{Heap before GC invocations=78 (full 0):
 PSYoungGen      total 112128K, used 111916K [0x000000076b100000, 0x0000000775780000, 0x00000007c0000000)
  eden space 109056K, 100% used [0x000000076b100000,0x0000000771b80000,0x0000000771b80000)
  from space 3072K, 93% used [0x0000000774f00000,0x00000007751cb030,0x0000000775200000)
  to   space 4608K, 0% used [0x0000000775300000,0x0000000775300000,0x0000000775780000)
 ParOldGen       total 175104K, used 56071K [0x00000006c1200000, 0x00000006cbd00000, 0x000000076b100000)
  object space 175104K, 32% used [0x00000006c1200000,0x00000006c48c1d80,0x00000006cbd00000)
 Metaspace       used 8456K, capacity 8628K, committed 8832K, reserved 1056768K
  class space    used 1002K, capacity 1064K, committed 1152K, reserved 1048576K
Event: 19.891 GC heap after
Heap after GC invocations=78 (full 0):
 PSYoungGen      total 107008K, used 964K [0x000000076b100000, 0x0000000775400000, 0x00000007c0000000)
  eden space 105984K, 0% used [0x000000076b100000,0x000000076b100000,0x0000000771880000)
  from space 1024K, 94% used [0x0000000775300000,0x00000007753f1010,0x0000000775400000)
  to   space 4608K, 0% used [0x0000000774b00000,0x0000000774b00000,0x0000000774f80000)
 ParOldGen       total 175104K, used 56079K [0x00000006c1200000, 0x00000006cbd00000, 0x000000076b100000)
  object space 175104K, 32% used [0x00000006c1200000,0x00000006c48c3d80,0x00000006cbd00000)
 Metaspace       used 8456K, capacity 8628K, committed 8832K, reserved 1056768K
  class space    used 1002K, capacity 1064K, committed 1152K, reserved 1048576K
}
Event: 20.270 GC heap before
{Heap before GC invocations=79 (full 0):
 PSYoungGen      total 107008K, used 106948K [0x000000076b100000, 0x0000000775400000, 0x00000007c0000000)
  eden space 105984K, 100% used [0x000000076b100000,0x0000000771880000,0x0000000771880000)
  from space 1024K, 94% used [0x0000000775300000,0x00000007753f1010,0x0000000775400000)
  to   space 4608K, 0% used [0x0000000774b00000,0x0000000774b00000,0x0000000774f80000)
 ParOldGen       total 175104K, used 56079K [0x00000006c1200000, 0x00000006cbd00000, 0x000000076b100000)
  object space 175104K, 32% used [0x00000006c1200000,0x00000006c48c3d80,0x00000006cbd00000)
 Metaspace       used 8486K, capacity 8628K, committed 8832K, reserved 1056768K
  class space    used 1002K, capacity 1064K, committed 1152K, reserved 1048576K
Event: 20.271 GC heap after
Heap after GC invocations=79 (full 0):
 PSYoungGen      total 105984K, used 2860K [0x000000076b100000, 0x0000000775380000, 0x00000007c0000000)
  eden space 102912K, 0% used [0x000000076b100000,0x000000076b100000,0x0000000771580000)
  from space 3072K, 93% used [0x0000000774b00000,0x0000000774dcb030,0x0000000774e00000)
  to   space 4608K, 0% used [0x0000000774f00000,0x0000000774f00000,0x0000000775380000)
 ParOldGen       total 175104K, used 56103K [0x00000006c1200000, 0x00000006cbd00000, 0x000000076b100000)
  object space 175104K, 32% used [0x00000006c1200000,0x00000006c48c9d80,0x00000006cbd00000)
 Metaspace       used 8486K, capacity 8628K, committed 8832K, reserved 1056768K
  class space    used 1002K, capacity 1064K, committed 1152K, reserved 1048576K
}
Event: 20.637 GC heap before
{Heap before GC invocations=80 (full 0):
 PSYoungGen      total 105984K, used 105772K [0x000000076b100000, 0x0000000775380000, 0x00000007c0000000)
  eden space 102912K, 100% used [0x000000076b100000,0x0000000771580000,0x0000000771580000)
  from space 3072K, 93% used [0x0000000774b00000,0x0000000774dcb030,0x0000000774e00000)
  to   space 4608K, 0% used [0x0000000774f00000,0x0000000774f00000,0x0000000775380000)
 ParOldGen       total 175104K, used 56103K [0x00000006c1200000, 0x00000006cbd00000, 0x000000076b100000)
  object space 175104K, 32% used [0x00000006c1200000,0x00000006c48c9d80,0x00000006cbd00000)
 Metaspace       used 8490K, capacity 8628K, committed 8832K, reserved 1056768K
  class space    used 1002K, capacity 1064K, committed 1152K, reserved 1048576K
Event: 20.638 GC heap after
Heap after GC invocations=80 (full 0):
 PSYoungGen      total 101888K, used 1928K [0x000000076b100000, 0x0000000775100000, 0x00000007c0000000)
  eden space 99840K, 0% used [0x000000076b100000,0x000000076b100000,0x0000000771280000)
  from space 2048K, 94% used [0x0000000774f00000,0x00000007750e2020,0x0000000775100000)
  to   space 4608K, 0% used [0x0000000774800000,0x0000000774800000,0x0000000774c80000)
 ParOldGen       total 175104K, used 56119K [0x00000006c1200000, 0x00000006cbd00000, 0x000000076b100000)
  object space 175104K, 32% used [0x00000006c1200000,0x00000006c48cdd80,0x00000006cbd00000)
 Metaspace       used 8490K, capacity 8628K, committed 8832K, reserved 1056768K
  class space    used 1002K, capacity 1064K, committed 1152K, reserved 1048576K
}

