# JRE version: Java(TM) SE Runtime Environment (8.0_111-b14) (build 1.8.0_111-b14)
# Java VM: Java HotSpot(TM) 64-Bit Server VM (25.111-b14 mixed mode windows-amd64 compressed oops)
Heap:
 PSYoungGen      total 35840K, used 23379K [0x000000076af80000, 0x000000076e280000, 0x00000007c0000000)
  eden space 35328K, 65% used [0x000000076af80000,0x000000076c624cf8,0x000000076d200000)
  from space 512K, 37% used [0x000000076e180000,0x000000076e1b0000,0x000000076e200000)
  to   space 512K, 0% used [0x000000076e200000,0x000000076e200000,0x000000076e280000)
 ParOldGen       total 175104K, used 83098K [0x00000006c0e00000, 0x00000006cb900000, 0x000000076af80000)
  object space 175104K, 47% used [0x00000006c0e00000,0x00000006c5f26928,0x00000006cb900000)
 Metaspace       used 8706K, capacity 8930K, committed 9088K, reserved 1056768K
  class space    used 1029K, capacity 1097K, committed 1152K, reserved 1048576K
GC Heap History (10 events):
Event: 22.328 GC heap before
{Heap before GC invocations=199 (full 0):
 PSYoungGen      total 38400K, used 37303K [0x000000076af80000, 0x000000076e280000, 0x00000007c0000000)
  eden space 37888K, 98% used [0x000000076af80000,0x000000076d3d5dd0,0x000000076d480000)
  from space 512K, 18% used [0x000000076e200000,0x000000076e218000,0x000000076e280000)
  to   space 512K, 0% used [0x000000076e180000,0x000000076e180000,0x000000076e200000)
 ParOldGen       total 175104K, used 72298K [0x00000006c0e00000, 0x00000006cb900000, 0x000000076af80000)
  object space 175104K, 41% used [0x00000006c0e00000,0x00000006c549a868,0x00000006cb900000)
 Metaspace       used 8701K, capacity 8930K, committed 9088K, reserved 1056768K
  class space    used 1028K, capacity 1097K, committed 1152K, reserved 1048576K
Event: 22.329 GC heap after
Heap after GC invocations=199 (full 0):
 PSYoungGen      total 37888K, used 192K [0x000000076af80000, 0x000000076e280000, 0x00000007c0000000)
  eden space 37376K, 0% used [0x000000076af80000,0x000000076af80000,0x000000076d400000)
  from space 512K, 37% used [0x000000076e180000,0x000000076e1b0000,0x000000076e200000)
  to   space 512K, 0% used [0x000000076e200000,0x000000076e200000,0x000000076e280000)
 ParOldGen       total 175104K, used 72298K [0x00000006c0e00000, 0x00000006cb900000, 0x000000076af80000)
  object space 175104K, 41% used [0x00000006c0e00000,0x00000006c549a868,0x00000006cb900000)
 Metaspace       used 8701K, capacity 8930K, committed 9088K, reserved 1056768K
  class space    used 1028K, capacity 1097K, committed 1152K, reserved 1048576K
}
Event: 22.436 GC heap before
{Heap before GC invocations=200 (full 0):
 PSYoungGen      total 37888K, used 37568K [0x000000076af80000, 0x000000076e280000, 0x00000007c0000000)
  eden space 37376K, 100% used [0x000000076af80000,0x000000076d400000,0x000000076d400000)
  from space 512K, 37% used [0x000000076e180000,0x000000076e1b0000,0x000000076e200000)
  to   space 512K, 0% used [0x000000076e200000,0x000000076e200000,0x000000076e280000)
 ParOldGen       total 175104K, used 72298K [0x00000006c0e00000, 0x00000006cb900000, 0x000000076af80000)
  object space 175104K, 41% used [0x00000006c0e00000,0x00000006c549a868,0x00000006cb900000)
 Metaspace       used 8701K, capacity 8930K, committed 9088K, reserved 1056768K
  class space    used 1028K, capacity 1097K, committed 1152K, reserved 1048576K
Event: 22.437 GC heap after
Heap after GC invocations=200 (full 0):
 PSYoungGen      total 37376K, used 192K [0x000000076af80000, 0x000000076e280000, 0x00000007c0000000)
  eden space 36864K, 0% used [0x000000076af80000,0x000000076af80000,0x000000076d380000)
  from space 512K, 37% used [0x000000076e200000,0x000000076e230000,0x000000076e280000)
  to   space 512K, 0% used [0x000000076e180000,0x000000076e180000,0x000000076e200000)
 ParOldGen       total 175104K, used 74998K [0x00000006c0e00000, 0x00000006cb900000, 0x000000076af80000)
  object space 175104K, 42% used [0x00000006c0e00000,0x00000006c573d898,0x00000006cb900000)
 Metaspace       used 8701K, capacity 8930K, committed 9088K, reserved 1056768K
  class space    used 1028K, capacity 1097K, committed 1152K, reserved 1048576K
}
Event: 22.562 GC heap before
{Heap before GC invocations=201 (full 0):
 PSYoungGen      total 37376K, used 37056K [0x000000076af80000, 0x000000076e280000, 0x00000007c0000000)
  eden space 36864K, 100% used [0x000000076af80000,0x000000076d380000,0x000000076d380000)
  from space 512K, 37% used [0x000000076e200000,0x000000076e230000,0x000000076e280000)
  to   space 512K, 0% used [0x000000076e180000,0x000000076e180000,0x000000076e200000)
 ParOldGen       total 175104K, used 74998K [0x00000006c0e00000, 0x00000006cb900000, 0x000000076af80000)
  object space 175104K, 42% used [0x00000006c0e00000,0x00000006c573d898,0x00000006cb900000)
 Metaspace       used 8701K, capacity 8930K, committed 9088K, reserved 1056768K
  class space    used 1028K, capacity 1097K, committed 1152K, reserved 1048576K
Event: 22.563 GC heap after
Heap after GC invocations=201 (full 0):
 PSYoungGen      total 36864K, used 160K [0x000000076af80000, 0x000000076e280000, 0x00000007c0000000)
  eden space 36352K, 0% used [0x000000076af80000,0x000000076af80000,0x000000076d300000)
  from space 512K, 31% used [0x000000076e180000,0x000000076e1a8000,0x000000076e200000)
  to   space 512K, 0% used [0x000000076e200000,0x000000076e200000,0x000000076e280000)
 ParOldGen       total 175104K, used 77698K [0x00000006c0e00000, 0x00000006cb900000, 0x000000076af80000)
  object space 175104K, 44% used [0x00000006c0e00000,0x00000006c59e08c8,0x00000006cb900000)
 Metaspace       used 8701K, capacity 8930K, committed 9088K, reserved 1056768K
  class space    used 1028K, capacity 1097K, committed 1152K, reserved 1048576K
}
Event: 22.691 GC heap before
{Heap before GC invocations=202 (full 0):
 PSYoungGen      total 36864K, used 36512K [0x000000076af80000, 0x000000076e280000, 0x00000007c0000000)
  eden space 36352K, 100% used [0x000000076af80000,0x000000076d300000,0x000000076d300000)
  from space 512K, 31% used [0x000000076e180000,0x000000076e1a8000,0x000000076e200000)
  to   space 512K, 0% used [0x000000076e200000,0x000000076e200000,0x000000076e280000)
 ParOldGen       total 175104K, used 77698K [0x00000006c0e00000, 0x00000006cb900000, 0x000000076af80000)
  object space 175104K, 44% used [0x00000006c0e00000,0x00000006c59e08c8,0x00000006cb900000)
 Metaspace       used 8701K, capacity 8930K, committed 9088K, reserved 1056768K
  class space    used 1028K, capacity 1097K, committed 1152K, reserved 1048576K
Event: 22.691 GC heap after
Heap after GC invocations=202 (full 0):
 PSYoungGen      total 36352K, used 192K [0x000000076af80000, 0x000000076e280000, 0x00000007c0000000)
  eden space 35840K, 0% used [0x000000076af80000,0x000000076af80000,0x000000076d280000)
  from space 512K, 37% used [0x000000076e200000,0x000000076e230000,0x000000076e280000)
  to   space 512K, 0% used [0x000000076e180000,0x000000076e180000,0x000000076e200000)
 ParOldGen       total 175104K, used 80398K [0x00000006c0e00000, 0x00000006cb900000, 0x000000076af80000)
  object space 175104K, 45% used [0x00000006c0e00000,0x00000006c5c838f8,0x00000006cb900000)
 Metaspace       used 8701K, capacity 8930K, committed 9088K, reserved 1056768K
  class space    used 1028K, capacity 1097K, committed 1152K, reserved 1048576K
}
Event: 22.830 GC heap before
{Heap before GC invocations=203 (full 0):
 PSYoungGen      total 36352K, used 36032K [0x000000076af80000, 0x000000076e280000, 0x00000007c0000000)
  eden space 35840K, 100% used [0x000000076af80000,0x000000076d280000,0x000000076d280000)
  from space 512K, 37% used [0x000000076e200000,0x000000076e230000,0x000000076e280000)
  to   space 512K, 0% used [0x000000076e180000,0x000000076e180000,0x000000076e200000)
 ParOldGen       total 175104K, used 80398K [0x00000006c0e00000, 0x00000006cb900000, 0x000000076af80000)
  object space 175104K, 45% used [0x00000006c0e00000,0x00000006c5c838f8,0x00000006cb900000)
 Metaspace       used 8706K, capacity 8930K, committed 9088K, reserved 1056768K
  class space    used 1029K, capacity 1097K, committed 1152K, reserved 1048576K
Event: 22.831 GC heap after
Heap after GC invocations=203 (full 0):
 PSYoungGen      total 35840K, used 192K [0x000000076af80000, 0x000000076e280000, 0x00000007c0000000)
  eden space 35328K, 0% used [0x000000076af80000,0x000000076af80000,0x000000076d200000)
  from space 512K, 37% used [0x000000076e180000,0x000000076e1b0000,0x000000076e200000)
  to   space 512K, 0% used [0x000000076e200000,0x000000076e200000,0x000000076e280000)
 ParOldGen       total 175104K, used 83098K [0x00000006c0e00000, 0x00000006cb900000, 0x000000076af80000)
  object space 175104K, 47% used [0x00000006c0e00000,0x00000006c5f26928,0x00000006cb900000)
 Metaspace       used 8706K, capacity 8930K, committed 9088K, reserved 1056768K
  class space    used 1029K, capacity 1097K, committed 1152K, reserved 1048576K
}

