# JRE version: Java(TM) SE Runtime Environment (8.0_111-b14) (build 1.8.0_111-b14)
# Java VM: Java HotSpot(TM) 64-Bit Server VM (25.111-b14 mixed mode windows-amd64 compressed oops)
Heap:
 PSYoungGen      total 39424K, used 9106K [0x000000076af80000, 0x000000076db80000, 0x00000007c0000000)
  eden space 34816K, 15% used [0x000000076af80000,0x000000076b4a08d8,0x000000076d180000)
  from space 4608K, 83% used [0x000000076d680000,0x000000076da44040,0x000000076db00000)
  to   space 5120K, 0% used [0x000000076d180000,0x000000076d180000,0x000000076d680000)
 ParOldGen       total 175104K, used 4100K [0x00000006c0e00000, 0x00000006cb900000, 0x000000076af80000)
  object space 175104K, 2% used [0x00000006c0e00000,0x00000006c12013b8,0x00000006cb900000)
 Metaspace       used 8567K, capacity 8730K, committed 8832K, reserved 1056768K
  class space    used 1030K, capacity 1097K, committed 1152K, reserved 1048576K
GC Heap History (10 events):
Event: 7.959 GC heap before
{Heap before GC invocations=42 (full 0):
 PSYoungGen      total 40448K, used 40204K [0x000000076af80000, 0x000000076de00000, 0x00000007c0000000)
  eden space 37376K, 100% used [0x000000076af80000,0x000000076d400000,0x000000076d400000)
  from space 3072K, 92% used [0x000000076d480000,0x000000076d743030,0x000000076d780000)
  to   space 5120K, 0% used [0x000000076d900000,0x000000076d900000,0x000000076de00000)
 ParOldGen       total 175104K, used 1384K [0x00000006c0e00000, 0x00000006cb900000, 0x000000076af80000)
  object space 175104K, 0% used [0x00000006c0e00000,0x00000006c0f5a388,0x00000006cb900000)
 Metaspace       used 8557K, capacity 8730K, committed 8832K, reserved 1056768K
  class space    used 1029K, capacity 1097K, committed 1152K, reserved 1048576K
Event: 7.960 GC heap after
Heap after GC invocations=42 (full 0):
 PSYoungGen      total 41472K, used 2860K [0x000000076af80000, 0x000000076dd80000, 0x00000007c0000000)
  eden space 36864K, 0% used [0x000000076af80000,0x000000076af80000,0x000000076d380000)
  from space 4608K, 62% used [0x000000076d900000,0x000000076dbcb030,0x000000076dd80000)
  to   space 5120K, 0% used [0x000000076d380000,0x000000076d380000,0x000000076d880000)
 ParOldGen       total 175104K, used 1384K [0x00000006c0e00000, 0x00000006cb900000, 0x000000076af80000)
  object space 175104K, 0% used [0x00000006c0e00000,0x00000006c0f5a388,0x00000006cb900000)
 Metaspace       used 8557K, capacity 8730K, committed 8832K, reserved 1056768K
  class space    used 1029K, capacity 1097K, committed 1152K, reserved 1048576K
}
Event: 8.088 GC heap before
{Heap before GC invocations=43 (full 0):
 PSYoungGen      total 41472K, used 39724K [0x000000076af80000, 0x000000076dd80000, 0x00000007c0000000)
  eden space 36864K, 100% used [0x000000076af80000,0x000000076d380000,0x000000076d380000)
  from space 4608K, 62% used [0x000000076d900000,0x000000076dbcb030,0x000000076dd80000)
  to   space 5120K, 0% used [0x000000076d380000,0x000000076d380000,0x000000076d880000)
 ParOldGen       total 175104K, used 1384K [0x00000006c0e00000, 0x00000006cb900000, 0x000000076af80000)
  object space 175104K, 0% used [0x00000006c0e00000,0x00000006c0f5a388,0x00000006cb900000)
 Metaspace       used 8557K, capacity 8730K, committed 8832K, reserved 1056768K
  class space    used 1029K, capacity 1097K, committed 1152K, reserved 1048576K
Event: 8.089 GC heap after
Heap after GC invocations=43 (full 0):
 PSYoungGen      total 39424K, used 2892K [0x000000076af80000, 0x000000076dd00000, 0x00000007c0000000)
  eden space 36352K, 0% used [0x000000076af80000,0x000000076af80000,0x000000076d300000)
  from space 3072K, 94% used [0x000000076d380000,0x000000076d653030,0x000000076d680000)
  to   space 5120K, 0% used [0x000000076d800000,0x000000076d800000,0x000000076dd00000)
 ParOldGen       total 175104K, used 1384K [0x00000006c0e00000, 0x00000006cb900000, 0x000000076af80000)
  object space 175104K, 0% used [0x00000006c0e00000,0x00000006c0f5a388,0x00000006cb900000)
 Metaspace       used 8557K, capacity 8730K, committed 8832K, reserved 1056768K
  class space    used 1029K, capacity 1097K, committed 1152K, reserved 1048576K
}
Event: 8.217 GC heap before
{Heap before GC invocations=44 (full 0):
 PSYoungGen      total 39424K, used 39244K [0x000000076af80000, 0x000000076dd00000, 0x00000007c0000000)
  eden space 36352K, 100% used [0x000000076af80000,0x000000076d300000,0x000000076d300000)
  from space 3072K, 94% used [0x000000076d380000,0x000000076d653030,0x000000076d680000)
  to   space 5120K, 0% used [0x000000076d800000,0x000000076d800000,0x000000076dd00000)
 ParOldGen       total 175104K, used 1384K [0x00000006c0e00000, 0x00000006cb900000, 0x000000076af80000)
  object space 175104K, 0% used [0x00000006c0e00000,0x00000006c0f5a388,0x00000006cb900000)
 Metaspace       used 8559K, capacity 8730K, committed 8832K, reserved 1056768K
  class space    used 1029K, capacity 1097K, committed 1152K, reserved 1048576K
Event: 8.218 GC heap after
Heap after GC invocations=44 (full 0):
 PSYoungGen      total 39424K, used 2860K [0x000000076af80000, 0x000000076db80000, 0x00000007c0000000)
  eden space 35840K, 0% used [0x000000076af80000,0x000000076af80000,0x000000076d280000)
  from space 3584K, 79% used [0x000000076d800000,0x000000076dacb030,0x000000076db80000)
  to   space 4608K, 0% used [0x000000076d280000,0x000000076d280000,0x000000076d700000)
 ParOldGen       total 175104K, used 1392K [0x00000006c0e00000, 0x00000006cb900000, 0x000000076af80000)
  object space 175104K, 0% used [0x00000006c0e00000,0x00000006c0f5c388,0x00000006cb900000)
 Metaspace       used 8559K, capacity 8730K, committed 8832K, reserved 1056768K
  class space    used 1029K, capacity 1097K, committed 1152K, reserved 1048576K
}
Event: 8.360 GC heap before
{Heap before GC invocations=45 (full 0):
 PSYoungGen      total 39424K, used 38700K [0x000000076af80000, 0x000000076db80000, 0x00000007c0000000)
  eden space 35840K, 100% used [0x000000076af80000,0x000000076d280000,0x000000076d280000)
  from space 3584K, 79% used [0x000000076d800000,0x000000076dacb030,0x000000076db80000)
  to   space 4608K, 0% used [0x000000076d280000,0x000000076d280000,0x000000076d700000)
 ParOldGen       total 175104K, used 1392K [0x00000006c0e00000, 0x00000006cb900000, 0x000000076af80000)
  object space 175104K, 0% used [0x00000006c0e00000,0x00000006c0f5c388,0x00000006cb900000)
 Metaspace       used 8559K, capacity 8730K, committed 8832K, reserved 1056768K
  class space    used 1029K, capacity 1097K, committed 1152K, reserved 1048576K
Event: 8.361 GC heap after
Heap after GC invocations=45 (full 0):
 PSYoungGen      total 38400K, used 2828K [0x000000076af80000, 0x000000076db00000, 0x00000007c0000000)
  eden space 35328K, 0% used [0x000000076af80000,0x000000076af80000,0x000000076d200000)
  from space 3072K, 92% used [0x000000076d280000,0x000000076d543030,0x000000076d580000)
  to   space 4608K, 0% used [0x000000076d680000,0x000000076d680000,0x000000076db00000)
 ParOldGen       total 175104K, used 1400K [0x00000006c0e00000, 0x00000006cb900000, 0x000000076af80000)
  object space 175104K, 0% used [0x00000006c0e00000,0x00000006c0f5e388,0x00000006cb900000)
 Metaspace       used 8559K, capacity 8730K, committed 8832K, reserved 1056768K
  class space    used 1029K, capacity 1097K, committed 1152K, reserved 1048576K
}
Event: 8.485 GC heap before
{Heap before GC invocations=46 (full 0):
 PSYoungGen      total 38400K, used 38156K [0x000000076af80000, 0x000000076db00000, 0x00000007c0000000)
  eden space 35328K, 100% used [0x000000076af80000,0x000000076d200000,0x000000076d200000)
  from space 3072K, 92% used [0x000000076d280000,0x000000076d543030,0x000000076d580000)
  to   space 4608K, 0% used [0x000000076d680000,0x000000076d680000,0x000000076db00000)
 ParOldGen       total 175104K, used 1400K [0x00000006c0e00000, 0x00000006cb900000, 0x000000076af80000)
  object space 175104K, 0% used [0x00000006c0e00000,0x00000006c0f5e388,0x00000006cb900000)
 Metaspace       used 8566K, capacity 8730K, committed 8832K, reserved 1056768K
  class space    used 1030K, capacity 1097K, committed 1152K, reserved 1048576K
Event: 8.487 GC heap after
Heap after GC invocations=46 (full 0):
 PSYoungGen      total 39424K, used 3856K [0x000000076af80000, 0x000000076db80000, 0x00000007c0000000)
  eden space 34816K, 0% used [0x000000076af80000,0x000000076af80000,0x000000076d180000)
  from space 4608K, 83% used [0x000000076d680000,0x000000076da44040,0x000000076db00000)
  to   space 5120K, 0% used [0x000000076d180000,0x000000076d180000,0x000000076d680000)
 ParOldGen       total 175104K, used 4100K [0x00000006c0e00000, 0x00000006cb900000, 0x000000076af80000)
  object space 175104K, 2% used [0x00000006c0e00000,0x00000006c12013b8,0x00000006cb900000)
 Metaspace       used 8566K, capacity 8730K, committed 8832K, reserved 1056768K
  class space    used 1030K, capacity 1097K, committed 1152K, reserved 1048576K
}

