# JRE version: Java(TM) SE Runtime Environment (8.0_111-b14) (build 1.8.0_111-b14)
# Java VM: Java HotSpot(TM) 64-Bit Server VM (25.111-b14 mixed mode windows-amd64 compressed oops)
Heap:
 PSYoungGen      total 91136K, used 44489K [0x000000076b100000, 0x0000000770f00000, 0x00000007c0000000)
  eden space 86016K, 49% used [0x000000076b100000,0x000000076da98798,0x0000000770500000)
  from space 5120K, 37% used [0x0000000770a00000,0x0000000770bda020,0x0000000770f00000)
  to   space 5120K, 0% used [0x0000000770500000,0x0000000770500000,0x0000000770a00000)
 ParOldGen       total 175104K, used 22804K [0x00000006c1200000, 0x00000006cbd00000, 0x000000076b100000)
  object space 175104K, 13% used [0x00000006c1200000,0x00000006c2845128,0x00000006cbd00000)
 Metaspace       used 8567K, capacity 8756K, committed 9088K, reserved 1056768K
  class space    used 998K, capacity 1064K, committed 1152K, reserved 1048576K
GC Heap History (10 events):
Event: 105.744 GC heap before
{Heap before GC invocations=524 (full 0):
 PSYoungGen      total 54272K, used 51980K [0x000000076b100000, 0x000000076f500000, 0x00000007c0000000)
  eden space 49152K, 99% used [0x000000076b100000,0x000000076e0ffff8,0x000000076e100000)
  from space 5120K, 55% used [0x000000076e100000,0x000000076e3c3030,0x000000076e600000)
  to   space 5120K, 0% used [0x000000076f000000,0x000000076f000000,0x000000076f500000)
 ParOldGen       total 175104K, used 22804K [0x00000006c1200000, 0x00000006cbd00000, 0x000000076b100000)
  object space 175104K, 13% used [0x00000006c1200000,0x00000006c2845128,0x00000006cbd00000)
 Metaspace       used 8566K, capacity 8756K, committed 9088K, reserved 1056768K
  class space    used 998K, capacity 1064K, committed 1152K, reserved 1048576K
Event: 105.745 GC heap after
Heap after GC invocations=524 (full 0):
 PSYoungGen      total 64512K, used 2828K [0x000000076b100000, 0x000000076f500000, 0x00000007c0000000)
  eden space 59392K, 0% used [0x000000076b100000,0x000000076b100000,0x000000076eb00000)
  from space 5120K, 55% used [0x000000076f000000,0x000000076f2c3030,0x000000076f500000)
  to   space 5120K, 0% used [0x000000076eb00000,0x000000076eb00000,0x000000076f000000)
 ParOldGen       total 175104K, used 22804K [0x00000006c1200000, 0x00000006cbd00000, 0x000000076b100000)
  object space 175104K, 13% used [0x00000006c1200000,0x00000006c2845128,0x00000006cbd00000)
 Metaspace       used 8566K, capacity 8756K, committed 9088K, reserved 1056768K
  class space    used 998K, capacity 1064K, committed 1152K, reserved 1048576K
}
Event: 105.960 GC heap before
{Heap before GC invocations=525 (full 0):
 PSYoungGen      total 64512K, used 62220K [0x000000076b100000, 0x000000076f500000, 0x00000007c0000000)
  eden space 59392K, 100% used [0x000000076b100000,0x000000076eb00000,0x000000076eb00000)
  from space 5120K, 55% used [0x000000076f000000,0x000000076f2c3030,0x000000076f500000)
  to   space 5120K, 0% used [0x000000076eb00000,0x000000076eb00000,0x000000076f000000)
 ParOldGen       total 175104K, used 22804K [0x00000006c1200000, 0x00000006cbd00000, 0x000000076b100000)
  object space 175104K, 13% used [0x00000006c1200000,0x00000006c2845128,0x00000006cbd00000)
 Metaspace       used 8566K, capacity 8756K, committed 9088K, reserved 1056768K
  class space    used 998K, capacity 1064K, committed 1152K, reserved 1048576K
Event: 105.961 GC heap after
Heap after GC invocations=525 (full 0):
 PSYoungGen      total 64512K, used 2828K [0x000000076b100000, 0x0000000770100000, 0x00000007c0000000)
  eden space 59392K, 0% used [0x000000076b100000,0x000000076b100000,0x000000076eb00000)
  from space 5120K, 55% used [0x000000076eb00000,0x000000076edc3030,0x000000076f000000)
  to   space 5120K, 0% used [0x000000076fc00000,0x000000076fc00000,0x0000000770100000)
 ParOldGen       total 175104K, used 22804K [0x00000006c1200000, 0x00000006cbd00000, 0x000000076b100000)
  object space 175104K, 13% used [0x00000006c1200000,0x00000006c2845128,0x00000006cbd00000)
 Metaspace       used 8566K, capacity 8756K, committed 9088K, reserved 1056768K
  class space    used 998K, capacity 1064K, committed 1152K, reserved 1048576K
}
Event: 106.178 GC heap before
{Heap before GC invocations=526 (full 0):
 PSYoungGen      total 64512K, used 62220K [0x000000076b100000, 0x0000000770100000, 0x00000007c0000000)
  eden space 59392K, 100% used [0x000000076b100000,0x000000076eb00000,0x000000076eb00000)
  from space 5120K, 55% used [0x000000076eb00000,0x000000076edc3030,0x000000076f000000)
  to   space 5120K, 0% used [0x000000076fc00000,0x000000076fc00000,0x0000000770100000)
 ParOldGen       total 175104K, used 22804K [0x00000006c1200000, 0x00000006cbd00000, 0x000000076b100000)
  object space 175104K, 13% used [0x00000006c1200000,0x00000006c2845128,0x00000006cbd00000)
 Metaspace       used 8566K, capacity 8756K, committed 9088K, reserved 1056768K
  class space    used 998K, capacity 1064K, committed 1152K, reserved 1048576K
Event: 106.179 GC heap after
Heap after GC invocations=526 (full 0):
 PSYoungGen      total 76800K, used 2828K [0x000000076b100000, 0x0000000770100000, 0x00000007c0000000)
  eden space 71680K, 0% used [0x000000076b100000,0x000000076b100000,0x000000076f700000)
  from space 5120K, 55% used [0x000000076fc00000,0x000000076fec3030,0x0000000770100000)
  to   space 5120K, 0% used [0x000000076f700000,0x000000076f700000,0x000000076fc00000)
 ParOldGen       total 175104K, used 22804K [0x00000006c1200000, 0x00000006cbd00000, 0x000000076b100000)
  object space 175104K, 13% used [0x00000006c1200000,0x00000006c2845128,0x00000006cbd00000)
 Metaspace       used 8566K, capacity 8756K, committed 9088K, reserved 1056768K
  class space    used 998K, capacity 1064K, committed 1152K, reserved 1048576K
}
Event: 107.010 GC heap before
{Heap before GC invocations=527 (full 0):
 PSYoungGen      total 76800K, used 74508K [0x000000076b100000, 0x0000000770100000, 0x00000007c0000000)
  eden space 71680K, 100% used [0x000000076b100000,0x000000076f700000,0x000000076f700000)
  from space 5120K, 55% used [0x000000076fc00000,0x000000076fec3030,0x0000000770100000)
  to   space 5120K, 0% used [0x000000076f700000,0x000000076f700000,0x000000076fc00000)
 ParOldGen       total 175104K, used 22804K [0x00000006c1200000, 0x00000006cbd00000, 0x000000076b100000)
  object space 175104K, 13% used [0x00000006c1200000,0x00000006c2845128,0x00000006cbd00000)
 Metaspace       used 8566K, capacity 8756K, committed 9088K, reserved 1056768K
  class space    used 998K, capacity 1064K, committed 1152K, reserved 1048576K
Event: 107.012 GC heap after
Heap after GC invocations=527 (full 0):
 PSYoungGen      total 76800K, used 2828K [0x000000076b100000, 0x0000000770f00000, 0x00000007c0000000)
  eden space 71680K, 0% used [0x000000076b100000,0x000000076b100000,0x000000076f700000)
  from space 5120K, 55% used [0x000000076f700000,0x000000076f9c3030,0x000000076fc00000)
  to   space 5120K, 0% used [0x0000000770a00000,0x0000000770a00000,0x0000000770f00000)
 ParOldGen       total 175104K, used 22804K [0x00000006c1200000, 0x00000006cbd00000, 0x000000076b100000)
  object space 175104K, 13% used [0x00000006c1200000,0x00000006c2845128,0x00000006cbd00000)
 Metaspace       used 8566K, capacity 8756K, committed 9088K, reserved 1056768K
  class space    used 998K, capacity 1064K, committed 1152K, reserved 1048576K
}
Event: 107.269 GC heap before
{Heap before GC invocations=528 (full 0):
 PSYoungGen      total 76800K, used 74508K [0x000000076b100000, 0x0000000770f00000, 0x00000007c0000000)
  eden space 71680K, 100% used [0x000000076b100000,0x000000076f700000,0x000000076f700000)
  from space 5120K, 55% used [0x000000076f700000,0x000000076f9c3030,0x000000076fc00000)
  to   space 5120K, 0% used [0x0000000770a00000,0x0000000770a00000,0x0000000770f00000)
 ParOldGen       total 175104K, used 22804K [0x00000006c1200000, 0x00000006cbd00000, 0x000000076b100000)
  object space 175104K, 13% used [0x00000006c1200000,0x00000006c2845128,0x00000006cbd00000)
 Metaspace       used 8566K, capacity 8756K, committed 9088K, reserved 1056768K
  class space    used 998K, capacity 1064K, committed 1152K, reserved 1048576K
Event: 107.296 GC heap after
Heap after GC invocations=528 (full 0):
 PSYoungGen      total 91136K, used 1896K [0x000000076b100000, 0x0000000770f00000, 0x00000007c0000000)
  eden space 86016K, 0% used [0x000000076b100000,0x000000076b100000,0x0000000770500000)
  from space 5120K, 37% used [0x0000000770a00000,0x0000000770bda020,0x0000000770f00000)
  to   space 5120K, 0% used [0x0000000770500000,0x0000000770500000,0x0000000770a00000)
 ParOldGen       total 175104K, used 22804K [0x00000006c1200000, 0x00000006cbd00000, 0x000000076b100000)
  object space 175104K, 13% used [0x00000006c1200000,0x00000006c2845128,0x00000006cbd00000)
 Metaspace       used 8566K, capacity 8756K, committed 9088K, reserved 1056768K
  class space    used 998K, capacity 1064K, committed 1152K, reserved 1048576K
}

