# JRE version: Java(TM) SE Runtime Environment (8.0_111-b14) (build 1.8.0_111-b14)
# Java VM: Java HotSpot(TM) 64-Bit Server VM (25.111-b14 mixed mode windows-amd64 compressed oops)
Heap:
 PSYoungGen      total 41984K, used 23021K [0x000000076af80000, 0x000000076da80000, 0x00000007c0000000)
  eden space 40960K, 55% used [0x000000076af80000,0x000000076c5d34a8,0x000000076d780000)
  from space 1024K, 15% used [0x000000076d980000,0x000000076d9a8000,0x000000076da80000)
  to   space 1536K, 0% used [0x000000076d780000,0x000000076d780000,0x000000076d900000)
 ParOldGen       total 71168K, used 8217K [0x00000006c0e00000, 0x00000006c5380000, 0x000000076af80000)
  object space 71168K, 11% used [0x00000006c0e00000,0x00000006c1606518,0x00000006c5380000)
 Metaspace       used 8801K, capacity 8934K, committed 9088K, reserved 1056768K
  class space    used 1030K, capacity 1097K, committed 1152K, reserved 1048576K
GC Heap History (10 events):
Event: 32.628 GC heap before
{Heap before GC invocations=369 (full 1):
 PSYoungGen      total 44032K, used 43936K [0x000000076af80000, 0x000000076dd00000, 0x00000007c0000000)
  eden space 43520K, 100% used [0x000000076af80000,0x000000076da00000,0x000000076da00000)
  from space 512K, 81% used [0x000000076da80000,0x000000076dae8000,0x000000076db00000)
  to   space 1536K, 0% used [0x000000076db80000,0x000000076db80000,0x000000076dd00000)
 ParOldGen       total 71168K, used 8217K [0x00000006c0e00000, 0x00000006c5380000, 0x000000076af80000)
  object space 71168K, 11% used [0x00000006c0e00000,0x00000006c1606518,0x00000006c5380000)
 Metaspace       used 8797K, capacity 8934K, committed 9088K, reserved 1056768K
  class space    used 1029K, capacity 1097K, committed 1152K, reserved 1048576K
Event: 32.628 GC heap after
Heap after GC invocations=369 (full 1):
 PSYoungGen      total 44032K, used 640K [0x000000076af80000, 0x000000076dc80000, 0x00000007c0000000)
  eden space 43008K, 0% used [0x000000076af80000,0x000000076af80000,0x000000076d980000)
  from space 1024K, 62% used [0x000000076db80000,0x000000076dc20000,0x000000076dc80000)
  to   space 1536K, 0% used [0x000000076d980000,0x000000076d980000,0x000000076db00000)
 ParOldGen       total 71168K, used 8217K [0x00000006c0e00000, 0x00000006c5380000, 0x000000076af80000)
  object space 71168K, 11% used [0x00000006c0e00000,0x00000006c1606518,0x00000006c5380000)
 Metaspace       used 8797K, capacity 8934K, committed 9088K, reserved 1056768K
  class space    used 1029K, capacity 1097K, committed 1152K, reserved 1048576K
}
Event: 32.700 GC heap before
{Heap before GC invocations=370 (full 1):
 PSYoungGen      total 44032K, used 43648K [0x000000076af80000, 0x000000076dc80000, 0x00000007c0000000)
  eden space 43008K, 100% used [0x000000076af80000,0x000000076d980000,0x000000076d980000)
  from space 1024K, 62% used [0x000000076db80000,0x000000076dc20000,0x000000076dc80000)
  to   space 1536K, 0% used [0x000000076d980000,0x000000076d980000,0x000000076db00000)
 ParOldGen       total 71168K, used 8217K [0x00000006c0e00000, 0x00000006c5380000, 0x000000076af80000)
  object space 71168K, 11% used [0x00000006c0e00000,0x00000006c1606518,0x00000006c5380000)
 Metaspace       used 8797K, capacity 8934K, committed 9088K, reserved 1056768K
  class space    used 1029K, capacity 1097K, committed 1152K, reserved 1048576K
Event: 32.701 GC heap after
Heap after GC invocations=370 (full 1):
 PSYoungGen      total 43008K, used 448K [0x000000076af80000, 0x000000076dc00000, 0x00000007c0000000)
  eden space 42496K, 0% used [0x000000076af80000,0x000000076af80000,0x000000076d900000)
  from space 512K, 87% used [0x000000076d980000,0x000000076d9f0000,0x000000076da00000)
  to   space 1536K, 0% used [0x000000076da80000,0x000000076da80000,0x000000076dc00000)
 ParOldGen       total 71168K, used 8217K [0x00000006c0e00000, 0x00000006c5380000, 0x000000076af80000)
  object space 71168K, 11% used [0x00000006c0e00000,0x00000006c1606518,0x00000006c5380000)
 Metaspace       used 8797K, capacity 8934K, committed 9088K, reserved 1056768K
  class space    used 1029K, capacity 1097K, committed 1152K, reserved 1048576K
}
Event: 32.772 GC heap before
{Heap before GC invocations=371 (full 1):
 PSYoungGen      total 43008K, used 42944K [0x000000076af80000, 0x000000076dc00000, 0x00000007c0000000)
  eden space 42496K, 100% used [0x000000076af80000,0x000000076d900000,0x000000076d900000)
  from space 512K, 87% used [0x000000076d980000,0x000000076d9f0000,0x000000076da00000)
  to   space 1536K, 0% used [0x000000076da80000,0x000000076da80000,0x000000076dc00000)
 ParOldGen       total 71168K, used 8217K [0x00000006c0e00000, 0x00000006c5380000, 0x000000076af80000)
  object space 71168K, 11% used [0x00000006c0e00000,0x00000006c1606518,0x00000006c5380000)
 Metaspace       used 8797K, capacity 8934K, committed 9088K, reserved 1056768K
  class space    used 1029K, capacity 1097K, committed 1152K, reserved 1048576K
Event: 32.773 GC heap after
Heap after GC invocations=371 (full 1):
 PSYoungGen      total 43008K, used 288K [0x000000076af80000, 0x000000076db80000, 0x00000007c0000000)
  eden space 41984K, 0% used [0x000000076af80000,0x000000076af80000,0x000000076d880000)
  from space 1024K, 28% used [0x000000076da80000,0x000000076dac8000,0x000000076db80000)
  to   space 1536K, 0% used [0x000000076d880000,0x000000076d880000,0x000000076da00000)
 ParOldGen       total 71168K, used 8217K [0x00000006c0e00000, 0x00000006c5380000, 0x000000076af80000)
  object space 71168K, 11% used [0x00000006c0e00000,0x00000006c1606518,0x00000006c5380000)
 Metaspace       used 8797K, capacity 8934K, committed 9088K, reserved 1056768K
  class space    used 1029K, capacity 1097K, committed 1152K, reserved 1048576K
}
Event: 32.841 GC heap before
{Heap before GC invocations=372 (full 1):
 PSYoungGen      total 43008K, used 42272K [0x000000076af80000, 0x000000076db80000, 0x00000007c0000000)
  eden space 41984K, 100% used [0x000000076af80000,0x000000076d880000,0x000000076d880000)
  from space 1024K, 28% used [0x000000076da80000,0x000000076dac8000,0x000000076db80000)
  to   space 1536K, 0% used [0x000000076d880000,0x000000076d880000,0x000000076da00000)
 ParOldGen       total 71168K, used 8217K [0x00000006c0e00000, 0x00000006c5380000, 0x000000076af80000)
  object space 71168K, 11% used [0x00000006c0e00000,0x00000006c1606518,0x00000006c5380000)
 Metaspace       used 8797K, capacity 8934K, committed 9088K, reserved 1056768K
  class space    used 1029K, capacity 1097K, committed 1152K, reserved 1048576K
Event: 32.841 GC heap after
Heap after GC invocations=372 (full 1):
 PSYoungGen      total 42496K, used 928K [0x000000076af80000, 0x000000076db00000, 0x00000007c0000000)
  eden space 41472K, 0% used [0x000000076af80000,0x000000076af80000,0x000000076d800000)
  from space 1024K, 90% used [0x000000076d880000,0x000000076d968000,0x000000076d980000)
  to   space 1536K, 0% used [0x000000076d980000,0x000000076d980000,0x000000076db00000)
 ParOldGen       total 71168K, used 8217K [0x00000006c0e00000, 0x00000006c5380000, 0x000000076af80000)
  object space 71168K, 11% used [0x00000006c0e00000,0x00000006c1606518,0x00000006c5380000)
 Metaspace       used 8797K, capacity 8934K, committed 9088K, reserved 1056768K
  class space    used 1029K, capacity 1097K, committed 1152K, reserved 1048576K
}
Event: 32.917 GC heap before
{Heap before GC invocations=373 (full 1):
 PSYoungGen      total 42496K, used 42400K [0x000000076af80000, 0x000000076db00000, 0x00000007c0000000)
  eden space 41472K, 100% used [0x000000076af80000,0x000000076d800000,0x000000076d800000)
  from space 1024K, 90% used [0x000000076d880000,0x000000076d968000,0x000000076d980000)
  to   space 1536K, 0% used [0x000000076d980000,0x000000076d980000,0x000000076db00000)
 ParOldGen       total 71168K, used 8217K [0x00000006c0e00000, 0x00000006c5380000, 0x000000076af80000)
  object space 71168K, 11% used [0x00000006c0e00000,0x00000006c1606518,0x00000006c5380000)
 Metaspace       used 8801K, capacity 8934K, committed 9088K, reserved 1056768K
  class space    used 1030K, capacity 1097K, committed 1152K, reserved 1048576K
Event: 32.918 GC heap after
Heap after GC invocations=373 (full 1):
 PSYoungGen      total 41984K, used 160K [0x000000076af80000, 0x000000076da80000, 0x00000007c0000000)
  eden space 40960K, 0% used [0x000000076af80000,0x000000076af80000,0x000000076d780000)
  from space 1024K, 15% used [0x000000076d980000,0x000000076d9a8000,0x000000076da80000)
  to   space 1536K, 0% used [0x000000076d780000,0x000000076d780000,0x000000076d900000)
 ParOldGen       total 71168K, used 8217K [0x00000006c0e00000, 0x00000006c5380000, 0x000000076af80000)
  object space 71168K, 11% used [0x00000006c0e00000,0x00000006c1606518,0x00000006c5380000)
 Metaspace       used 8801K, capacity 8934K, committed 9088K, reserved 1056768K
  class space    used 1030K, capacity 1097K, committed 1152K, reserved 1048576K
}

