# JRE version: Java(TM) SE Runtime Environment (8.0_111-b14) (build 1.8.0_111-b14)
# Java VM: Java HotSpot(TM) 64-Bit Server VM (25.111-b14 mixed mode windows-amd64 compressed oops)
Heap:
 PSYoungGen      total 102912K, used 63821K [0x000000076b100000, 0x0000000774a00000, 0x00000007c0000000)
  eden space 100864K, 61% used [0x000000076b100000,0x000000076ed795d8,0x0000000771380000)
  from space 2048K, 92% used [0x0000000774800000,0x00000007749da020,0x0000000774a00000)
  to   space 5632K, 0% used [0x0000000773f00000,0x0000000773f00000,0x0000000774480000)
 ParOldGen       total 175104K, used 22595K [0x00000006c1200000, 0x00000006cbd00000, 0x000000076b100000)
  object space 175104K, 12% used [0x00000006c1200000,0x00000006c2810e10,0x00000006cbd00000)
 Metaspace       used 8499K, capacity 8628K, committed 8832K, reserved 1056768K
  class space    used 1003K, capacity 1064K, committed 1152K, reserved 1048576K
GC Heap History (10 events):
Event: 14.940 GC heap before
{Heap before GC invocations=30 (full 0):
 PSYoungGen      total 119808K, used 119564K [0x000000076b100000, 0x0000000775880000, 0x00000007c0000000)
  eden space 116736K, 100% used [0x000000076b100000,0x0000000772300000,0x0000000772300000)
  from space 3072K, 92% used [0x0000000774e00000,0x00000007750c3030,0x0000000775100000)
  to   space 6144K, 0% used [0x0000000775280000,0x0000000775280000,0x0000000775880000)
 ParOldGen       total 175104K, used 22579K [0x00000006c1200000, 0x00000006cbd00000, 0x000000076b100000)
  object space 175104K, 12% used [0x00000006c1200000,0x00000006c280ce10,0x00000006cbd00000)
 Metaspace       used 8492K, capacity 8628K, committed 8832K, reserved 1056768K
  class space    used 1003K, capacity 1064K, committed 1152K, reserved 1048576K
Event: 14.941 GC heap after
Heap after GC invocations=30 (full 0):
 PSYoungGen      total 116224K, used 2828K [0x000000076b100000, 0x0000000775580000, 0x00000007c0000000)
  eden space 113152K, 0% used [0x000000076b100000,0x000000076b100000,0x0000000771f80000)
  from space 3072K, 92% used [0x0000000775280000,0x0000000775543030,0x0000000775580000)
  to   space 6144K, 0% used [0x0000000774980000,0x0000000774980000,0x0000000774f80000)
 ParOldGen       total 175104K, used 22587K [0x00000006c1200000, 0x00000006cbd00000, 0x000000076b100000)
  object space 175104K, 12% used [0x00000006c1200000,0x00000006c280ee10,0x00000006cbd00000)
 Metaspace       used 8492K, capacity 8628K, committed 8832K, reserved 1056768K
  class space    used 1003K, capacity 1064K, committed 1152K, reserved 1048576K
}
Event: 15.367 GC heap before
{Heap before GC invocations=31 (full 0):
 PSYoungGen      total 116224K, used 115680K [0x000000076b100000, 0x0000000775580000, 0x00000007c0000000)
  eden space 113152K, 99% used [0x000000076b100000,0x0000000771f350d0,0x0000000771f80000)
  from space 3072K, 92% used [0x0000000775280000,0x0000000775543030,0x0000000775580000)
  to   space 6144K, 0% used [0x0000000774980000,0x0000000774980000,0x0000000774f80000)
 ParOldGen       total 175104K, used 22587K [0x00000006c1200000, 0x00000006cbd00000, 0x000000076b100000)
  object space 175104K, 12% used [0x00000006c1200000,0x00000006c280ee10,0x00000006cbd00000)
 Metaspace       used 8492K, capacity 8628K, committed 8832K, reserved 1056768K
  class space    used 1003K, capacity 1064K, committed 1152K, reserved 1048576K
Event: 15.368 GC heap after
Heap after GC invocations=31 (full 0):
 PSYoungGen      total 111104K, used 996K [0x000000076b100000, 0x0000000775300000, 0x00000007c0000000)
  eden space 110080K, 0% used [0x000000076b100000,0x000000076b100000,0x0000000771c80000)
  from space 1024K, 97% used [0x0000000774980000,0x0000000774a79010,0x0000000774a80000)
  to   space 6144K, 0% used [0x0000000774d00000,0x0000000774d00000,0x0000000775300000)
 ParOldGen       total 175104K, used 22587K [0x00000006c1200000, 0x00000006cbd00000, 0x000000076b100000)
  object space 175104K, 12% used [0x00000006c1200000,0x00000006c280ee10,0x00000006cbd00000)
 Metaspace       used 8492K, capacity 8628K, committed 8832K, reserved 1056768K
  class space    used 1003K, capacity 1064K, committed 1152K, reserved 1048576K
}
Event: 15.753 GC heap before
{Heap before GC invocations=32 (full 0):
 PSYoungGen      total 111104K, used 111076K [0x000000076b100000, 0x0000000775300000, 0x00000007c0000000)
  eden space 110080K, 100% used [0x000000076b100000,0x0000000771c80000,0x0000000771c80000)
  from space 1024K, 97% used [0x0000000774980000,0x0000000774a79010,0x0000000774a80000)
  to   space 6144K, 0% used [0x0000000774d00000,0x0000000774d00000,0x0000000775300000)
 ParOldGen       total 175104K, used 22587K [0x00000006c1200000, 0x00000006cbd00000, 0x000000076b100000)
  object space 175104K, 12% used [0x00000006c1200000,0x00000006c280ee10,0x00000006cbd00000)
 Metaspace       used 8498K, capacity 8628K, committed 8832K, reserved 1056768K
  class space    used 1003K, capacity 1064K, committed 1152K, reserved 1048576K
Event: 15.755 GC heap after
Heap after GC invocations=32 (full 0):
 PSYoungGen      total 108032K, used 996K [0x000000076b100000, 0x0000000774e00000, 0x00000007c0000000)
  eden space 107008K, 0% used [0x000000076b100000,0x000000076b100000,0x0000000771980000)
  from space 1024K, 97% used [0x0000000774d00000,0x0000000774df9010,0x0000000774e00000)
  to   space 6144K, 0% used [0x0000000774200000,0x0000000774200000,0x0000000774800000)
 ParOldGen       total 175104K, used 22587K [0x00000006c1200000, 0x00000006cbd00000, 0x000000076b100000)
  object space 175104K, 12% used [0x00000006c1200000,0x00000006c280ee10,0x00000006cbd00000)
 Metaspace       used 8498K, capacity 8628K, committed 8832K, reserved 1056768K
  class space    used 1003K, capacity 1064K, committed 1152K, reserved 1048576K
}
Event: 16.154 GC heap before
{Heap before GC invocations=33 (full 0):
 PSYoungGen      total 108032K, used 108004K [0x000000076b100000, 0x0000000774e00000, 0x00000007c0000000)
  eden space 107008K, 100% used [0x000000076b100000,0x0000000771980000,0x0000000771980000)
  from space 1024K, 97% used [0x0000000774d00000,0x0000000774df9010,0x0000000774e00000)
  to   space 6144K, 0% used [0x0000000774200000,0x0000000774200000,0x0000000774800000)
 ParOldGen       total 175104K, used 22587K [0x00000006c1200000, 0x00000006cbd00000, 0x000000076b100000)
  object space 175104K, 12% used [0x00000006c1200000,0x00000006c280ee10,0x00000006cbd00000)
 Metaspace       used 8498K, capacity 8628K, committed 8832K, reserved 1056768K
  class space    used 1003K, capacity 1064K, committed 1152K, reserved 1048576K
Event: 16.154 GC heap after
Heap after GC invocations=33 (full 0):
 PSYoungGen      total 110080K, used 1896K [0x000000076b100000, 0x0000000774d80000, 0x00000007c0000000)
  eden space 103936K, 0% used [0x000000076b100000,0x000000076b100000,0x0000000771680000)
  from space 6144K, 30% used [0x0000000774200000,0x00000007743da020,0x0000000774800000)
  to   space 5632K, 0% used [0x0000000774800000,0x0000000774800000,0x0000000774d80000)
 ParOldGen       total 175104K, used 22595K [0x00000006c1200000, 0x00000006cbd00000, 0x000000076b100000)
  object space 175104K, 12% used [0x00000006c1200000,0x00000006c2810e10,0x00000006cbd00000)
 Metaspace       used 8498K, capacity 8628K, committed 8832K, reserved 1056768K
  class space    used 1003K, capacity 1064K, committed 1152K, reserved 1048576K
}
Event: 16.550 GC heap before
{Heap before GC invocations=34 (full 0):
 PSYoungGen      total 110080K, used 105832K [0x000000076b100000, 0x0000000774d80000, 0x00000007c0000000)
  eden space 103936K, 100% used [0x000000076b100000,0x0000000771680000,0x0000000771680000)
  from space 6144K, 30% used [0x0000000774200000,0x00000007743da020,0x0000000774800000)
  to   space 5632K, 0% used [0x0000000774800000,0x0000000774800000,0x0000000774d80000)
 ParOldGen       total 175104K, used 22595K [0x00000006c1200000, 0x00000006cbd00000, 0x000000076b100000)
  object space 175104K, 12% used [0x00000006c1200000,0x00000006c2810e10,0x00000006cbd00000)
 Metaspace       used 8498K, capacity 8628K, committed 8832K, reserved 1056768K
  class space    used 1003K, capacity 1064K, committed 1152K, reserved 1048576K
Event: 16.551 GC heap after
Heap after GC invocations=34 (full 0):
 PSYoungGen      total 102912K, used 1896K [0x000000076b100000, 0x0000000774a00000, 0x00000007c0000000)
  eden space 100864K, 0% used [0x000000076b100000,0x000000076b100000,0x0000000771380000)
  from space 2048K, 92% used [0x0000000774800000,0x00000007749da020,0x0000000774a00000)
  to   space 5632K, 0% used [0x0000000773f00000,0x0000000773f00000,0x0000000774480000)
 ParOldGen       total 175104K, used 22595K [0x00000006c1200000, 0x00000006cbd00000, 0x000000076b100000)
  object space 175104K, 12% used [0x00000006c1200000,0x00000006c2810e10,0x00000006cbd00000)
 Metaspace       used 8498K, capacity 8628K, committed 8832K, reserved 1056768K
  class space    used 1003K, capacity 1064K, committed 1152K, reserved 1048576K
}

