# JRE version: Java(TM) SE Runtime Environment (8.0_111-b14) (build 1.8.0_111-b14)
# Java VM: Java HotSpot(TM) 64-Bit Server VM (25.111-b14 mixed mode windows-amd64 compressed oops)
Heap:
 PSYoungGen      total 45056K, used 35695K [0x000000076af80000, 0x0000000770280000, 0x00000007c0000000)
  eden space 44544K, 79% used [0x000000076af80000,0x000000076d22bef0,0x000000076db00000)
  from space 512K, 37% used [0x0000000770200000,0x0000000770230000,0x0000000770280000)
  to   space 512K, 0% used [0x0000000770180000,0x0000000770180000,0x0000000770200000)
 ParOldGen       total 46080K, used 21910K [0x00000006c0e00000, 0x00000006c3b00000, 0x000000076af80000)
  object space 46080K, 47% used [0x00000006c0e00000,0x00000006c23659c0,0x00000006c3b00000)
 Metaspace       used 8907K, capacity 9126K, committed 9344K, reserved 1056768K
  class space    used 1030K, capacity 1097K, committed 1152K, reserved 1048576K
GC Heap History (10 events):
Event: 217.460 GC heap before
{Heap before GC invocations=2077 (full 43):
 PSYoungGen      total 41984K, used 41728K [0x000000076af80000, 0x0000000770280000, 0x00000007c0000000)
  eden space 41472K, 100% used [0x000000076af80000,0x000000076d800000,0x000000076d800000)
  from space 512K, 50% used [0x0000000770180000,0x00000007701c0000,0x0000000770200000)
  to   space 512K, 0% used [0x0000000770200000,0x0000000770200000,0x0000000770280000)
 ParOldGen       total 46080K, used 21910K [0x00000006c0e00000, 0x00000006c3b00000, 0x000000076af80000)
  object space 46080K, 47% used [0x00000006c0e00000,0x00000006c23659c0,0x00000006c3b00000)
 Metaspace       used 8903K, capacity 9126K, committed 9344K, reserved 1056768K
  class space    used 1029K, capacity 1097K, committed 1152K, reserved 1048576K
Event: 217.460 GC heap after
Heap after GC invocations=2077 (full 43):
 PSYoungGen      total 40960K, used 224K [0x000000076af80000, 0x0000000770280000, 0x00000007c0000000)
  eden space 40448K, 0% used [0x000000076af80000,0x000000076af80000,0x000000076d700000)
  from space 512K, 43% used [0x0000000770200000,0x0000000770238000,0x0000000770280000)
  to   space 512K, 0% used [0x0000000770180000,0x0000000770180000,0x0000000770200000)
 ParOldGen       total 46080K, used 21910K [0x00000006c0e00000, 0x00000006c3b00000, 0x000000076af80000)
  object space 46080K, 47% used [0x00000006c0e00000,0x00000006c23659c0,0x00000006c3b00000)
 Metaspace       used 8903K, capacity 9126K, committed 9344K, reserved 1056768K
  class space    used 1029K, capacity 1097K, committed 1152K, reserved 1048576K
}
Event: 217.534 GC heap before
{Heap before GC invocations=2078 (full 43):
 PSYoungGen      total 40960K, used 40672K [0x000000076af80000, 0x0000000770280000, 0x00000007c0000000)
  eden space 40448K, 100% used [0x000000076af80000,0x000000076d700000,0x000000076d700000)
  from space 512K, 43% used [0x0000000770200000,0x0000000770238000,0x0000000770280000)
  to   space 512K, 0% used [0x0000000770180000,0x0000000770180000,0x0000000770200000)
 ParOldGen       total 46080K, used 21910K [0x00000006c0e00000, 0x00000006c3b00000, 0x000000076af80000)
  object space 46080K, 47% used [0x00000006c0e00000,0x00000006c23659c0,0x00000006c3b00000)
 Metaspace       used 8903K, capacity 9126K, committed 9344K, reserved 1056768K
  class space    used 1029K, capacity 1097K, committed 1152K, reserved 1048576K
Event: 217.535 GC heap after
Heap after GC invocations=2078 (full 43):
 PSYoungGen      total 39936K, used 224K [0x000000076af80000, 0x0000000770280000, 0x00000007c0000000)
  eden space 39424K, 0% used [0x000000076af80000,0x000000076af80000,0x000000076d600000)
  from space 512K, 43% used [0x0000000770180000,0x00000007701b8000,0x0000000770200000)
  to   space 512K, 0% used [0x0000000770200000,0x0000000770200000,0x0000000770280000)
 ParOldGen       total 46080K, used 21910K [0x00000006c0e00000, 0x00000006c3b00000, 0x000000076af80000)
  object space 46080K, 47% used [0x00000006c0e00000,0x00000006c23659c0,0x00000006c3b00000)
 Metaspace       used 8903K, capacity 9126K, committed 9344K, reserved 1056768K
  class space    used 1029K, capacity 1097K, committed 1152K, reserved 1048576K
}
Event: 217.611 GC heap before
{Heap before GC invocations=2079 (full 43):
 PSYoungGen      total 39936K, used 39648K [0x000000076af80000, 0x0000000770280000, 0x00000007c0000000)
  eden space 39424K, 100% used [0x000000076af80000,0x000000076d600000,0x000000076d600000)
  from space 512K, 43% used [0x0000000770180000,0x00000007701b8000,0x0000000770200000)
  to   space 512K, 0% used [0x0000000770200000,0x0000000770200000,0x0000000770280000)
 ParOldGen       total 46080K, used 21910K [0x00000006c0e00000, 0x00000006c3b00000, 0x000000076af80000)
  object space 46080K, 47% used [0x00000006c0e00000,0x00000006c23659c0,0x00000006c3b00000)
 Metaspace       used 8903K, capacity 9126K, committed 9344K, reserved 1056768K
  class space    used 1029K, capacity 1097K, committed 1152K, reserved 1048576K
Event: 217.612 GC heap after
Heap after GC invocations=2079 (full 43):
 PSYoungGen      total 39424K, used 224K [0x000000076af80000, 0x0000000770280000, 0x00000007c0000000)
  eden space 38912K, 0% used [0x000000076af80000,0x000000076af80000,0x000000076d580000)
  from space 512K, 43% used [0x0000000770200000,0x0000000770238000,0x0000000770280000)
  to   space 512K, 0% used [0x0000000770180000,0x0000000770180000,0x0000000770200000)
 ParOldGen       total 46080K, used 21910K [0x00000006c0e00000, 0x00000006c3b00000, 0x000000076af80000)
  object space 46080K, 47% used [0x00000006c0e00000,0x00000006c23659c0,0x00000006c3b00000)
 Metaspace       used 8903K, capacity 9126K, committed 9344K, reserved 1056768K
  class space    used 1029K, capacity 1097K, committed 1152K, reserved 1048576K
}
Event: 217.681 GC heap before
{Heap before GC invocations=2080 (full 43):
 PSYoungGen      total 39424K, used 39136K [0x000000076af80000, 0x0000000770280000, 0x00000007c0000000)
  eden space 38912K, 100% used [0x000000076af80000,0x000000076d580000,0x000000076d580000)
  from space 512K, 43% used [0x0000000770200000,0x0000000770238000,0x0000000770280000)
  to   space 512K, 0% used [0x0000000770180000,0x0000000770180000,0x0000000770200000)
 ParOldGen       total 46080K, used 21910K [0x00000006c0e00000, 0x00000006c3b00000, 0x000000076af80000)
  object space 46080K, 47% used [0x00000006c0e00000,0x00000006c23659c0,0x00000006c3b00000)
 Metaspace       used 8903K, capacity 9126K, committed 9344K, reserved 1056768K
  class space    used 1029K, capacity 1097K, committed 1152K, reserved 1048576K
Event: 217.681 GC heap after
Heap after GC invocations=2080 (full 43):
 PSYoungGen      total 38912K, used 96K [0x000000076af80000, 0x0000000770280000, 0x00000007c0000000)
  eden space 38400K, 0% used [0x000000076af80000,0x000000076af80000,0x000000076d500000)
  from space 512K, 18% used [0x0000000770180000,0x0000000770198000,0x0000000770200000)
  to   space 512K, 0% used [0x0000000770200000,0x0000000770200000,0x0000000770280000)
 ParOldGen       total 46080K, used 21910K [0x00000006c0e00000, 0x00000006c3b00000, 0x000000076af80000)
  object space 46080K, 47% used [0x00000006c0e00000,0x00000006c23659c0,0x00000006c3b00000)
 Metaspace       used 8903K, capacity 9126K, committed 9344K, reserved 1056768K
  class space    used 1029K, capacity 1097K, committed 1152K, reserved 1048576K
}
Event: 217.758 GC heap before
{Heap before GC invocations=2081 (full 43):
 PSYoungGen      total 38912K, used 38496K [0x000000076af80000, 0x0000000770280000, 0x00000007c0000000)
  eden space 38400K, 100% used [0x000000076af80000,0x000000076d500000,0x000000076d500000)
  from space 512K, 18% used [0x0000000770180000,0x0000000770198000,0x0000000770200000)
  to   space 512K, 0% used [0x0000000770200000,0x0000000770200000,0x0000000770280000)
 ParOldGen       total 46080K, used 21910K [0x00000006c0e00000, 0x00000006c3b00000, 0x000000076af80000)
  object space 46080K, 47% used [0x00000006c0e00000,0x00000006c23659c0,0x00000006c3b00000)
 Metaspace       used 8907K, capacity 9126K, committed 9344K, reserved 1056768K
  class space    used 1030K, capacity 1097K, committed 1152K, reserved 1048576K
Event: 217.758 GC heap after
Heap after GC invocations=2081 (full 43):
 PSYoungGen      total 45056K, used 192K [0x000000076af80000, 0x0000000770280000, 0x00000007c0000000)
  eden space 44544K, 0% used [0x000000076af80000,0x000000076af80000,0x000000076db00000)
  from space 512K, 37% used [0x0000000770200000,0x0000000770230000,0x0000000770280000)
  to   space 512K, 0% used [0x0000000770180000,0x0000000770180000,0x0000000770200000)
 ParOldGen       total 46080K, used 21910K [0x00000006c0e00000, 0x00000006c3b00000, 0x000000076af80000)
  object space 46080K, 47% used [0x00000006c0e00000,0x00000006c23659c0,0x00000006c3b00000)
 Metaspace       used 8907K, capacity 9126K, committed 9344K, reserved 1056768K
  class space    used 1030K, capacity 1097K, committed 1152K, reserved 1048576K
}

