# JRE version: Java(TM) SE Runtime Environment (8.0_111-b14) (build 1.8.0_111-b14)
# Java VM: Java HotSpot(TM) 64-Bit Server VM (25.111-b14 mixed mode windows-amd64 compressed oops)
Heap:
 PSYoungGen      total 40448K, used 4344K [0x000000076af80000, 0x000000076da80000, 0x00000007c0000000)
  eden space 37888K, 8% used [0x000000076af80000,0x000000076b276308,0x000000076d480000)
  from space 2560K, 51% used [0x000000076d800000,0x000000076d948000,0x000000076da80000)
  to   space 3072K, 0% used [0x000000076d480000,0x000000076d480000,0x000000076d780000)
 ParOldGen       total 175104K, used 33521K [0x00000006c0e00000, 0x00000006cb900000, 0x000000076af80000)
  object space 175104K, 19% used [0x00000006c0e00000,0x00000006c2ebc588,0x00000006cb900000)
 Metaspace       used 8751K, capacity 8926K, committed 9088K, reserved 1056768K
  class space    used 1029K, capacity 1097K, committed 1152K, reserved 1048576K
GC Heap History (10 events):
Event: 30.426 GC heap before
{Heap before GC invocations=368 (full 0):
 PSYoungGen      total 32768K, used 32320K [0x000000076af80000, 0x000000076d500000, 0x00000007c0000000)
  eden space 31232K, 100% used [0x000000076af80000,0x000000076ce00000,0x000000076ce00000)
  from space 1536K, 70% used [0x000000076ce80000,0x000000076cf90000,0x000000076d000000)
  to   space 3584K, 0% used [0x000000076d180000,0x000000076d180000,0x000000076d500000)
 ParOldGen       total 175104K, used 33481K [0x00000006c0e00000, 0x00000006cb900000, 0x000000076af80000)
  object space 175104K, 19% used [0x00000006c0e00000,0x00000006c2eb2588,0x00000006cb900000)
 Metaspace       used 8747K, capacity 8926K, committed 9088K, reserved 1056768K
  class space    used 1028K, capacity 1097K, committed 1152K, reserved 1048576K
Event: 30.426 GC heap after
Heap after GC invocations=368 (full 0):
 PSYoungGen      total 34816K, used 960K [0x000000076af80000, 0x000000076d500000, 0x00000007c0000000)
  eden space 31232K, 0% used [0x000000076af80000,0x000000076af80000,0x000000076ce00000)
  from space 3584K, 26% used [0x000000076d180000,0x000000076d270000,0x000000076d500000)
  to   space 3584K, 0% used [0x000000076ce00000,0x000000076ce00000,0x000000076d180000)
 ParOldGen       total 175104K, used 33481K [0x00000006c0e00000, 0x00000006cb900000, 0x000000076af80000)
  object space 175104K, 19% used [0x00000006c0e00000,0x00000006c2eb2588,0x00000006cb900000)
 Metaspace       used 8747K, capacity 8926K, committed 9088K, reserved 1056768K
  class space    used 1028K, capacity 1097K, committed 1152K, reserved 1048576K
}
Event: 30.486 GC heap before
{Heap before GC invocations=369 (full 0):
 PSYoungGen      total 34816K, used 32192K [0x000000076af80000, 0x000000076d500000, 0x00000007c0000000)
  eden space 31232K, 100% used [0x000000076af80000,0x000000076ce00000,0x000000076ce00000)
  from space 3584K, 26% used [0x000000076d180000,0x000000076d270000,0x000000076d500000)
  to   space 3584K, 0% used [0x000000076ce00000,0x000000076ce00000,0x000000076d180000)
 ParOldGen       total 175104K, used 33481K [0x00000006c0e00000, 0x00000006cb900000, 0x000000076af80000)
  object space 175104K, 19% used [0x00000006c0e00000,0x00000006c2eb2588,0x00000006cb900000)
 Metaspace       used 8747K, capacity 8926K, committed 9088K, reserved 1056768K
  class space    used 1028K, capacity 1097K, committed 1152K, reserved 1048576K
Event: 30.486 GC heap after
Heap after GC invocations=369 (full 0):
 PSYoungGen      total 34816K, used 640K [0x000000076af80000, 0x000000076d500000, 0x00000007c0000000)
  eden space 31232K, 0% used [0x000000076af80000,0x000000076af80000,0x000000076ce00000)
  from space 3584K, 17% used [0x000000076ce00000,0x000000076cea0000,0x000000076d180000)
  to   space 3584K, 0% used [0x000000076d180000,0x000000076d180000,0x000000076d500000)
 ParOldGen       total 175104K, used 33481K [0x00000006c0e00000, 0x00000006cb900000, 0x000000076af80000)
  object space 175104K, 19% used [0x00000006c0e00000,0x00000006c2eb2588,0x00000006cb900000)
 Metaspace       used 8747K, capacity 8926K, committed 9088K, reserved 1056768K
  class space    used 1028K, capacity 1097K, committed 1152K, reserved 1048576K
}
Event: 30.543 GC heap before
{Heap before GC invocations=370 (full 0):
 PSYoungGen      total 34816K, used 31872K [0x000000076af80000, 0x000000076d500000, 0x00000007c0000000)
  eden space 31232K, 100% used [0x000000076af80000,0x000000076ce00000,0x000000076ce00000)
  from space 3584K, 17% used [0x000000076ce00000,0x000000076cea0000,0x000000076d180000)
  to   space 3584K, 0% used [0x000000076d180000,0x000000076d180000,0x000000076d500000)
 ParOldGen       total 175104K, used 33481K [0x00000006c0e00000, 0x00000006cb900000, 0x000000076af80000)
  object space 175104K, 19% used [0x00000006c0e00000,0x00000006c2eb2588,0x00000006cb900000)
 Metaspace       used 8747K, capacity 8926K, committed 9088K, reserved 1056768K
  class space    used 1028K, capacity 1097K, committed 1152K, reserved 1048576K
Event: 30.544 GC heap after
Heap after GC invocations=370 (full 0):
 PSYoungGen      total 34816K, used 672K [0x000000076af80000, 0x000000076db80000, 0x00000007c0000000)
  eden space 31232K, 0% used [0x000000076af80000,0x000000076af80000,0x000000076ce00000)
  from space 3584K, 18% used [0x000000076d180000,0x000000076d228000,0x000000076d500000)
  to   space 3584K, 0% used [0x000000076ce00000,0x000000076ce00000,0x000000076d180000)
 ParOldGen       total 175104K, used 33481K [0x00000006c0e00000, 0x00000006cb900000, 0x000000076af80000)
  object space 175104K, 19% used [0x00000006c0e00000,0x00000006c2eb2588,0x00000006cb900000)
 Metaspace       used 8747K, capacity 8926K, committed 9088K, reserved 1056768K
  class space    used 1028K, capacity 1097K, committed 1152K, reserved 1048576K
}
Event: 30.604 GC heap before
{Heap before GC invocations=371 (full 0):
 PSYoungGen      total 34816K, used 31904K [0x000000076af80000, 0x000000076db80000, 0x00000007c0000000)
  eden space 31232K, 100% used [0x000000076af80000,0x000000076ce00000,0x000000076ce00000)
  from space 3584K, 18% used [0x000000076d180000,0x000000076d228000,0x000000076d500000)
  to   space 3584K, 0% used [0x000000076ce00000,0x000000076ce00000,0x000000076d180000)
 ParOldGen       total 175104K, used 33481K [0x00000006c0e00000, 0x00000006cb900000, 0x000000076af80000)
  object space 175104K, 19% used [0x00000006c0e00000,0x00000006c2eb2588,0x00000006cb900000)
 Metaspace       used 8751K, capacity 8926K, committed 9088K, reserved 1056768K
  class space    used 1029K, capacity 1097K, committed 1152K, reserved 1048576K
Event: 30.605 GC heap after
Heap after GC invocations=371 (full 0):
 PSYoungGen      total 34816K, used 448K [0x000000076af80000, 0x000000076db80000, 0x00000007c0000000)
  eden space 31232K, 0% used [0x000000076af80000,0x000000076af80000,0x000000076ce00000)
  from space 3584K, 12% used [0x000000076ce00000,0x000000076ce70000,0x000000076d180000)
  to   space 3584K, 0% used [0x000000076d800000,0x000000076d800000,0x000000076db80000)
 ParOldGen       total 175104K, used 33481K [0x00000006c0e00000, 0x00000006cb900000, 0x000000076af80000)
  object space 175104K, 19% used [0x00000006c0e00000,0x00000006c2eb2588,0x00000006cb900000)
 Metaspace       used 8751K, capacity 8926K, committed 9088K, reserved 1056768K
  class space    used 1029K, capacity 1097K, committed 1152K, reserved 1048576K
}
Event: 30.659 GC heap before
{Heap before GC invocations=372 (full 0):
 PSYoungGen      total 34816K, used 31680K [0x000000076af80000, 0x000000076db80000, 0x00000007c0000000)
  eden space 31232K, 100% used [0x000000076af80000,0x000000076ce00000,0x000000076ce00000)
  from space 3584K, 12% used [0x000000076ce00000,0x000000076ce70000,0x000000076d180000)
  to   space 3584K, 0% used [0x000000076d800000,0x000000076d800000,0x000000076db80000)
 ParOldGen       total 175104K, used 33481K [0x00000006c0e00000, 0x00000006cb900000, 0x000000076af80000)
  object space 175104K, 19% used [0x00000006c0e00000,0x00000006c2eb2588,0x00000006cb900000)
 Metaspace       used 8751K, capacity 8926K, committed 9088K, reserved 1056768K
  class space    used 1029K, capacity 1097K, committed 1152K, reserved 1048576K
Event: 30.660 GC heap after
Heap after GC invocations=372 (full 0):
 PSYoungGen      total 40448K, used 1312K [0x000000076af80000, 0x000000076da80000, 0x00000007c0000000)
  eden space 37888K, 0% used [0x000000076af80000,0x000000076af80000,0x000000076d480000)
  from space 2560K, 51% used [0x000000076d800000,0x000000076d948000,0x000000076da80000)
  to   space 3072K, 0% used [0x000000076d480000,0x000000076d480000,0x000000076d780000)
 ParOldGen       total 175104K, used 33521K [0x00000006c0e00000, 0x00000006cb900000, 0x000000076af80000)
  object space 175104K, 19% used [0x00000006c0e00000,0x00000006c2ebc588,0x00000006cb900000)
 Metaspace       used 8751K, capacity 8926K, committed 9088K, reserved 1056768K
  class space    used 1029K, capacity 1097K, committed 1152K, reserved 1048576K
}

