# JRE version: Java(TM) SE Runtime Environment (8.0_111-b14) (build 1.8.0_111-b14)
# Java VM: Java HotSpot(TM) 64-Bit Server VM (25.111-b14 mixed mode windows-amd64 compressed oops)
Heap:
 PSYoungGen      total 31744K, used 13319K [0x000000076af80000, 0x000000076d400000, 0x00000007c0000000)
  eden space 27648K, 34% used [0x000000076af80000,0x000000076b8bdfa8,0x000000076ca80000)
  from space 4096K, 94% used [0x000000076cf00000,0x000000076d2c4040,0x000000076d300000)
  to   space 4608K, 0% used [0x000000076ca80000,0x000000076ca80000,0x000000076cf00000)
 ParOldGen       total 66560K, used 27323K [0x00000006c0e00000, 0x00000006c4f00000, 0x000000076af80000)
  object space 66560K, 41% used [0x00000006c0e00000,0x00000006c28aeff8,0x00000006c4f00000)
 Metaspace       used 8908K, capacity 9126K, committed 9344K, reserved 1056768K
  class space    used 1030K, capacity 1097K, committed 1152K, reserved 1048576K
GC Heap History (10 events):
Event: 178.460 GC heap before
{Heap before GC invocations=1591 (full 9):
 PSYoungGen      total 32768K, used 31052K [0x000000076af80000, 0x000000076d400000, 0x00000007c0000000)
  eden space 28160K, 100% used [0x000000076af80000,0x000000076cb00000,0x000000076cb00000)
  from space 4608K, 62% used [0x000000076cb00000,0x000000076cdd3030,0x000000076cf80000)
  to   space 4608K, 0% used [0x000000076cf80000,0x000000076cf80000,0x000000076d400000)
 ParOldGen       total 66560K, used 25523K [0x00000006c0e00000, 0x00000006c4f00000, 0x000000076af80000)
  object space 66560K, 38% used [0x00000006c0e00000,0x00000006c26ecfd8,0x00000006c4f00000)
 Metaspace       used 8904K, capacity 9126K, committed 9344K, reserved 1056768K
  class space    used 1029K, capacity 1097K, committed 1152K, reserved 1048576K
Event: 178.461 GC heap after
Heap after GC invocations=1591 (full 9):
 PSYoungGen      total 32768K, used 2828K [0x000000076af80000, 0x000000076d400000, 0x00000007c0000000)
  eden space 28160K, 0% used [0x000000076af80000,0x000000076af80000,0x000000076cb00000)
  from space 4608K, 61% used [0x000000076cf80000,0x000000076d243030,0x000000076d400000)
  to   space 4608K, 0% used [0x000000076cb00000,0x000000076cb00000,0x000000076cf80000)
 ParOldGen       total 66560K, used 25523K [0x00000006c0e00000, 0x00000006c4f00000, 0x000000076af80000)
  object space 66560K, 38% used [0x00000006c0e00000,0x00000006c26ecfd8,0x00000006c4f00000)
 Metaspace       used 8904K, capacity 9126K, committed 9344K, reserved 1056768K
  class space    used 1029K, capacity 1097K, committed 1152K, reserved 1048576K
}
Event: 178.558 GC heap before
{Heap before GC invocations=1592 (full 9):
 PSYoungGen      total 32768K, used 30988K [0x000000076af80000, 0x000000076d400000, 0x00000007c0000000)
  eden space 28160K, 100% used [0x000000076af80000,0x000000076cb00000,0x000000076cb00000)
  from space 4608K, 61% used [0x000000076cf80000,0x000000076d243030,0x000000076d400000)
  to   space 4608K, 0% used [0x000000076cb00000,0x000000076cb00000,0x000000076cf80000)
 ParOldGen       total 66560K, used 25523K [0x00000006c0e00000, 0x00000006c4f00000, 0x000000076af80000)
  object space 66560K, 38% used [0x00000006c0e00000,0x00000006c26ecfd8,0x00000006c4f00000)
 Metaspace       used 8904K, capacity 9126K, committed 9344K, reserved 1056768K
  class space    used 1029K, capacity 1097K, committed 1152K, reserved 1048576K
Event: 178.559 GC heap after
Heap after GC invocations=1592 (full 9):
 PSYoungGen      total 31232K, used 2892K [0x000000076af80000, 0x000000076d300000, 0x00000007c0000000)
  eden space 28160K, 0% used [0x000000076af80000,0x000000076af80000,0x000000076cb00000)
  from space 3072K, 94% used [0x000000076cb00000,0x000000076cdd3030,0x000000076ce00000)
  to   space 4096K, 0% used [0x000000076cf00000,0x000000076cf00000,0x000000076d300000)
 ParOldGen       total 66560K, used 25523K [0x00000006c0e00000, 0x00000006c4f00000, 0x000000076af80000)
  object space 66560K, 38% used [0x00000006c0e00000,0x00000006c26ecfd8,0x00000006c4f00000)
 Metaspace       used 8904K, capacity 9126K, committed 9344K, reserved 1056768K
  class space    used 1029K, capacity 1097K, committed 1152K, reserved 1048576K
}
Event: 178.671 GC heap before
{Heap before GC invocations=1593 (full 9):
 PSYoungGen      total 31232K, used 31052K [0x000000076af80000, 0x000000076d300000, 0x00000007c0000000)
  eden space 28160K, 100% used [0x000000076af80000,0x000000076cb00000,0x000000076cb00000)
  from space 3072K, 94% used [0x000000076cb00000,0x000000076cdd3030,0x000000076ce00000)
  to   space 4096K, 0% used [0x000000076cf00000,0x000000076cf00000,0x000000076d300000)
 ParOldGen       total 66560K, used 25523K [0x00000006c0e00000, 0x00000006c4f00000, 0x000000076af80000)
  object space 66560K, 38% used [0x00000006c0e00000,0x00000006c26ecfd8,0x00000006c4f00000)
 Metaspace       used 8904K, capacity 9126K, committed 9344K, reserved 1056768K
  class space    used 1029K, capacity 1097K, committed 1152K, reserved 1048576K
Event: 178.672 GC heap after
Heap after GC invocations=1593 (full 9):
 PSYoungGen      total 32256K, used 2860K [0x000000076af80000, 0x000000076d300000, 0x00000007c0000000)
  eden space 28160K, 0% used [0x000000076af80000,0x000000076af80000,0x000000076cb00000)
  from space 4096K, 69% used [0x000000076cf00000,0x000000076d1cb030,0x000000076d300000)
  to   space 4096K, 0% used [0x000000076cb00000,0x000000076cb00000,0x000000076cf00000)
 ParOldGen       total 66560K, used 25523K [0x00000006c0e00000, 0x00000006c4f00000, 0x000000076af80000)
  object space 66560K, 38% used [0x00000006c0e00000,0x00000006c26ecfd8,0x00000006c4f00000)
 Metaspace       used 8904K, capacity 9126K, committed 9344K, reserved 1056768K
  class space    used 1029K, capacity 1097K, committed 1152K, reserved 1048576K
}
Event: 178.768 GC heap before
{Heap before GC invocations=1594 (full 9):
 PSYoungGen      total 32256K, used 31020K [0x000000076af80000, 0x000000076d300000, 0x00000007c0000000)
  eden space 28160K, 100% used [0x000000076af80000,0x000000076cb00000,0x000000076cb00000)
  from space 4096K, 69% used [0x000000076cf00000,0x000000076d1cb030,0x000000076d300000)
  to   space 4096K, 0% used [0x000000076cb00000,0x000000076cb00000,0x000000076cf00000)
 ParOldGen       total 66560K, used 25523K [0x00000006c0e00000, 0x00000006c4f00000, 0x000000076af80000)
  object space 66560K, 38% used [0x00000006c0e00000,0x00000006c26ecfd8,0x00000006c4f00000)
 Metaspace       used 8904K, capacity 9126K, committed 9344K, reserved 1056768K
  class space    used 1029K, capacity 1097K, committed 1152K, reserved 1048576K
Event: 178.769 GC heap after
Heap after GC invocations=1594 (full 9):
 PSYoungGen      total 32256K, used 2892K [0x000000076af80000, 0x000000076d300000, 0x00000007c0000000)
  eden space 28160K, 0% used [0x000000076af80000,0x000000076af80000,0x000000076cb00000)
  from space 4096K, 70% used [0x000000076cb00000,0x000000076cdd3030,0x000000076cf00000)
  to   space 4096K, 0% used [0x000000076cf00000,0x000000076cf00000,0x000000076d300000)
 ParOldGen       total 66560K, used 25523K [0x00000006c0e00000, 0x00000006c4f00000, 0x000000076af80000)
  object space 66560K, 38% used [0x00000006c0e00000,0x00000006c26ecfd8,0x00000006c4f00000)
 Metaspace       used 8904K, capacity 9126K, committed 9344K, reserved 1056768K
  class space    used 1029K, capacity 1097K, committed 1152K, reserved 1048576K
}
Event: 178.885 GC heap before
{Heap before GC invocations=1595 (full 9):
 PSYoungGen      total 32256K, used 31052K [0x000000076af80000, 0x000000076d300000, 0x00000007c0000000)
  eden space 28160K, 100% used [0x000000076af80000,0x000000076cb00000,0x000000076cb00000)
  from space 4096K, 70% used [0x000000076cb00000,0x000000076cdd3030,0x000000076cf00000)
  to   space 4096K, 0% used [0x000000076cf00000,0x000000076cf00000,0x000000076d300000)
 ParOldGen       total 66560K, used 25523K [0x00000006c0e00000, 0x00000006c4f00000, 0x000000076af80000)
  object space 66560K, 38% used [0x00000006c0e00000,0x00000006c26ecfd8,0x00000006c4f00000)
 Metaspace       used 8908K, capacity 9126K, committed 9344K, reserved 1056768K
  class space    used 1030K, capacity 1097K, committed 1152K, reserved 1048576K
Event: 178.886 GC heap after
Heap after GC invocations=1595 (full 9):
 PSYoungGen      total 31744K, used 3856K [0x000000076af80000, 0x000000076d400000, 0x00000007c0000000)
  eden space 27648K, 0% used [0x000000076af80000,0x000000076af80000,0x000000076ca80000)
  from space 4096K, 94% used [0x000000076cf00000,0x000000076d2c4040,0x000000076d300000)
  to   space 4608K, 0% used [0x000000076ca80000,0x000000076ca80000,0x000000076cf00000)
 ParOldGen       total 66560K, used 27323K [0x00000006c0e00000, 0x00000006c4f00000, 0x000000076af80000)
  object space 66560K, 41% used [0x00000006c0e00000,0x00000006c28aeff8,0x00000006c4f00000)
 Metaspace       used 8908K, capacity 9126K, committed 9344K, reserved 1056768K
  class space    used 1030K, capacity 1097K, committed 1152K, reserved 1048576K
}

