# JRE version: Java(TM) SE Runtime Environment (8.0_111-b14) (build 1.8.0_111-b14)
# Java VM: Java HotSpot(TM) 64-Bit Server VM (25.111-b14 mixed mode windows-amd64 compressed oops)
Heap:
 PSYoungGen      total 246784K, used 7584K [0x000000076b100000, 0x000000077b980000, 0x00000007c0000000)
  eden space 242176K, 1% used [0x000000076b100000,0x000000076b5a52c8,0x0000000779d80000)
  from space 4608K, 61% used [0x000000077b500000,0x000000077b7c3030,0x000000077b980000)
  to   space 14336K, 0% used [0x0000000779d80000,0x0000000779d80000,0x000000077ab80000)
 ParOldGen       total 175104K, used 15434K [0x00000006c1200000, 0x00000006cbd00000, 0x000000076b100000)
  object space 175104K, 8% used [0x00000006c1200000,0x00000006c2112970,0x00000006cbd00000)
 Metaspace       used 8417K, capacity 8564K, committed 8832K, reserved 1056768K
  class space    used 1001K, capacity 1064K, committed 1152K, reserved 1048576K
GC Heap History (10 events):
Event: 1.854 GC heap before
{Heap before GC invocations=4 (full 0):
 PSYoungGen      total 76288K, used 71346K [0x000000076b100000, 0x0000000774600000, 0x00000007c0000000)
  eden space 65536K, 100% used [0x000000076b100000,0x000000076f100000,0x000000076f100000)
  from space 10752K, 54% used [0x000000076f100000,0x000000076f6aca58,0x000000076fb80000)
  to   space 10752K, 0% used [0x0000000773b80000,0x0000000773b80000,0x0000000774600000)
 ParOldGen       total 175104K, used 16K [0x00000006c1200000, 0x00000006cbd00000, 0x000000076b100000)
  object space 175104K, 0% used [0x00000006c1200000,0x00000006c1204000,0x00000006cbd00000)
 Metaspace       used 8400K, capacity 8564K, committed 8832K, reserved 1056768K
  class space    used 1001K, capacity 1064K, committed 1152K, reserved 1048576K
Event: 1.858 GC heap after
Heap after GC invocations=4 (full 0):
 PSYoungGen      total 141824K, used 10181K [0x000000076b100000, 0x0000000774600000, 0x00000007c0000000)
  eden space 131072K, 0% used [0x000000076b100000,0x000000076b100000,0x0000000773100000)
  from space 10752K, 94% used [0x0000000773b80000,0x00000007745714d0,0x0000000774600000)
  to   space 10752K, 0% used [0x0000000773100000,0x0000000773100000,0x0000000773b80000)
 ParOldGen       total 175104K, used 3550K [0x00000006c1200000, 0x00000006cbd00000, 0x000000076b100000)
  object space 175104K, 2% used [0x00000006c1200000,0x00000006c1577a48,0x00000006cbd00000)
 Metaspace       used 8400K, capacity 8564K, committed 8832K, reserved 1056768K
  class space    used 1001K, capacity 1064K, committed 1152K, reserved 1048576K
}
Event: 2.347 GC heap before
{Heap before GC invocations=5 (full 0):
 PSYoungGen      total 141824K, used 141253K [0x000000076b100000, 0x0000000774600000, 0x00000007c0000000)
  eden space 131072K, 100% used [0x000000076b100000,0x0000000773100000,0x0000000773100000)
  from space 10752K, 94% used [0x0000000773b80000,0x00000007745714d0,0x0000000774600000)
  to   space 10752K, 0% used [0x0000000773100000,0x0000000773100000,0x0000000773b80000)
 ParOldGen       total 175104K, used 3550K [0x00000006c1200000, 0x00000006cbd00000, 0x000000076b100000)
  object space 175104K, 2% used [0x00000006c1200000,0x00000006c1577a48,0x00000006cbd00000)
 Metaspace       used 8402K, capacity 8564K, committed 8832K, reserved 1056768K
  class space    used 1001K, capacity 1064K, committed 1152K, reserved 1048576K
Event: 2.351 GC heap after
Heap after GC invocations=5 (full 0):
 PSYoungGen      total 141824K, used 10181K [0x000000076b100000, 0x000000077cb00000, 0x00000007c0000000)
  eden space 131072K, 0% used [0x000000076b100000,0x000000076b100000,0x0000000773100000)
  from space 10752K, 94% used [0x0000000773100000,0x0000000773af14d0,0x0000000773b80000)
  to   space 13312K, 0% used [0x000000077be00000,0x000000077be00000,0x000000077cb00000)
 ParOldGen       total 175104K, used 7085K [0x00000006c1200000, 0x00000006cbd00000, 0x000000076b100000)
  object space 175104K, 4% used [0x00000006c1200000,0x00000006c18eb490,0x00000006cbd00000)
 Metaspace       used 8402K, capacity 8564K, committed 8832K, reserved 1056768K
  class space    used 1001K, capacity 1064K, committed 1152K, reserved 1048576K
}
Event: 2.819 GC heap before
{Heap before GC invocations=6 (full 0):
 PSYoungGen      total 141824K, used 141253K [0x000000076b100000, 0x000000077cb00000, 0x00000007c0000000)
  eden space 131072K, 100% used [0x000000076b100000,0x0000000773100000,0x0000000773100000)
  from space 10752K, 94% used [0x0000000773100000,0x0000000773af14d0,0x0000000773b80000)
  to   space 13312K, 0% used [0x000000077be00000,0x000000077be00000,0x000000077cb00000)
 ParOldGen       total 175104K, used 7085K [0x00000006c1200000, 0x00000006cbd00000, 0x000000076b100000)
  object space 175104K, 4% used [0x00000006c1200000,0x00000006c18eb490,0x00000006cbd00000)
 Metaspace       used 8403K, capacity 8564K, committed 8832K, reserved 1056768K
  class space    used 1001K, capacity 1064K, committed 1152K, reserved 1048576K
Event: 2.822 GC heap after
Heap after GC invocations=6 (full 0):
 PSYoungGen      total 275456K, used 5778K [0x000000076b100000, 0x000000077cb00000, 0x00000007c0000000)
  eden space 262144K, 0% used [0x000000076b100000,0x000000076b100000,0x000000077b100000)
  from space 13312K, 43% used [0x000000077be00000,0x000000077c3a4a78,0x000000077cb00000)
  to   space 13312K, 0% used [0x000000077b100000,0x000000077b100000,0x000000077be00000)
 ParOldGen       total 175104K, used 7085K [0x00000006c1200000, 0x00000006cbd00000, 0x000000076b100000)
  object space 175104K, 4% used [0x00000006c1200000,0x00000006c18eb490,0x00000006cbd00000)
 Metaspace       used 8403K, capacity 8564K, committed 8832K, reserved 1056768K
  class space    used 1001K, capacity 1064K, committed 1152K, reserved 1048576K
}
Event: 3.778 GC heap before
{Heap before GC invocations=7 (full 0):
 PSYoungGen      total 275456K, used 267922K [0x000000076b100000, 0x000000077cb00000, 0x00000007c0000000)
  eden space 262144K, 100% used [0x000000076b100000,0x000000077b100000,0x000000077b100000)
  from space 13312K, 43% used [0x000000077be00000,0x000000077c3a4a78,0x000000077cb00000)
  to   space 13312K, 0% used [0x000000077b100000,0x000000077b100000,0x000000077be00000)
 ParOldGen       total 175104K, used 7085K [0x00000006c1200000, 0x00000006cbd00000, 0x000000076b100000)
  object space 175104K, 4% used [0x00000006c1200000,0x00000006c18eb490,0x00000006cbd00000)
 Metaspace       used 8410K, capacity 8564K, committed 8832K, reserved 1056768K
  class space    used 1001K, capacity 1064K, committed 1152K, reserved 1048576K
Event: 3.783 GC heap after
Heap after GC invocations=7 (full 0):
 PSYoungGen      total 252416K, used 96K [0x000000076b100000, 0x000000077c300000, 0x00000007c0000000)
  eden space 251904K, 0% used [0x000000076b100000,0x000000076b100000,0x000000077a700000)
  from space 512K, 18% used [0x000000077b100000,0x000000077b118000,0x000000077b180000)
  to   space 14336K, 0% used [0x000000077b500000,0x000000077b500000,0x000000077c300000)
 ParOldGen       total 175104K, used 15418K [0x00000006c1200000, 0x00000006cbd00000, 0x000000076b100000)
  object space 175104K, 8% used [0x00000006c1200000,0x00000006c210e970,0x00000006cbd00000)
 Metaspace       used 8410K, capacity 8564K, committed 8832K, reserved 1056768K
  class space    used 1001K, capacity 1064K, committed 1152K, reserved 1048576K
}
Event: 4.665 GC heap before
{Heap before GC invocations=8 (full 0):
 PSYoungGen      total 252416K, used 252000K [0x000000076b100000, 0x000000077c300000, 0x00000007c0000000)
  eden space 251904K, 100% used [0x000000076b100000,0x000000077a700000,0x000000077a700000)
  from space 512K, 18% used [0x000000077b100000,0x000000077b118000,0x000000077b180000)
  to   space 14336K, 0% used [0x000000077b500000,0x000000077b500000,0x000000077c300000)
 ParOldGen       total 175104K, used 15418K [0x00000006c1200000, 0x00000006cbd00000, 0x000000076b100000)
  object space 175104K, 8% used [0x00000006c1200000,0x00000006c210e970,0x00000006cbd00000)
 Metaspace       used 8417K, capacity 8564K, committed 8832K, reserved 1056768K
  class space    used 1001K, capacity 1064K, committed 1152K, reserved 1048576K
Event: 4.667 GC heap after
Heap after GC invocations=8 (full 0):
 PSYoungGen      total 246784K, used 2828K [0x000000076b100000, 0x000000077b980000, 0x00000007c0000000)
  eden space 242176K, 0% used [0x000000076b100000,0x000000076b100000,0x0000000779d80000)
  from space 4608K, 61% used [0x000000077b500000,0x000000077b7c3030,0x000000077b980000)
  to   space 14336K, 0% used [0x0000000779d80000,0x0000000779d80000,0x000000077ab80000)
 ParOldGen       total 175104K, used 15434K [0x00000006c1200000, 0x00000006cbd00000, 0x000000076b100000)
  object space 175104K, 8% used [0x00000006c1200000,0x00000006c2112970,0x00000006cbd00000)
 Metaspace       used 8417K, capacity 8564K, committed 8832K, reserved 1056768K
  class space    used 1001K, capacity 1064K, committed 1152K, reserved 1048576K
}

