# JRE version: Java(TM) SE Runtime Environment (8.0_111-b14) (build 1.8.0_111-b14)
# Java VM: Java HotSpot(TM) 64-Bit Server VM (25.111-b14 mixed mode windows-amd64 compressed oops)
Heap:
 PSYoungGen      total 35840K, used 3711K [0x000000076af80000, 0x0000000770600000, 0x00000007c0000000)
  eden space 35328K, 9% used [0x000000076af80000,0x000000076b2e7eb8,0x000000076d200000)
  from space 512K, 43% used [0x0000000770580000,0x00000007705b8000,0x0000000770600000)
  to   space 512K, 0% used [0x0000000770500000,0x0000000770500000,0x0000000770580000)
 ParOldGen       total 64512K, used 51961K [0x00000006c0e00000, 0x00000006c4d00000, 0x000000076af80000)
  object space 64512K, 80% used [0x00000006c0e00000,0x00000006c40be7f8,0x00000006c4d00000)
 Metaspace       used 8638K, capacity 8802K, committed 9088K, reserved 1056768K
  class space    used 1027K, capacity 1097K, committed 1152K, reserved 1048576K
GC Heap History (10 events):
Event: 56.977 GC heap before
{Heap before GC invocations=611 (full 5):
 PSYoungGen      total 30208K, used 29856K [0x000000076af80000, 0x0000000770600000, 0x00000007c0000000)
  eden space 29696K, 100% used [0x000000076af80000,0x000000076cc80000,0x000000076cc80000)
  from space 512K, 31% used [0x0000000770500000,0x0000000770528000,0x0000000770580000)
  to   space 512K, 0% used [0x0000000770580000,0x0000000770580000,0x0000000770600000)
 ParOldGen       total 64512K, used 35745K [0x00000006c0e00000, 0x00000006c4d00000, 0x000000076af80000)
  object space 64512K, 55% used [0x00000006c0e00000,0x00000006c30e86d8,0x00000006c4d00000)
 Metaspace       used 8636K, capacity 8802K, committed 9088K, reserved 1056768K
  class space    used 1027K, capacity 1097K, committed 1152K, reserved 1048576K
Event: 56.978 GC heap after
Heap after GC invocations=611 (full 5):
 PSYoungGen      total 30208K, used 192K [0x000000076af80000, 0x0000000770600000, 0x00000007c0000000)
  eden space 29696K, 0% used [0x000000076af80000,0x000000076af80000,0x000000076cc80000)
  from space 512K, 37% used [0x0000000770580000,0x00000007705b0000,0x0000000770600000)
  to   space 512K, 0% used [0x0000000770500000,0x0000000770500000,0x0000000770580000)
 ParOldGen       total 64512K, used 38445K [0x00000006c0e00000, 0x00000006c4d00000, 0x000000076af80000)
  object space 64512K, 59% used [0x00000006c0e00000,0x00000006c338b708,0x00000006c4d00000)
 Metaspace       used 8636K, capacity 8802K, committed 9088K, reserved 1056768K
  class space    used 1027K, capacity 1097K, committed 1152K, reserved 1048576K
}
Event: 57.095 GC heap before
{Heap before GC invocations=612 (full 5):
 PSYoungGen      total 30208K, used 29619K [0x000000076af80000, 0x0000000770600000, 0x00000007c0000000)
  eden space 29696K, 99% used [0x000000076af80000,0x000000076cc3cd58,0x000000076cc80000)
  from space 512K, 37% used [0x0000000770580000,0x00000007705b0000,0x0000000770600000)
  to   space 512K, 0% used [0x0000000770500000,0x0000000770500000,0x0000000770580000)
 ParOldGen       total 64512K, used 38445K [0x00000006c0e00000, 0x00000006c4d00000, 0x000000076af80000)
  object space 64512K, 59% used [0x00000006c0e00000,0x00000006c338b708,0x00000006c4d00000)
 Metaspace       used 8636K, capacity 8802K, committed 9088K, reserved 1056768K
  class space    used 1027K, capacity 1097K, committed 1152K, reserved 1048576K
Event: 57.096 GC heap after
Heap after GC invocations=612 (full 5):
 PSYoungGen      total 30208K, used 192K [0x000000076af80000, 0x0000000770600000, 0x00000007c0000000)
  eden space 29696K, 0% used [0x000000076af80000,0x000000076af80000,0x000000076cc80000)
  from space 512K, 37% used [0x0000000770500000,0x0000000770530000,0x0000000770580000)
  to   space 512K, 0% used [0x0000000770580000,0x0000000770580000,0x0000000770600000)
 ParOldGen       total 64512K, used 39345K [0x00000006c0e00000, 0x00000006c4d00000, 0x000000076af80000)
  object space 64512K, 60% used [0x00000006c0e00000,0x00000006c346c718,0x00000006c4d00000)
 Metaspace       used 8636K, capacity 8802K, committed 9088K, reserved 1056768K
  class space    used 1027K, capacity 1097K, committed 1152K, reserved 1048576K
}
Event: 57.201 GC heap before
{Heap before GC invocations=613 (full 5):
 PSYoungGen      total 30208K, used 29888K [0x000000076af80000, 0x0000000770600000, 0x00000007c0000000)
  eden space 29696K, 100% used [0x000000076af80000,0x000000076cc80000,0x000000076cc80000)
  from space 512K, 37% used [0x0000000770500000,0x0000000770530000,0x0000000770580000)
  to   space 512K, 0% used [0x0000000770580000,0x0000000770580000,0x0000000770600000)
 ParOldGen       total 64512K, used 39345K [0x00000006c0e00000, 0x00000006c4d00000, 0x000000076af80000)
  object space 64512K, 60% used [0x00000006c0e00000,0x00000006c346c718,0x00000006c4d00000)
 Metaspace       used 8636K, capacity 8802K, committed 9088K, reserved 1056768K
  class space    used 1027K, capacity 1097K, committed 1152K, reserved 1048576K
Event: 57.202 GC heap after
Heap after GC invocations=613 (full 5):
 PSYoungGen      total 30208K, used 192K [0x000000076af80000, 0x0000000770600000, 0x00000007c0000000)
  eden space 29696K, 0% used [0x000000076af80000,0x000000076af80000,0x000000076cc80000)
  from space 512K, 37% used [0x0000000770580000,0x00000007705b0000,0x0000000770600000)
  to   space 512K, 0% used [0x0000000770500000,0x0000000770500000,0x0000000770580000)
 ParOldGen       total 64512K, used 42045K [0x00000006c0e00000, 0x00000006c4d00000, 0x000000076af80000)
  object space 64512K, 65% used [0x00000006c0e00000,0x00000006c370f748,0x00000006c4d00000)
 Metaspace       used 8636K, capacity 8802K, committed 9088K, reserved 1056768K
  class space    used 1027K, capacity 1097K, committed 1152K, reserved 1048576K
}
Event: 57.308 GC heap before
{Heap before GC invocations=614 (full 5):
 PSYoungGen      total 30208K, used 29888K [0x000000076af80000, 0x0000000770600000, 0x00000007c0000000)
  eden space 29696K, 100% used [0x000000076af80000,0x000000076cc80000,0x000000076cc80000)
  from space 512K, 37% used [0x0000000770580000,0x00000007705b0000,0x0000000770600000)
  to   space 512K, 0% used [0x0000000770500000,0x0000000770500000,0x0000000770580000)
 ParOldGen       total 64512K, used 42045K [0x00000006c0e00000, 0x00000006c4d00000, 0x000000076af80000)
  object space 64512K, 65% used [0x00000006c0e00000,0x00000006c370f748,0x00000006c4d00000)
 Metaspace       used 8636K, capacity 8802K, committed 9088K, reserved 1056768K
  class space    used 1027K, capacity 1097K, committed 1152K, reserved 1048576K
Event: 57.309 GC heap after
Heap after GC invocations=614 (full 5):
 PSYoungGen      total 30208K, used 192K [0x000000076af80000, 0x0000000770600000, 0x00000007c0000000)
  eden space 29696K, 0% used [0x000000076af80000,0x000000076af80000,0x000000076cc80000)
  from space 512K, 37% used [0x0000000770500000,0x0000000770530000,0x0000000770580000)
  to   space 512K, 0% used [0x0000000770580000,0x0000000770580000,0x0000000770600000)
 ParOldGen       total 64512K, used 44745K [0x00000006c0e00000, 0x00000006c4d00000, 0x000000076af80000)
  object space 64512K, 69% used [0x00000006c0e00000,0x00000006c39b2778,0x00000006c4d00000)
 Metaspace       used 8636K, capacity 8802K, committed 9088K, reserved 1056768K
  class space    used 1027K, capacity 1097K, committed 1152K, reserved 1048576K
}
Event: 57.406 GC heap before
{Heap before GC invocations=615 (full 5):
 PSYoungGen      total 30208K, used 29888K [0x000000076af80000, 0x0000000770600000, 0x00000007c0000000)
  eden space 29696K, 100% used [0x000000076af80000,0x000000076cc80000,0x000000076cc80000)
  from space 512K, 37% used [0x0000000770500000,0x0000000770530000,0x0000000770580000)
  to   space 512K, 0% used [0x0000000770580000,0x0000000770580000,0x0000000770600000)
 ParOldGen       total 64512K, used 44745K [0x00000006c0e00000, 0x00000006c4d00000, 0x000000076af80000)
  object space 64512K, 69% used [0x00000006c0e00000,0x00000006c39b2778,0x00000006c4d00000)
 Metaspace       used 8637K, capacity 8802K, committed 9088K, reserved 1056768K
  class space    used 1027K, capacity 1097K, committed 1152K, reserved 1048576K
Event: 57.407 GC heap after
Heap after GC invocations=615 (full 5):
 PSYoungGen      total 35840K, used 224K [0x000000076af80000, 0x0000000770600000, 0x00000007c0000000)
  eden space 35328K, 0% used [0x000000076af80000,0x000000076af80000,0x000000076d200000)
  from space 512K, 43% used [0x0000000770580000,0x00000007705b8000,0x0000000770600000)
  to   space 512K, 0% used [0x0000000770500000,0x0000000770500000,0x0000000770580000)
 ParOldGen       total 64512K, used 51961K [0x00000006c0e00000, 0x00000006c4d00000, 0x000000076af80000)
  object space 64512K, 80% used [0x00000006c0e00000,0x00000006c40be7f8,0x00000006c4d00000)
 Metaspace       used 8637K, capacity 8802K, committed 9088K, reserved 1056768K
  class space    used 1027K, capacity 1097K, committed 1152K, reserved 1048576K
}

