# JRE version: Java(TM) SE Runtime Environment (8.0_111-b14) (build 1.8.0_111-b14)
# Java VM: Java HotSpot(TM) 64-Bit Server VM (25.111-b14 mixed mode windows-amd64 compressed oops)
Heap:
 PSYoungGen      total 34304K, used 10413K [0x000000076af80000, 0x000000076d700000, 0x00000007c0000000)
  eden space 29696K, 21% used [0x000000076af80000,0x000000076b5df5b8,0x000000076cc80000)
  from space 4608K, 84% used [0x000000076d180000,0x000000076d54c040,0x000000076d600000)
  to   space 5120K, 0% used [0x000000076cc80000,0x000000076cc80000,0x000000076d180000)
 ParOldGen       total 175104K, used 3408K [0x00000006c0e00000, 0x00000006cb900000, 0x000000076af80000)
  object space 175104K, 1% used [0x00000006c0e00000,0x00000006c11543a8,0x00000006cb900000)
 Metaspace       used 8698K, capacity 8870K, committed 9088K, reserved 1056768K
  class space    used 1031K, capacity 1097K, committed 1152K, reserved 1048576K
GC Heap History (10 events):
Event: 9.242 GC heap before
{Heap before GC invocations=64 (full 0):
 PSYoungGen      total 34816K, used 30304K [0x000000076af80000, 0x000000076d600000, 0x00000007c0000000)
  eden space 30208K, 100% used [0x000000076af80000,0x000000076cd00000,0x000000076cd00000)
  from space 4608K, 2% used [0x000000076cd00000,0x000000076cd18000,0x000000076d180000)
  to   space 4608K, 0% used [0x000000076d180000,0x000000076d180000,0x000000076d600000)
 ParOldGen       total 175104K, used 1584K [0x00000006c0e00000, 0x00000006cb900000, 0x000000076af80000)
  object space 175104K, 0% used [0x00000006c0e00000,0x00000006c0f8c388,0x00000006cb900000)
 Metaspace       used 8693K, capacity 8870K, committed 9088K, reserved 1056768K
  class space    used 1030K, capacity 1097K, committed 1152K, reserved 1048576K
Event: 9.243 GC heap after
Heap after GC invocations=64 (full 0):
 PSYoungGen      total 34816K, used 2828K [0x000000076af80000, 0x000000076d600000, 0x00000007c0000000)
  eden space 30208K, 0% used [0x000000076af80000,0x000000076af80000,0x000000076cd00000)
  from space 4608K, 61% used [0x000000076d180000,0x000000076d443030,0x000000076d600000)
  to   space 4608K, 0% used [0x000000076cd00000,0x000000076cd00000,0x000000076d180000)
 ParOldGen       total 175104K, used 1608K [0x00000006c0e00000, 0x00000006cb900000, 0x000000076af80000)
  object space 175104K, 0% used [0x00000006c0e00000,0x00000006c0f92388,0x00000006cb900000)
 Metaspace       used 8693K, capacity 8870K, committed 9088K, reserved 1056768K
  class space    used 1030K, capacity 1097K, committed 1152K, reserved 1048576K
}
Event: 9.343 GC heap before
{Heap before GC invocations=65 (full 0):
 PSYoungGen      total 34816K, used 32887K [0x000000076af80000, 0x000000076d600000, 0x00000007c0000000)
  eden space 30208K, 99% used [0x000000076af80000,0x000000076ccdaca8,0x000000076cd00000)
  from space 4608K, 61% used [0x000000076d180000,0x000000076d443030,0x000000076d600000)
  to   space 4608K, 0% used [0x000000076cd00000,0x000000076cd00000,0x000000076d180000)
 ParOldGen       total 175104K, used 1608K [0x00000006c0e00000, 0x00000006cb900000, 0x000000076af80000)
  object space 175104K, 0% used [0x00000006c0e00000,0x00000006c0f92388,0x00000006cb900000)
 Metaspace       used 8693K, capacity 8870K, committed 9088K, reserved 1056768K
  class space    used 1030K, capacity 1097K, committed 1152K, reserved 1048576K
Event: 9.344 GC heap after
Heap after GC invocations=65 (full 0):
 PSYoungGen      total 34816K, used 96K [0x000000076af80000, 0x000000076d600000, 0x00000007c0000000)
  eden space 30208K, 0% used [0x000000076af80000,0x000000076af80000,0x000000076cd00000)
  from space 4608K, 2% used [0x000000076cd00000,0x000000076cd18000,0x000000076d180000)
  to   space 4608K, 0% used [0x000000076d180000,0x000000076d180000,0x000000076d600000)
 ParOldGen       total 175104K, used 1608K [0x00000006c0e00000, 0x00000006cb900000, 0x000000076af80000)
  object space 175104K, 0% used [0x00000006c0e00000,0x00000006c0f92388,0x00000006cb900000)
 Metaspace       used 8693K, capacity 8870K, committed 9088K, reserved 1056768K
  class space    used 1030K, capacity 1097K, committed 1152K, reserved 1048576K
}
Event: 9.440 GC heap before
{Heap before GC invocations=66 (full 0):
 PSYoungGen      total 34816K, used 30193K [0x000000076af80000, 0x000000076d600000, 0x00000007c0000000)
  eden space 30208K, 99% used [0x000000076af80000,0x000000076cce46a0,0x000000076cd00000)
  from space 4608K, 2% used [0x000000076cd00000,0x000000076cd18000,0x000000076d180000)
  to   space 4608K, 0% used [0x000000076d180000,0x000000076d180000,0x000000076d600000)
 ParOldGen       total 175104K, used 1608K [0x00000006c0e00000, 0x00000006cb900000, 0x000000076af80000)
  object space 175104K, 0% used [0x00000006c0e00000,0x00000006c0f92388,0x00000006cb900000)
 Metaspace       used 8693K, capacity 8870K, committed 9088K, reserved 1056768K
  class space    used 1030K, capacity 1097K, committed 1152K, reserved 1048576K
Event: 9.440 GC heap after
Heap after GC invocations=66 (full 0):
 PSYoungGen      total 34816K, used 96K [0x000000076af80000, 0x000000076d600000, 0x00000007c0000000)
  eden space 30208K, 0% used [0x000000076af80000,0x000000076af80000,0x000000076cd00000)
  from space 4608K, 2% used [0x000000076d180000,0x000000076d198000,0x000000076d600000)
  to   space 4608K, 0% used [0x000000076cd00000,0x000000076cd00000,0x000000076d180000)
 ParOldGen       total 175104K, used 1608K [0x00000006c0e00000, 0x00000006cb900000, 0x000000076af80000)
  object space 175104K, 0% used [0x00000006c0e00000,0x00000006c0f92388,0x00000006cb900000)
 Metaspace       used 8693K, capacity 8870K, committed 9088K, reserved 1056768K
  class space    used 1030K, capacity 1097K, committed 1152K, reserved 1048576K
}
Event: 9.535 GC heap before
{Heap before GC invocations=67 (full 0):
 PSYoungGen      total 34816K, used 30304K [0x000000076af80000, 0x000000076d600000, 0x00000007c0000000)
  eden space 30208K, 100% used [0x000000076af80000,0x000000076cd00000,0x000000076cd00000)
  from space 4608K, 2% used [0x000000076d180000,0x000000076d198000,0x000000076d600000)
  to   space 4608K, 0% used [0x000000076cd00000,0x000000076cd00000,0x000000076d180000)
 ParOldGen       total 175104K, used 1608K [0x00000006c0e00000, 0x00000006cb900000, 0x000000076af80000)
  object space 175104K, 0% used [0x00000006c0e00000,0x00000006c0f92388,0x00000006cb900000)
 Metaspace       used 8693K, capacity 8870K, committed 9088K, reserved 1056768K
  class space    used 1030K, capacity 1097K, committed 1152K, reserved 1048576K
Event: 9.536 GC heap after
Heap after GC invocations=67 (full 0):
 PSYoungGen      total 34816K, used 96K [0x000000076af80000, 0x000000076d600000, 0x00000007c0000000)
  eden space 30208K, 0% used [0x000000076af80000,0x000000076af80000,0x000000076cd00000)
  from space 4608K, 2% used [0x000000076cd00000,0x000000076cd18000,0x000000076d180000)
  to   space 4608K, 0% used [0x000000076d180000,0x000000076d180000,0x000000076d600000)
 ParOldGen       total 175104K, used 1608K [0x00000006c0e00000, 0x00000006cb900000, 0x000000076af80000)
  object space 175104K, 0% used [0x00000006c0e00000,0x00000006c0f92388,0x00000006cb900000)
 Metaspace       used 8693K, capacity 8870K, committed 9088K, reserved 1056768K
  class space    used 1030K, capacity 1097K, committed 1152K, reserved 1048576K
}
Event: 9.628 GC heap before
{Heap before GC invocations=68 (full 0):
 PSYoungGen      total 34816K, used 30304K [0x000000076af80000, 0x000000076d600000, 0x00000007c0000000)
  eden space 30208K, 100% used [0x000000076af80000,0x000000076cd00000,0x000000076cd00000)
  from space 4608K, 2% used [0x000000076cd00000,0x000000076cd18000,0x000000076d180000)
  to   space 4608K, 0% used [0x000000076d180000,0x000000076d180000,0x000000076d600000)
 ParOldGen       total 175104K, used 1608K [0x00000006c0e00000, 0x00000006cb900000, 0x000000076af80000)
  object space 175104K, 0% used [0x00000006c0e00000,0x00000006c0f92388,0x00000006cb900000)
 Metaspace       used 8698K, capacity 8870K, committed 9088K, reserved 1056768K
  class space    used 1031K, capacity 1097K, committed 1152K, reserved 1048576K
Event: 9.629 GC heap after
Heap after GC invocations=68 (full 0):
 PSYoungGen      total 34304K, used 3888K [0x000000076af80000, 0x000000076d700000, 0x00000007c0000000)
  eden space 29696K, 0% used [0x000000076af80000,0x000000076af80000,0x000000076cc80000)
  from space 4608K, 84% used [0x000000076d180000,0x000000076d54c040,0x000000076d600000)
  to   space 5120K, 0% used [0x000000076cc80000,0x000000076cc80000,0x000000076d180000)
 ParOldGen       total 175104K, used 3408K [0x00000006c0e00000, 0x00000006cb900000, 0x000000076af80000)
  object space 175104K, 1% used [0x00000006c0e00000,0x00000006c11543a8,0x00000006cb900000)
 Metaspace       used 8698K, capacity 8870K, committed 9088K, reserved 1056768K
  class space    used 1031K, capacity 1097K, committed 1152K, reserved 1048576K
}

