# JRE version: Java(TM) SE Runtime Environment (8.0_111-b14) (build 1.8.0_111-b14)
# Java VM: Java HotSpot(TM) 64-Bit Server VM (25.111-b14 mixed mode windows-amd64 compressed oops)
Heap:
 PSYoungGen      total 36864K, used 26073K [0x000000076b100000, 0x000000076da00000, 0x00000007c0000000)
  eden space 31744K, 79% used [0x000000076b100000,0x000000076c985670,0x000000076d000000)
  from space 5120K, 18% used [0x000000076d000000,0x000000076d0f1010,0x000000076d500000)
  to   space 5120K, 0% used [0x000000076d500000,0x000000076d500000,0x000000076da00000)
 ParOldGen       total 79872K, used 6465K [0x00000006c1200000, 0x00000006c6000000, 0x000000076b100000)
  object space 79872K, 8% used [0x00000006c1200000,0x00000006c18505b8,0x00000006c6000000)
 Metaspace       used 8569K, capacity 8696K, committed 8832K, reserved 1056768K
  class space    used 1002K, capacity 1064K, committed 1152K, reserved 1048576K
GC Heap History (10 events):
Event: 34.185 GC heap before
{Heap before GC invocations=347 (full 2):
 PSYoungGen      total 37888K, used 35665K [0x000000076b100000, 0x000000076db80000, 0x00000007c0000000)
  eden space 33280K, 98% used [0x000000076b100000,0x000000076d1117c8,0x000000076d180000)
  from space 4608K, 61% used [0x000000076d700000,0x000000076d9c3030,0x000000076db80000)
  to   space 5120K, 0% used [0x000000076d180000,0x000000076d180000,0x000000076d680000)
 ParOldGen       total 79872K, used 6465K [0x00000006c1200000, 0x00000006c6000000, 0x000000076b100000)
  object space 79872K, 8% used [0x00000006c1200000,0x00000006c18505b8,0x00000006c6000000)
 Metaspace       used 8568K, capacity 8696K, committed 8832K, reserved 1056768K
  class space    used 1002K, capacity 1064K, committed 1152K, reserved 1048576K
Event: 34.186 GC heap after
Heap after GC invocations=347 (full 2):
 PSYoungGen      total 34304K, used 1028K [0x000000076b100000, 0x000000076db00000, 0x00000007c0000000)
  eden space 32768K, 0% used [0x000000076b100000,0x000000076b100000,0x000000076d100000)
  from space 1536K, 66% used [0x000000076d180000,0x000000076d281010,0x000000076d300000)
  to   space 5120K, 0% used [0x000000076d600000,0x000000076d600000,0x000000076db00000)
 ParOldGen       total 79872K, used 6465K [0x00000006c1200000, 0x00000006c6000000, 0x000000076b100000)
  object space 79872K, 8% used [0x00000006c1200000,0x00000006c18505b8,0x00000006c6000000)
 Metaspace       used 8568K, capacity 8696K, committed 8832K, reserved 1056768K
  class space    used 1002K, capacity 1064K, committed 1152K, reserved 1048576K
}
Event: 34.290 GC heap before
{Heap before GC invocations=348 (full 2):
 PSYoungGen      total 34304K, used 33796K [0x000000076b100000, 0x000000076db00000, 0x00000007c0000000)
  eden space 32768K, 100% used [0x000000076b100000,0x000000076d100000,0x000000076d100000)
  from space 1536K, 66% used [0x000000076d180000,0x000000076d281010,0x000000076d300000)
  to   space 5120K, 0% used [0x000000076d600000,0x000000076d600000,0x000000076db00000)
 ParOldGen       total 79872K, used 6465K [0x00000006c1200000, 0x00000006c6000000, 0x000000076b100000)
  object space 79872K, 8% used [0x00000006c1200000,0x00000006c18505b8,0x00000006c6000000)
 Metaspace       used 8568K, capacity 8696K, committed 8832K, reserved 1056768K
  class space    used 1002K, capacity 1064K, committed 1152K, reserved 1048576K
Event: 34.291 GC heap after
Heap after GC invocations=348 (full 2):
 PSYoungGen      total 36864K, used 2828K [0x000000076b100000, 0x000000076da80000, 0x00000007c0000000)
  eden space 32256K, 0% used [0x000000076b100000,0x000000076b100000,0x000000076d080000)
  from space 4608K, 61% used [0x000000076d600000,0x000000076d8c3030,0x000000076da80000)
  to   space 5120K, 0% used [0x000000076d080000,0x000000076d080000,0x000000076d580000)
 ParOldGen       total 79872K, used 6465K [0x00000006c1200000, 0x00000006c6000000, 0x000000076b100000)
  object space 79872K, 8% used [0x00000006c1200000,0x00000006c18505b8,0x00000006c6000000)
 Metaspace       used 8568K, capacity 8696K, committed 8832K, reserved 1056768K
  class space    used 1002K, capacity 1064K, committed 1152K, reserved 1048576K
}
Event: 34.411 GC heap before
{Heap before GC invocations=349 (full 2):
 PSYoungGen      total 36864K, used 35084K [0x000000076b100000, 0x000000076da80000, 0x00000007c0000000)
  eden space 32256K, 100% used [0x000000076b100000,0x000000076d080000,0x000000076d080000)
  from space 4608K, 61% used [0x000000076d600000,0x000000076d8c3030,0x000000076da80000)
  to   space 5120K, 0% used [0x000000076d080000,0x000000076d080000,0x000000076d580000)
 ParOldGen       total 79872K, used 6465K [0x00000006c1200000, 0x00000006c6000000, 0x000000076b100000)
  object space 79872K, 8% used [0x00000006c1200000,0x00000006c18505b8,0x00000006c6000000)
 Metaspace       used 8568K, capacity 8696K, committed 8832K, reserved 1056768K
  class space    used 1002K, capacity 1064K, committed 1152K, reserved 1048576K
Event: 34.411 GC heap after
Heap after GC invocations=349 (full 2):
 PSYoungGen      total 34816K, used 2828K [0x000000076b100000, 0x000000076da00000, 0x00000007c0000000)
  eden space 31744K, 0% used [0x000000076b100000,0x000000076b100000,0x000000076d000000)
  from space 3072K, 92% used [0x000000076d080000,0x000000076d343030,0x000000076d380000)
  to   space 5120K, 0% used [0x000000076d500000,0x000000076d500000,0x000000076da00000)
 ParOldGen       total 79872K, used 6465K [0x00000006c1200000, 0x00000006c6000000, 0x000000076b100000)
  object space 79872K, 8% used [0x00000006c1200000,0x00000006c18505b8,0x00000006c6000000)
 Metaspace       used 8568K, capacity 8696K, committed 8832K, reserved 1056768K
  class space    used 1002K, capacity 1064K, committed 1152K, reserved 1048576K
}
Event: 34.534 GC heap before
{Heap before GC invocations=350 (full 2):
 PSYoungGen      total 34816K, used 34572K [0x000000076b100000, 0x000000076da00000, 0x00000007c0000000)
  eden space 31744K, 100% used [0x000000076b100000,0x000000076d000000,0x000000076d000000)
  from space 3072K, 92% used [0x000000076d080000,0x000000076d343030,0x000000076d380000)
  to   space 5120K, 0% used [0x000000076d500000,0x000000076d500000,0x000000076da00000)
 ParOldGen       total 79872K, used 6465K [0x00000006c1200000, 0x00000006c6000000, 0x000000076b100000)
  object space 79872K, 8% used [0x00000006c1200000,0x00000006c18505b8,0x00000006c6000000)
 Metaspace       used 8568K, capacity 8696K, committed 8832K, reserved 1056768K
  class space    used 1002K, capacity 1064K, committed 1152K, reserved 1048576K
Event: 34.534 GC heap after
Heap after GC invocations=350 (full 2):
 PSYoungGen      total 36864K, used 2828K [0x000000076b100000, 0x000000076da00000, 0x00000007c0000000)
  eden space 31744K, 0% used [0x000000076b100000,0x000000076b100000,0x000000076d000000)
  from space 5120K, 55% used [0x000000076d500000,0x000000076d7c3030,0x000000076da00000)
  to   space 5120K, 0% used [0x000000076d000000,0x000000076d000000,0x000000076d500000)
 ParOldGen       total 79872K, used 6465K [0x00000006c1200000, 0x00000006c6000000, 0x000000076b100000)
  object space 79872K, 8% used [0x00000006c1200000,0x00000006c18505b8,0x00000006c6000000)
 Metaspace       used 8568K, capacity 8696K, committed 8832K, reserved 1056768K
  class space    used 1002K, capacity 1064K, committed 1152K, reserved 1048576K
}
Event: 34.652 GC heap before
{Heap before GC invocations=351 (full 2):
 PSYoungGen      total 36864K, used 33859K [0x000000076b100000, 0x000000076da00000, 0x00000007c0000000)
  eden space 31744K, 97% used [0x000000076b100000,0x000000076cf4df98,0x000000076d000000)
  from space 5120K, 55% used [0x000000076d500000,0x000000076d7c3030,0x000000076da00000)
  to   space 5120K, 0% used [0x000000076d000000,0x000000076d000000,0x000000076d500000)
 ParOldGen       total 79872K, used 6465K [0x00000006c1200000, 0x00000006c6000000, 0x000000076b100000)
  object space 79872K, 8% used [0x00000006c1200000,0x00000006c18505b8,0x00000006c6000000)
 Metaspace       used 8569K, capacity 8696K, committed 8832K, reserved 1056768K
  class space    used 1002K, capacity 1064K, committed 1152K, reserved 1048576K
Event: 34.654 GC heap after
Heap after GC invocations=351 (full 2):
 PSYoungGen      total 36864K, used 964K [0x000000076b100000, 0x000000076da00000, 0x00000007c0000000)
  eden space 31744K, 0% used [0x000000076b100000,0x000000076b100000,0x000000076d000000)
  from space 5120K, 18% used [0x000000076d000000,0x000000076d0f1010,0x000000076d500000)
  to   space 5120K, 0% used [0x000000076d500000,0x000000076d500000,0x000000076da00000)
 ParOldGen       total 79872K, used 6465K [0x00000006c1200000, 0x00000006c6000000, 0x000000076b100000)
  object space 79872K, 8% used [0x00000006c1200000,0x00000006c18505b8,0x00000006c6000000)
 Metaspace       used 8569K, capacity 8696K, committed 8832K, reserved 1056768K
  class space    used 1002K, capacity 1064K, committed 1152K, reserved 1048576K
}

