# JRE version: Java(TM) SE Runtime Environment (8.0_111-b14) (build 1.8.0_111-b14)
# Java VM: Java HotSpot(TM) 64-Bit Server VM (25.111-b14 mixed mode windows-amd64 compressed oops)
Heap:
 PSYoungGen      total 28672K, used 18936K [0x000000076af80000, 0x000000076d680000, 0x00000007c0000000)
  eden space 24064K, 62% used [0x000000076af80000,0x000000076be39fe8,0x000000076c700000)
  from space 4608K, 83% used [0x000000076cc00000,0x000000076cfc4040,0x000000076d080000)
  to   space 5120K, 0% used [0x000000076c700000,0x000000076c700000,0x000000076cc00000)
 ParOldGen       total 175104K, used 4472K [0x00000006c0e00000, 0x00000006cb900000, 0x000000076af80000)
  object space 175104K, 2% used [0x00000006c0e00000,0x00000006c125e3a8,0x00000006cb900000)
 Metaspace       used 8654K, capacity 8802K, committed 9088K, reserved 1056768K
  class space    used 1026K, capacity 1097K, committed 1152K, reserved 1048576K
GC Heap History (10 events):
Event: 49.247 GC heap before
{Heap before GC invocations=450 (full 0):
 PSYoungGen      total 29184K, used 27436K [0x000000076af80000, 0x000000076d080000, 0x00000007c0000000)
  eden space 24576K, 100% used [0x000000076af80000,0x000000076c780000,0x000000076c780000)
  from space 4608K, 62% used [0x000000076c780000,0x000000076ca4b030,0x000000076cc00000)
  to   space 4608K, 0% used [0x000000076cc00000,0x000000076cc00000,0x000000076d080000)
 ParOldGen       total 175104K, used 2672K [0x00000006c0e00000, 0x00000006cb900000, 0x000000076af80000)
  object space 175104K, 1% used [0x00000006c0e00000,0x00000006c109c388,0x00000006cb900000)
 Metaspace       used 8649K, capacity 8802K, committed 9088K, reserved 1056768K
  class space    used 1026K, capacity 1097K, committed 1152K, reserved 1048576K
Event: 49.247 GC heap after
Heap after GC invocations=450 (full 0):
 PSYoungGen      total 29184K, used 2956K [0x000000076af80000, 0x000000076d080000, 0x00000007c0000000)
  eden space 24576K, 0% used [0x000000076af80000,0x000000076af80000,0x000000076c780000)
  from space 4608K, 64% used [0x000000076cc00000,0x000000076cee3030,0x000000076d080000)
  to   space 4608K, 0% used [0x000000076c780000,0x000000076c780000,0x000000076cc00000)
 ParOldGen       total 175104K, used 2672K [0x00000006c0e00000, 0x00000006cb900000, 0x000000076af80000)
  object space 175104K, 1% used [0x00000006c0e00000,0x00000006c109c388,0x00000006cb900000)
 Metaspace       used 8649K, capacity 8802K, committed 9088K, reserved 1056768K
  class space    used 1026K, capacity 1097K, committed 1152K, reserved 1048576K
}
Event: 49.334 GC heap before
{Heap before GC invocations=451 (full 0):
 PSYoungGen      total 29184K, used 27116K [0x000000076af80000, 0x000000076d080000, 0x00000007c0000000)
  eden space 24576K, 98% used [0x000000076af80000,0x000000076c718028,0x000000076c780000)
  from space 4608K, 64% used [0x000000076cc00000,0x000000076cee3030,0x000000076d080000)
  to   space 4608K, 0% used [0x000000076c780000,0x000000076c780000,0x000000076cc00000)
 ParOldGen       total 175104K, used 2672K [0x00000006c0e00000, 0x00000006cb900000, 0x000000076af80000)
  object space 175104K, 1% used [0x00000006c0e00000,0x00000006c109c388,0x00000006cb900000)
 Metaspace       used 8649K, capacity 8802K, committed 9088K, reserved 1056768K
  class space    used 1026K, capacity 1097K, committed 1152K, reserved 1048576K
Event: 49.335 GC heap after
Heap after GC invocations=451 (full 0):
 PSYoungGen      total 29184K, used 1060K [0x000000076af80000, 0x000000076d080000, 0x00000007c0000000)
  eden space 24576K, 0% used [0x000000076af80000,0x000000076af80000,0x000000076c780000)
  from space 4608K, 23% used [0x000000076c780000,0x000000076c889010,0x000000076cc00000)
  to   space 4608K, 0% used [0x000000076cc00000,0x000000076cc00000,0x000000076d080000)
 ParOldGen       total 175104K, used 2672K [0x00000006c0e00000, 0x00000006cb900000, 0x000000076af80000)
  object space 175104K, 1% used [0x00000006c0e00000,0x00000006c109c388,0x00000006cb900000)
 Metaspace       used 8649K, capacity 8802K, committed 9088K, reserved 1056768K
  class space    used 1026K, capacity 1097K, committed 1152K, reserved 1048576K
}
Event: 49.405 GC heap before
{Heap before GC invocations=452 (full 0):
 PSYoungGen      total 29184K, used 25636K [0x000000076af80000, 0x000000076d080000, 0x00000007c0000000)
  eden space 24576K, 100% used [0x000000076af80000,0x000000076c780000,0x000000076c780000)
  from space 4608K, 23% used [0x000000076c780000,0x000000076c889010,0x000000076cc00000)
  to   space 4608K, 0% used [0x000000076cc00000,0x000000076cc00000,0x000000076d080000)
 ParOldGen       total 175104K, used 2672K [0x00000006c0e00000, 0x00000006cb900000, 0x000000076af80000)
  object space 175104K, 1% used [0x00000006c0e00000,0x00000006c109c388,0x00000006cb900000)
 Metaspace       used 8649K, capacity 8802K, committed 9088K, reserved 1056768K
  class space    used 1026K, capacity 1097K, committed 1152K, reserved 1048576K
Event: 49.406 GC heap after
Heap after GC invocations=452 (full 0):
 PSYoungGen      total 29184K, used 2828K [0x000000076af80000, 0x000000076d080000, 0x00000007c0000000)
  eden space 24576K, 0% used [0x000000076af80000,0x000000076af80000,0x000000076c780000)
  from space 4608K, 61% used [0x000000076cc00000,0x000000076cec3030,0x000000076d080000)
  to   space 4608K, 0% used [0x000000076c780000,0x000000076c780000,0x000000076cc00000)
 ParOldGen       total 175104K, used 2672K [0x00000006c0e00000, 0x00000006cb900000, 0x000000076af80000)
  object space 175104K, 1% used [0x00000006c0e00000,0x00000006c109c388,0x00000006cb900000)
 Metaspace       used 8649K, capacity 8802K, committed 9088K, reserved 1056768K
  class space    used 1026K, capacity 1097K, committed 1152K, reserved 1048576K
}
Event: 49.494 GC heap before
{Heap before GC invocations=453 (full 0):
 PSYoungGen      total 29184K, used 26898K [0x000000076af80000, 0x000000076d080000, 0x00000007c0000000)
  eden space 24576K, 97% used [0x000000076af80000,0x000000076c701860,0x000000076c780000)
  from space 4608K, 61% used [0x000000076cc00000,0x000000076cec3030,0x000000076d080000)
  to   space 4608K, 0% used [0x000000076c780000,0x000000076c780000,0x000000076cc00000)
 ParOldGen       total 175104K, used 2672K [0x00000006c0e00000, 0x00000006cb900000, 0x000000076af80000)
  object space 175104K, 1% used [0x00000006c0e00000,0x00000006c109c388,0x00000006cb900000)
 Metaspace       used 8649K, capacity 8802K, committed 9088K, reserved 1056768K
  class space    used 1026K, capacity 1097K, committed 1152K, reserved 1048576K
Event: 49.495 GC heap after
Heap after GC invocations=453 (full 0):
 PSYoungGen      total 29184K, used 1028K [0x000000076af80000, 0x000000076d080000, 0x00000007c0000000)
  eden space 24576K, 0% used [0x000000076af80000,0x000000076af80000,0x000000076c780000)
  from space 4608K, 22% used [0x000000076c780000,0x000000076c881010,0x000000076cc00000)
  to   space 4608K, 0% used [0x000000076cc00000,0x000000076cc00000,0x000000076d080000)
 ParOldGen       total 175104K, used 2672K [0x00000006c0e00000, 0x00000006cb900000, 0x000000076af80000)
  object space 175104K, 1% used [0x00000006c0e00000,0x00000006c109c388,0x00000006cb900000)
 Metaspace       used 8649K, capacity 8802K, committed 9088K, reserved 1056768K
  class space    used 1026K, capacity 1097K, committed 1152K, reserved 1048576K
}
Event: 49.579 GC heap before
{Heap before GC invocations=454 (full 0):
 PSYoungGen      total 29184K, used 25604K [0x000000076af80000, 0x000000076d080000, 0x00000007c0000000)
  eden space 24576K, 100% used [0x000000076af80000,0x000000076c780000,0x000000076c780000)
  from space 4608K, 22% used [0x000000076c780000,0x000000076c881010,0x000000076cc00000)
  to   space 4608K, 0% used [0x000000076cc00000,0x000000076cc00000,0x000000076d080000)
 ParOldGen       total 175104K, used 2672K [0x00000006c0e00000, 0x00000006cb900000, 0x000000076af80000)
  object space 175104K, 1% used [0x00000006c0e00000,0x00000006c109c388,0x00000006cb900000)
 Metaspace       used 8654K, capacity 8802K, committed 9088K, reserved 1056768K
  class space    used 1026K, capacity 1097K, committed 1152K, reserved 1048576K
Event: 49.581 GC heap after
Heap after GC invocations=454 (full 0):
 PSYoungGen      total 28672K, used 3856K [0x000000076af80000, 0x000000076d680000, 0x00000007c0000000)
  eden space 24064K, 0% used [0x000000076af80000,0x000000076af80000,0x000000076c700000)
  from space 4608K, 83% used [0x000000076cc00000,0x000000076cfc4040,0x000000076d080000)
  to   space 5120K, 0% used [0x000000076c700000,0x000000076c700000,0x000000076cc00000)
 ParOldGen       total 175104K, used 4472K [0x00000006c0e00000, 0x00000006cb900000, 0x000000076af80000)
  object space 175104K, 2% used [0x00000006c0e00000,0x00000006c125e3a8,0x00000006cb900000)
 Metaspace       used 8654K, capacity 8802K, committed 9088K, reserved 1056768K
  class space    used 1026K, capacity 1097K, committed 1152K, reserved 1048576K
}

