# JRE version: Java(TM) SE Runtime Environment (8.0_111-b14) (build 1.8.0_111-b14)
# Java VM: Java HotSpot(TM) 64-Bit Server VM (25.111-b14 mixed mode windows-amd64 compressed oops)
Heap:
 PSYoungGen      total 36352K, used 14030K [0x000000076af80000, 0x000000076da00000, 0x00000007c0000000)
  eden space 31232K, 29% used [0x000000076af80000,0x000000076b886998,0x000000076ce00000)
  from space 5120K, 93% used [0x000000076ce00000,0x000000076d2ad050,0x000000076d300000)
  to   space 6144K, 0% used [0x000000076d400000,0x000000076d400000,0x000000076da00000)
 ParOldGen       total 175104K, used 15181K [0x00000006c0e00000, 0x00000006cb900000, 0x000000076af80000)
  object space 175104K, 8% used [0x00000006c0e00000,0x00000006c1cd3478,0x00000006cb900000)
 Metaspace       used 8661K, capacity 8798K, committed 9088K, reserved 1056768K
  class space    used 1030K, capacity 1097K, committed 1152K, reserved 1048576K
GC Heap History (10 events):
Event: 9.432 GC heap before
{Heap before GC invocations=69 (full 0):
 PSYoungGen      total 37888K, used 36204K [0x000000076af80000, 0x000000076da00000, 0x00000007c0000000)
  eden space 33280K, 100% used [0x000000076af80000,0x000000076d000000,0x000000076d000000)
  from space 4608K, 63% used [0x000000076d580000,0x000000076d85b030,0x000000076da00000)
  to   space 5120K, 0% used [0x000000076d000000,0x000000076d000000,0x000000076d500000)
 ParOldGen       total 175104K, used 14281K [0x00000006c0e00000, 0x00000006cb900000, 0x000000076af80000)
  object space 175104K, 8% used [0x00000006c0e00000,0x00000006c1bf2468,0x00000006cb900000)
 Metaspace       used 8656K, capacity 8798K, committed 9088K, reserved 1056768K
  class space    used 1029K, capacity 1097K, committed 1152K, reserved 1048576K
Event: 9.433 GC heap after
Heap after GC invocations=69 (full 0):
 PSYoungGen      total 35840K, used 2924K [0x000000076af80000, 0x000000076d980000, 0x00000007c0000000)
  eden space 32768K, 0% used [0x000000076af80000,0x000000076af80000,0x000000076cf80000)
  from space 3072K, 95% used [0x000000076d000000,0x000000076d2db030,0x000000076d300000)
  to   space 5120K, 0% used [0x000000076d480000,0x000000076d480000,0x000000076d980000)
 ParOldGen       total 175104K, used 14281K [0x00000006c0e00000, 0x00000006cb900000, 0x000000076af80000)
  object space 175104K, 8% used [0x00000006c0e00000,0x00000006c1bf2468,0x00000006cb900000)
 Metaspace       used 8656K, capacity 8798K, committed 9088K, reserved 1056768K
  class space    used 1029K, capacity 1097K, committed 1152K, reserved 1048576K
}
Event: 9.573 GC heap before
{Heap before GC invocations=70 (full 0):
 PSYoungGen      total 35840K, used 35692K [0x000000076af80000, 0x000000076d980000, 0x00000007c0000000)
  eden space 32768K, 100% used [0x000000076af80000,0x000000076cf80000,0x000000076cf80000)
  from space 3072K, 95% used [0x000000076d000000,0x000000076d2db030,0x000000076d300000)
  to   space 5120K, 0% used [0x000000076d480000,0x000000076d480000,0x000000076d980000)
 ParOldGen       total 175104K, used 14281K [0x00000006c0e00000, 0x00000006cb900000, 0x000000076af80000)
  object space 175104K, 8% used [0x00000006c0e00000,0x00000006c1bf2468,0x00000006cb900000)
 Metaspace       used 8656K, capacity 8798K, committed 9088K, reserved 1056768K
  class space    used 1029K, capacity 1097K, committed 1152K, reserved 1048576K
Event: 9.574 GC heap after
Heap after GC invocations=70 (full 0):
 PSYoungGen      total 36864K, used 192K [0x000000076af80000, 0x000000076d900000, 0x00000007c0000000)
  eden space 32256K, 0% used [0x000000076af80000,0x000000076af80000,0x000000076cf00000)
  from space 4608K, 4% used [0x000000076d480000,0x000000076d4b0000,0x000000076d900000)
  to   space 5120K, 0% used [0x000000076cf00000,0x000000076cf00000,0x000000076d400000)
 ParOldGen       total 175104K, used 14281K [0x00000006c0e00000, 0x00000006cb900000, 0x000000076af80000)
  object space 175104K, 8% used [0x00000006c0e00000,0x00000006c1bf2468,0x00000006cb900000)
 Metaspace       used 8656K, capacity 8798K, committed 9088K, reserved 1056768K
  class space    used 1029K, capacity 1097K, committed 1152K, reserved 1048576K
}
Event: 9.681 GC heap before
{Heap before GC invocations=71 (full 0):
 PSYoungGen      total 36864K, used 32448K [0x000000076af80000, 0x000000076d900000, 0x00000007c0000000)
  eden space 32256K, 100% used [0x000000076af80000,0x000000076cf00000,0x000000076cf00000)
  from space 4608K, 4% used [0x000000076d480000,0x000000076d4b0000,0x000000076d900000)
  to   space 5120K, 0% used [0x000000076cf00000,0x000000076cf00000,0x000000076d400000)
 ParOldGen       total 175104K, used 14281K [0x00000006c0e00000, 0x00000006cb900000, 0x000000076af80000)
  object space 175104K, 8% used [0x00000006c0e00000,0x00000006c1bf2468,0x00000006cb900000)
 Metaspace       used 8656K, capacity 8798K, committed 9088K, reserved 1056768K
  class space    used 1029K, capacity 1097K, committed 1152K, reserved 1048576K
Event: 9.683 GC heap after
Heap after GC invocations=71 (full 0):
 PSYoungGen      total 36864K, used 2828K [0x000000076af80000, 0x000000076d980000, 0x00000007c0000000)
  eden space 31744K, 0% used [0x000000076af80000,0x000000076af80000,0x000000076ce80000)
  from space 5120K, 55% used [0x000000076cf00000,0x000000076d1c3030,0x000000076d400000)
  to   space 5632K, 0% used [0x000000076d400000,0x000000076d400000,0x000000076d980000)
 ParOldGen       total 175104K, used 14281K [0x00000006c0e00000, 0x00000006cb900000, 0x000000076af80000)
  object space 175104K, 8% used [0x00000006c0e00000,0x00000006c1bf2468,0x00000006cb900000)
 Metaspace       used 8656K, capacity 8798K, committed 9088K, reserved 1056768K
  class space    used 1029K, capacity 1097K, committed 1152K, reserved 1048576K
}
Event: 9.796 GC heap before
{Heap before GC invocations=72 (full 0):
 PSYoungGen      total 36864K, used 34105K [0x000000076af80000, 0x000000076d980000, 0x00000007c0000000)
  eden space 31744K, 98% used [0x000000076af80000,0x000000076ce0b540,0x000000076ce80000)
  from space 5120K, 55% used [0x000000076cf00000,0x000000076d1c3030,0x000000076d400000)
  to   space 5632K, 0% used [0x000000076d400000,0x000000076d400000,0x000000076d980000)
 ParOldGen       total 175104K, used 14281K [0x00000006c0e00000, 0x00000006cb900000, 0x000000076af80000)
  object space 175104K, 8% used [0x00000006c0e00000,0x00000006c1bf2468,0x00000006cb900000)
 Metaspace       used 8656K, capacity 8798K, committed 9088K, reserved 1056768K
  class space    used 1029K, capacity 1097K, committed 1152K, reserved 1048576K
Event: 9.797 GC heap after
Heap after GC invocations=72 (full 0):
 PSYoungGen      total 35328K, used 160K [0x000000076af80000, 0x000000076d800000, 0x00000007c0000000)
  eden space 31232K, 0% used [0x000000076af80000,0x000000076af80000,0x000000076ce00000)
  from space 4096K, 3% used [0x000000076d400000,0x000000076d428000,0x000000076d800000)
  to   space 5120K, 0% used [0x000000076ce00000,0x000000076ce00000,0x000000076d300000)
 ParOldGen       total 175104K, used 14281K [0x00000006c0e00000, 0x00000006cb900000, 0x000000076af80000)
  object space 175104K, 8% used [0x00000006c0e00000,0x00000006c1bf2468,0x00000006cb900000)
 Metaspace       used 8656K, capacity 8798K, committed 9088K, reserved 1056768K
  class space    used 1029K, capacity 1097K, committed 1152K, reserved 1048576K
}
Event: 9.895 GC heap before
{Heap before GC invocations=73 (full 0):
 PSYoungGen      total 35328K, used 31392K [0x000000076af80000, 0x000000076d800000, 0x00000007c0000000)
  eden space 31232K, 100% used [0x000000076af80000,0x000000076ce00000,0x000000076ce00000)
  from space 4096K, 3% used [0x000000076d400000,0x000000076d428000,0x000000076d800000)
  to   space 5120K, 0% used [0x000000076ce00000,0x000000076ce00000,0x000000076d300000)
 ParOldGen       total 175104K, used 14281K [0x00000006c0e00000, 0x00000006cb900000, 0x000000076af80000)
  object space 175104K, 8% used [0x00000006c0e00000,0x00000006c1bf2468,0x00000006cb900000)
 Metaspace       used 8661K, capacity 8798K, committed 9088K, reserved 1056768K
  class space    used 1030K, capacity 1097K, committed 1152K, reserved 1048576K
Event: 9.896 GC heap after
Heap after GC invocations=73 (full 0):
 PSYoungGen      total 36352K, used 4788K [0x000000076af80000, 0x000000076da00000, 0x00000007c0000000)
  eden space 31232K, 0% used [0x000000076af80000,0x000000076af80000,0x000000076ce00000)
  from space 5120K, 93% used [0x000000076ce00000,0x000000076d2ad050,0x000000076d300000)
  to   space 6144K, 0% used [0x000000076d400000,0x000000076d400000,0x000000076da00000)
 ParOldGen       total 175104K, used 15181K [0x00000006c0e00000, 0x00000006cb900000, 0x000000076af80000)
  object space 175104K, 8% used [0x00000006c0e00000,0x00000006c1cd3478,0x00000006cb900000)
 Metaspace       used 8661K, capacity 8798K, committed 9088K, reserved 1056768K
  class space    used 1030K, capacity 1097K, committed 1152K, reserved 1048576K
}

