# JRE version: Java(TM) SE Runtime Environment (8.0_111-b14) (build 1.8.0_111-b14)
# Java VM: Java HotSpot(TM) 64-Bit Server VM (25.111-b14 mixed mode windows-amd64 compressed oops)
Heap:
 PSYoungGen      total 42496K, used 6045K [0x000000076af80000, 0x000000076dc80000, 0x00000007c0000000)
  eden space 41984K, 13% used [0x000000076af80000,0x000000076b5375d8,0x000000076d880000)
  from space 512K, 37% used [0x000000076d900000,0x000000076d930000,0x000000076d980000)
  to   space 2048K, 0% used [0x000000076da80000,0x000000076da80000,0x000000076dc80000)
 ParOldGen       total 175104K, used 38869K [0x00000006c0e00000, 0x00000006cb900000, 0x000000076af80000)
  object space 175104K, 22% used [0x00000006c0e00000,0x00000006c33f5618,0x00000006cb900000)
 Metaspace       used 8578K, capacity 8734K, committed 8832K, reserved 1056768K
  class space    used 1029K, capacity 1097K, committed 1152K, reserved 1048576K
GC Heap History (10 events):
Event: 10.085 GC heap before
{Heap before GC invocations=103 (full 0):
 PSYoungGen      total 46592K, used 44736K [0x000000076af80000, 0x000000076e000000, 0x00000007c0000000)
  eden space 44544K, 100% used [0x000000076af80000,0x000000076db00000,0x000000076db00000)
  from space 2048K, 9% used [0x000000076de00000,0x000000076de30000,0x000000076e000000)
  to   space 2560K, 0% used [0x000000076db00000,0x000000076db00000,0x000000076dd80000)
 ParOldGen       total 175104K, used 38829K [0x00000006c0e00000, 0x00000006cb900000, 0x000000076af80000)
  object space 175104K, 22% used [0x00000006c0e00000,0x00000006c33eb618,0x00000006cb900000)
 Metaspace       used 8573K, capacity 8734K, committed 8832K, reserved 1056768K
  class space    used 1028K, capacity 1097K, committed 1152K, reserved 1048576K
Event: 10.086 GC heap after
Heap after GC invocations=103 (full 0):
 PSYoungGen      total 44544K, used 192K [0x000000076af80000, 0x000000076df80000, 0x00000007c0000000)
  eden space 44032K, 0% used [0x000000076af80000,0x000000076af80000,0x000000076da80000)
  from space 512K, 37% used [0x000000076db00000,0x000000076db30000,0x000000076db80000)
  to   space 2560K, 0% used [0x000000076dd00000,0x000000076dd00000,0x000000076df80000)
 ParOldGen       total 175104K, used 38829K [0x00000006c0e00000, 0x00000006cb900000, 0x000000076af80000)
  object space 175104K, 22% used [0x00000006c0e00000,0x00000006c33eb618,0x00000006cb900000)
 Metaspace       used 8573K, capacity 8734K, committed 8832K, reserved 1056768K
  class space    used 1028K, capacity 1097K, committed 1152K, reserved 1048576K
}
Event: 10.166 GC heap before
{Heap before GC invocations=104 (full 0):
 PSYoungGen      total 44544K, used 44224K [0x000000076af80000, 0x000000076df80000, 0x00000007c0000000)
  eden space 44032K, 100% used [0x000000076af80000,0x000000076da80000,0x000000076da80000)
  from space 512K, 37% used [0x000000076db00000,0x000000076db30000,0x000000076db80000)
  to   space 2560K, 0% used [0x000000076dd00000,0x000000076dd00000,0x000000076df80000)
 ParOldGen       total 175104K, used 38829K [0x00000006c0e00000, 0x00000006cb900000, 0x000000076af80000)
  object space 175104K, 22% used [0x00000006c0e00000,0x00000006c33eb618,0x00000006cb900000)
 Metaspace       used 8573K, capacity 8734K, committed 8832K, reserved 1056768K
  class space    used 1028K, capacity 1097K, committed 1152K, reserved 1048576K
Event: 10.167 GC heap after
Heap after GC invocations=104 (full 0):
 PSYoungGen      total 44544K, used 192K [0x000000076af80000, 0x000000076de00000, 0x00000007c0000000)
  eden space 43520K, 0% used [0x000000076af80000,0x000000076af80000,0x000000076da00000)
  from space 1024K, 18% used [0x000000076dd00000,0x000000076dd30000,0x000000076de00000)
  to   space 2048K, 0% used [0x000000076da00000,0x000000076da00000,0x000000076dc00000)
 ParOldGen       total 175104K, used 38829K [0x00000006c0e00000, 0x00000006cb900000, 0x000000076af80000)
  object space 175104K, 22% used [0x00000006c0e00000,0x00000006c33eb618,0x00000006cb900000)
 Metaspace       used 8573K, capacity 8734K, committed 8832K, reserved 1056768K
  class space    used 1028K, capacity 1097K, committed 1152K, reserved 1048576K
}
Event: 10.245 GC heap before
{Heap before GC invocations=105 (full 0):
 PSYoungGen      total 44544K, used 43712K [0x000000076af80000, 0x000000076de00000, 0x00000007c0000000)
  eden space 43520K, 100% used [0x000000076af80000,0x000000076da00000,0x000000076da00000)
  from space 1024K, 18% used [0x000000076dd00000,0x000000076dd30000,0x000000076de00000)
  to   space 2048K, 0% used [0x000000076da00000,0x000000076da00000,0x000000076dc00000)
 ParOldGen       total 175104K, used 38829K [0x00000006c0e00000, 0x00000006cb900000, 0x000000076af80000)
  object space 175104K, 22% used [0x00000006c0e00000,0x00000006c33eb618,0x00000006cb900000)
 Metaspace       used 8573K, capacity 8734K, committed 8832K, reserved 1056768K
  class space    used 1028K, capacity 1097K, committed 1152K, reserved 1048576K
Event: 10.246 GC heap after
Heap after GC invocations=105 (full 0):
 PSYoungGen      total 43520K, used 224K [0x000000076af80000, 0x000000076dd80000, 0x00000007c0000000)
  eden space 43008K, 0% used [0x000000076af80000,0x000000076af80000,0x000000076d980000)
  from space 512K, 43% used [0x000000076da00000,0x000000076da38000,0x000000076da80000)
  to   space 2048K, 0% used [0x000000076db80000,0x000000076db80000,0x000000076dd80000)
 ParOldGen       total 175104K, used 38829K [0x00000006c0e00000, 0x00000006cb900000, 0x000000076af80000)
  object space 175104K, 22% used [0x00000006c0e00000,0x00000006c33eb618,0x00000006cb900000)
 Metaspace       used 8573K, capacity 8734K, committed 8832K, reserved 1056768K
  class space    used 1028K, capacity 1097K, committed 1152K, reserved 1048576K
}
Event: 10.321 GC heap before
{Heap before GC invocations=106 (full 0):
 PSYoungGen      total 43520K, used 43232K [0x000000076af80000, 0x000000076dd80000, 0x00000007c0000000)
  eden space 43008K, 100% used [0x000000076af80000,0x000000076d980000,0x000000076d980000)
  from space 512K, 43% used [0x000000076da00000,0x000000076da38000,0x000000076da80000)
  to   space 2048K, 0% used [0x000000076db80000,0x000000076db80000,0x000000076dd80000)
 ParOldGen       total 175104K, used 38829K [0x00000006c0e00000, 0x00000006cb900000, 0x000000076af80000)
  object space 175104K, 22% used [0x00000006c0e00000,0x00000006c33eb618,0x00000006cb900000)
 Metaspace       used 8578K, capacity 8734K, committed 8832K, reserved 1056768K
  class space    used 1029K, capacity 1097K, committed 1152K, reserved 1048576K
Event: 10.322 GC heap after
Heap after GC invocations=106 (full 0):
 PSYoungGen      total 44032K, used 192K [0x000000076af80000, 0x000000076dd00000, 0x00000007c0000000)
  eden space 42496K, 0% used [0x000000076af80000,0x000000076af80000,0x000000076d900000)
  from space 1536K, 12% used [0x000000076db80000,0x000000076dbb0000,0x000000076dd00000)
  to   space 2048K, 0% used [0x000000076d900000,0x000000076d900000,0x000000076db00000)
 ParOldGen       total 175104K, used 38829K [0x00000006c0e00000, 0x00000006cb900000, 0x000000076af80000)
  object space 175104K, 22% used [0x00000006c0e00000,0x00000006c33eb618,0x00000006cb900000)
 Metaspace       used 8578K, capacity 8734K, committed 8832K, reserved 1056768K
  class space    used 1029K, capacity 1097K, committed 1152K, reserved 1048576K
}
Event: 10.398 GC heap before
{Heap before GC invocations=107 (full 0):
 PSYoungGen      total 44032K, used 42688K [0x000000076af80000, 0x000000076dd00000, 0x00000007c0000000)
  eden space 42496K, 100% used [0x000000076af80000,0x000000076d900000,0x000000076d900000)
  from space 1536K, 12% used [0x000000076db80000,0x000000076dbb0000,0x000000076dd00000)
  to   space 2048K, 0% used [0x000000076d900000,0x000000076d900000,0x000000076db00000)
 ParOldGen       total 175104K, used 38829K [0x00000006c0e00000, 0x00000006cb900000, 0x000000076af80000)
  object space 175104K, 22% used [0x00000006c0e00000,0x00000006c33eb618,0x00000006cb900000)
 Metaspace       used 8578K, capacity 8734K, committed 8832K, reserved 1056768K
  class space    used 1029K, capacity 1097K, committed 1152K, reserved 1048576K
Event: 10.399 GC heap after
Heap after GC invocations=107 (full 0):
 PSYoungGen      total 42496K, used 192K [0x000000076af80000, 0x000000076dc80000, 0x00000007c0000000)
  eden space 41984K, 0% used [0x000000076af80000,0x000000076af80000,0x000000076d880000)
  from space 512K, 37% used [0x000000076d900000,0x000000076d930000,0x000000076d980000)
  to   space 2048K, 0% used [0x000000076da80000,0x000000076da80000,0x000000076dc80000)
 ParOldGen       total 175104K, used 38869K [0x00000006c0e00000, 0x00000006cb900000, 0x000000076af80000)
  object space 175104K, 22% used [0x00000006c0e00000,0x00000006c33f5618,0x00000006cb900000)
 Metaspace       used 8578K, capacity 8734K, committed 8832K, reserved 1056768K
  class space    used 1029K, capacity 1097K, committed 1152K, reserved 1048576K
}

