# JRE version: Java(TM) SE Runtime Environment (8.0_111-b14) (build 1.8.0_111-b14)
# Java VM: Java HotSpot(TM) 64-Bit Server VM (25.111-b14 mixed mode windows-amd64 compressed oops)
Heap:
 PSYoungGen      total 54272K, used 33640K [0x000000076af80000, 0x000000076eb80000, 0x00000007c0000000)
  eden space 51200K, 60% used [0x000000076af80000,0x000000076cd8f0d0,0x000000076e180000)
  from space 3072K, 93% used [0x000000076e280000,0x000000076e54b030,0x000000076e580000)
  to   space 5120K, 0% used [0x000000076e680000,0x000000076e680000,0x000000076eb80000)
 ParOldGen       total 175104K, used 170647K [0x00000006c0e00000, 0x00000006cb900000, 0x000000076af80000)
  object space 175104K, 97% used [0x00000006c0e00000,0x00000006cb4a5f38,0x00000006cb900000)
 Metaspace       used 8775K, capacity 8998K, committed 9088K, reserved 1056768K
  class space    used 1030K, capacity 1097K, committed 1152K, reserved 1048576K
GC Heap History (10 events):
Event: 38.901 GC heap before
{Heap before GC invocations=371 (full 0):
 PSYoungGen      total 57856K, used 57380K [0x000000076af80000, 0x000000076f280000, 0x00000007c0000000)
  eden space 56320K, 100% used [0x000000076af80000,0x000000076e680000,0x000000076e680000)
  from space 1536K, 69% used [0x000000076f100000,0x000000076f209010,0x000000076f280000)
  to   space 5120K, 0% used [0x000000076e880000,0x000000076e880000,0x000000076ed80000)
 ParOldGen       total 175104K, used 170631K [0x00000006c0e00000, 0x00000006cb900000, 0x000000076af80000)
  object space 175104K, 97% used [0x00000006c0e00000,0x00000006cb4a1f38,0x00000006cb900000)
 Metaspace       used 8770K, capacity 8998K, committed 9088K, reserved 1056768K
  class space    used 1029K, capacity 1097K, committed 1152K, reserved 1048576K
Event: 38.902 GC heap after
Heap after GC invocations=371 (full 0):
 PSYoungGen      total 58368K, used 2892K [0x000000076af80000, 0x000000076f180000, 0x00000007c0000000)
  eden space 55296K, 0% used [0x000000076af80000,0x000000076af80000,0x000000076e580000)
  from space 3072K, 94% used [0x000000076e880000,0x000000076eb53030,0x000000076eb80000)
  to   space 5120K, 0% used [0x000000076ec80000,0x000000076ec80000,0x000000076f180000)
 ParOldGen       total 175104K, used 170631K [0x00000006c0e00000, 0x00000006cb900000, 0x000000076af80000)
  object space 175104K, 97% used [0x00000006c0e00000,0x00000006cb4a1f38,0x00000006cb900000)
 Metaspace       used 8770K, capacity 8998K, committed 9088K, reserved 1056768K
  class space    used 1029K, capacity 1097K, committed 1152K, reserved 1048576K
}
Event: 39.093 GC heap before
{Heap before GC invocations=372 (full 0):
 PSYoungGen      total 58368K, used 58188K [0x000000076af80000, 0x000000076f180000, 0x00000007c0000000)
  eden space 55296K, 100% used [0x000000076af80000,0x000000076e580000,0x000000076e580000)
  from space 3072K, 94% used [0x000000076e880000,0x000000076eb53030,0x000000076eb80000)
  to   space 5120K, 0% used [0x000000076ec80000,0x000000076ec80000,0x000000076f180000)
 ParOldGen       total 175104K, used 170631K [0x00000006c0e00000, 0x00000006cb900000, 0x000000076af80000)
  object space 175104K, 97% used [0x00000006c0e00000,0x00000006cb4a1f38,0x00000006cb900000)
 Metaspace       used 8770K, capacity 8998K, committed 9088K, reserved 1056768K
  class space    used 1029K, capacity 1097K, committed 1152K, reserved 1048576K
Event: 39.094 GC heap after
Heap after GC invocations=372 (full 0):
 PSYoungGen      total 57344K, used 2892K [0x000000076af80000, 0x000000076ef80000, 0x00000007c0000000)
  eden space 54272K, 0% used [0x000000076af80000,0x000000076af80000,0x000000076e480000)
  from space 3072K, 94% used [0x000000076ec80000,0x000000076ef53030,0x000000076ef80000)
  to   space 5120K, 0% used [0x000000076e580000,0x000000076e580000,0x000000076ea80000)
 ParOldGen       total 175104K, used 170631K [0x00000006c0e00000, 0x00000006cb900000, 0x000000076af80000)
  object space 175104K, 97% used [0x00000006c0e00000,0x00000006cb4a1f38,0x00000006cb900000)
 Metaspace       used 8770K, capacity 8998K, committed 9088K, reserved 1056768K
  class space    used 1029K, capacity 1097K, committed 1152K, reserved 1048576K
}
Event: 39.300 GC heap before
{Heap before GC invocations=373 (full 0):
 PSYoungGen      total 57344K, used 57164K [0x000000076af80000, 0x000000076ef80000, 0x00000007c0000000)
  eden space 54272K, 100% used [0x000000076af80000,0x000000076e480000,0x000000076e480000)
  from space 3072K, 94% used [0x000000076ec80000,0x000000076ef53030,0x000000076ef80000)
  to   space 5120K, 0% used [0x000000076e580000,0x000000076e580000,0x000000076ea80000)
 ParOldGen       total 175104K, used 170631K [0x00000006c0e00000, 0x00000006cb900000, 0x000000076af80000)
  object space 175104K, 97% used [0x00000006c0e00000,0x00000006cb4a1f38,0x00000006cb900000)
 Metaspace       used 8770K, capacity 8998K, committed 9088K, reserved 1056768K
  class space    used 1029K, capacity 1097K, committed 1152K, reserved 1048576K
Event: 39.302 GC heap after
Heap after GC invocations=373 (full 0):
 PSYoungGen      total 56320K, used 2924K [0x000000076af80000, 0x000000076ed80000, 0x00000007c0000000)
  eden space 53248K, 0% used [0x000000076af80000,0x000000076af80000,0x000000076e380000)
  from space 3072K, 95% used [0x000000076e580000,0x000000076e85b030,0x000000076e880000)
  to   space 5120K, 0% used [0x000000076e880000,0x000000076e880000,0x000000076ed80000)
 ParOldGen       total 175104K, used 170631K [0x00000006c0e00000, 0x00000006cb900000, 0x000000076af80000)
  object space 175104K, 97% used [0x00000006c0e00000,0x00000006cb4a1f38,0x00000006cb900000)
 Metaspace       used 8770K, capacity 8998K, committed 9088K, reserved 1056768K
  class space    used 1029K, capacity 1097K, committed 1152K, reserved 1048576K
}
Event: 39.491 GC heap before
{Heap before GC invocations=374 (full 0):
 PSYoungGen      total 56320K, used 55461K [0x000000076af80000, 0x000000076ed80000, 0x00000007c0000000)
  eden space 53248K, 98% used [0x000000076af80000,0x000000076e2ce738,0x000000076e380000)
  from space 3072K, 95% used [0x000000076e580000,0x000000076e85b030,0x000000076e880000)
  to   space 5120K, 0% used [0x000000076e880000,0x000000076e880000,0x000000076ed80000)
 ParOldGen       total 175104K, used 170631K [0x00000006c0e00000, 0x00000006cb900000, 0x000000076af80000)
  object space 175104K, 97% used [0x00000006c0e00000,0x00000006cb4a1f38,0x00000006cb900000)
 Metaspace       used 8770K, capacity 8998K, committed 9088K, reserved 1056768K
  class space    used 1029K, capacity 1097K, committed 1152K, reserved 1048576K
Event: 39.491 GC heap after
Heap after GC invocations=374 (full 0):
 PSYoungGen      total 56320K, used 1028K [0x000000076af80000, 0x000000076ec80000, 0x00000007c0000000)
  eden space 52224K, 0% used [0x000000076af80000,0x000000076af80000,0x000000076e280000)
  from space 4096K, 25% used [0x000000076e880000,0x000000076e981010,0x000000076ec80000)
  to   space 5120K, 0% used [0x000000076e280000,0x000000076e280000,0x000000076e780000)
 ParOldGen       total 175104K, used 170647K [0x00000006c0e00000, 0x00000006cb900000, 0x000000076af80000)
  object space 175104K, 97% used [0x00000006c0e00000,0x00000006cb4a5f38,0x00000006cb900000)
 Metaspace       used 8770K, capacity 8998K, committed 9088K, reserved 1056768K
  class space    used 1029K, capacity 1097K, committed 1152K, reserved 1048576K
}
Event: 39.688 GC heap before
{Heap before GC invocations=375 (full 0):
 PSYoungGen      total 56320K, used 53252K [0x000000076af80000, 0x000000076ec80000, 0x00000007c0000000)
  eden space 52224K, 100% used [0x000000076af80000,0x000000076e280000,0x000000076e280000)
  from space 4096K, 25% used [0x000000076e880000,0x000000076e981010,0x000000076ec80000)
  to   space 5120K, 0% used [0x000000076e280000,0x000000076e280000,0x000000076e780000)
 ParOldGen       total 175104K, used 170647K [0x00000006c0e00000, 0x00000006cb900000, 0x000000076af80000)
  object space 175104K, 97% used [0x00000006c0e00000,0x00000006cb4a5f38,0x00000006cb900000)
 Metaspace       used 8770K, capacity 8998K, committed 9088K, reserved 1056768K
  class space    used 1029K, capacity 1097K, committed 1152K, reserved 1048576K
Event: 39.690 GC heap after
Heap after GC invocations=375 (full 0):
 PSYoungGen      total 54272K, used 2860K [0x000000076af80000, 0x000000076eb80000, 0x00000007c0000000)
  eden space 51200K, 0% used [0x000000076af80000,0x000000076af80000,0x000000076e180000)
  from space 3072K, 93% used [0x000000076e280000,0x000000076e54b030,0x000000076e580000)
  to   space 5120K, 0% used [0x000000076e680000,0x000000076e680000,0x000000076eb80000)
 ParOldGen       total 175104K, used 170647K [0x00000006c0e00000, 0x00000006cb900000, 0x000000076af80000)
  object space 175104K, 97% used [0x00000006c0e00000,0x00000006cb4a5f38,0x00000006cb900000)
 Metaspace       used 8770K, capacity 8998K, committed 9088K, reserved 1056768K
  class space    used 1029K, capacity 1097K, committed 1152K, reserved 1048576K
}

