# JRE version: Java(TM) SE Runtime Environment (8.0_111-b14) (build 1.8.0_111-b14)
# Java VM: Java HotSpot(TM) 64-Bit Server VM (25.111-b14 mixed mode windows-amd64 compressed oops)
Heap:
 PSYoungGen      total 30720K, used 14420K [0x000000076af80000, 0x000000076ec80000, 0x00000007c0000000)
  eden space 30208K, 47% used [0x000000076af80000,0x000000076bd95390,0x000000076cd00000)
  from space 512K, 0% used [0x000000076ec00000,0x000000076ec00000,0x000000076ec80000)
  to   space 512K, 0% used [0x000000076eb80000,0x000000076eb80000,0x000000076ec00000)
 ParOldGen       total 67072K, used 3339K [0x00000006c0e00000, 0x00000006c4f80000, 0x000000076af80000)
  object space 67072K, 4% used [0x00000006c0e00000,0x00000006c1142fd0,0x00000006c4f80000)
 Metaspace       used 8881K, capacity 9126K, committed 9344K, reserved 1056768K
  class space    used 1030K, capacity 1097K, committed 1152K, reserved 1048576K
GC Heap History (10 events):
Event: 56.514 GC heap before
{Heap before GC invocations=486 (full 3):
 PSYoungGen      total 30720K, used 30400K [0x000000076af80000, 0x000000076ec80000, 0x00000007c0000000)
  eden space 30208K, 100% used [0x000000076af80000,0x000000076cd00000,0x000000076cd00000)
  from space 512K, 37% used [0x000000076ec00000,0x000000076ec30000,0x000000076ec80000)
  to   space 512K, 0% used [0x000000076eb80000,0x000000076eb80000,0x000000076ec00000)
 ParOldGen       total 66048K, used 52626K [0x00000006c0e00000, 0x00000006c4e80000, 0x000000076af80000)
  object space 66048K, 79% used [0x00000006c0e00000,0x00000006c4164820,0x00000006c4e80000)
 Metaspace       used 8878K, capacity 9126K, committed 9344K, reserved 1056768K
  class space    used 1029K, capacity 1097K, committed 1152K, reserved 1048576K
Event: 56.515 GC heap after
Heap after GC invocations=486 (full 3):
 PSYoungGen      total 30720K, used 224K [0x000000076af80000, 0x000000076ec80000, 0x00000007c0000000)
  eden space 30208K, 0% used [0x000000076af80000,0x000000076af80000,0x000000076cd00000)
  from space 512K, 43% used [0x000000076eb80000,0x000000076ebb8000,0x000000076ec00000)
  to   space 512K, 0% used [0x000000076ec00000,0x000000076ec00000,0x000000076ec80000)
 ParOldGen       total 66048K, used 55334K [0x00000006c0e00000, 0x00000006c4e80000, 0x000000076af80000)
  object space 66048K, 83% used [0x00000006c0e00000,0x00000006c4409850,0x00000006c4e80000)
 Metaspace       used 8878K, capacity 9126K, committed 9344K, reserved 1056768K
  class space    used 1029K, capacity 1097K, committed 1152K, reserved 1048576K
}
Event: 56.769 GC heap before
{Heap before GC invocations=487 (full 3):
 PSYoungGen      total 30720K, used 30432K [0x000000076af80000, 0x000000076ec80000, 0x00000007c0000000)
  eden space 30208K, 100% used [0x000000076af80000,0x000000076cd00000,0x000000076cd00000)
  from space 512K, 43% used [0x000000076eb80000,0x000000076ebb8000,0x000000076ec00000)
  to   space 512K, 0% used [0x000000076ec00000,0x000000076ec00000,0x000000076ec80000)
 ParOldGen       total 66048K, used 55334K [0x00000006c0e00000, 0x00000006c4e80000, 0x000000076af80000)
  object space 66048K, 83% used [0x00000006c0e00000,0x00000006c4409850,0x00000006c4e80000)
 Metaspace       used 8878K, capacity 9126K, committed 9344K, reserved 1056768K
  class space    used 1029K, capacity 1097K, committed 1152K, reserved 1048576K
Event: 56.770 GC heap after
Heap after GC invocations=487 (full 3):
 PSYoungGen      total 30720K, used 128K [0x000000076af80000, 0x000000076ec80000, 0x00000007c0000000)
  eden space 30208K, 0% used [0x000000076af80000,0x000000076af80000,0x000000076cd00000)
  from space 512K, 25% used [0x000000076ec00000,0x000000076ec20000,0x000000076ec80000)
  to   space 512K, 0% used [0x000000076eb80000,0x000000076eb80000,0x000000076ec00000)
 ParOldGen       total 66048K, used 55334K [0x00000006c0e00000, 0x00000006c4e80000, 0x000000076af80000)
  object space 66048K, 83% used [0x00000006c0e00000,0x00000006c4409850,0x00000006c4e80000)
 Metaspace       used 8878K, capacity 9126K, committed 9344K, reserved 1056768K
  class space    used 1029K, capacity 1097K, committed 1152K, reserved 1048576K
}
Event: 56.963 GC heap before
{Heap before GC invocations=488 (full 3):
 PSYoungGen      total 30720K, used 30336K [0x000000076af80000, 0x000000076ec80000, 0x00000007c0000000)
  eden space 30208K, 100% used [0x000000076af80000,0x000000076cd00000,0x000000076cd00000)
  from space 512K, 25% used [0x000000076ec00000,0x000000076ec20000,0x000000076ec80000)
  to   space 512K, 0% used [0x000000076eb80000,0x000000076eb80000,0x000000076ec00000)
 ParOldGen       total 66048K, used 55334K [0x00000006c0e00000, 0x00000006c4e80000, 0x000000076af80000)
  object space 66048K, 83% used [0x00000006c0e00000,0x00000006c4409850,0x00000006c4e80000)
 Metaspace       used 8878K, capacity 9126K, committed 9344K, reserved 1056768K
  class space    used 1029K, capacity 1097K, committed 1152K, reserved 1048576K
Event: 56.964 GC heap after
Heap after GC invocations=488 (full 3):
 PSYoungGen      total 30720K, used 160K [0x000000076af80000, 0x000000076ec80000, 0x00000007c0000000)
  eden space 30208K, 0% used [0x000000076af80000,0x000000076af80000,0x000000076cd00000)
  from space 512K, 31% used [0x000000076eb80000,0x000000076eba8000,0x000000076ec00000)
  to   space 512K, 0% used [0x000000076ec00000,0x000000076ec00000,0x000000076ec80000)
 ParOldGen       total 66048K, used 58034K [0x00000006c0e00000, 0x00000006c4e80000, 0x000000076af80000)
  object space 66048K, 87% used [0x00000006c0e00000,0x00000006c46ac880,0x00000006c4e80000)
 Metaspace       used 8878K, capacity 9126K, committed 9344K, reserved 1056768K
  class space    used 1029K, capacity 1097K, committed 1152K, reserved 1048576K
}
Event: 57.172 GC heap before
{Heap before GC invocations=489 (full 3):
 PSYoungGen      total 30720K, used 30368K [0x000000076af80000, 0x000000076ec80000, 0x00000007c0000000)
  eden space 30208K, 100% used [0x000000076af80000,0x000000076cd00000,0x000000076cd00000)
  from space 512K, 31% used [0x000000076eb80000,0x000000076eba8000,0x000000076ec00000)
  to   space 512K, 0% used [0x000000076ec00000,0x000000076ec00000,0x000000076ec80000)
 ParOldGen       total 66048K, used 58034K [0x00000006c0e00000, 0x00000006c4e80000, 0x000000076af80000)
  object space 66048K, 87% used [0x00000006c0e00000,0x00000006c46ac880,0x00000006c4e80000)
 Metaspace       used 8881K, capacity 9126K, committed 9344K, reserved 1056768K
  class space    used 1030K, capacity 1097K, committed 1152K, reserved 1048576K
Event: 57.173 GC heap after
Heap after GC invocations=489 (full 3):
 PSYoungGen      total 30720K, used 288K [0x000000076af80000, 0x000000076ec80000, 0x00000007c0000000)
  eden space 30208K, 0% used [0x000000076af80000,0x000000076af80000,0x000000076cd00000)
  from space 512K, 56% used [0x000000076ec00000,0x000000076ec48000,0x000000076ec80000)
  to   space 512K, 0% used [0x000000076eb80000,0x000000076eb80000,0x000000076ec00000)
 ParOldGen       total 66048K, used 63434K [0x00000006c0e00000, 0x00000006c4e80000, 0x000000076af80000)
  object space 66048K, 96% used [0x00000006c0e00000,0x00000006c4bf28e0,0x00000006c4e80000)
 Metaspace       used 8881K, capacity 9126K, committed 9344K, reserved 1056768K
  class space    used 1030K, capacity 1097K, committed 1152K, reserved 1048576K
}
Event: 57.173 GC heap before
{Heap before GC invocations=490 (full 4):
 PSYoungGen      total 30720K, used 288K [0x000000076af80000, 0x000000076ec80000, 0x00000007c0000000)
  eden space 30208K, 0% used [0x000000076af80000,0x000000076af80000,0x000000076cd00000)
  from space 512K, 56% used [0x000000076ec00000,0x000000076ec48000,0x000000076ec80000)
  to   space 512K, 0% used [0x000000076eb80000,0x000000076eb80000,0x000000076ec00000)
 ParOldGen       total 66048K, used 63434K [0x00000006c0e00000, 0x00000006c4e80000, 0x000000076af80000)
  object space 66048K, 96% used [0x00000006c0e00000,0x00000006c4bf28e0,0x00000006c4e80000)
 Metaspace       used 8881K, capacity 9126K, committed 9344K, reserved 1056768K
  class space    used 1030K, capacity 1097K, committed 1152K, reserved 1048576K
Event: 57.178 GC heap after
Heap after GC invocations=490 (full 4):
 PSYoungGen      total 30720K, used 0K [0x000000076af80000, 0x000000076ec80000, 0x00000007c0000000)
  eden space 30208K, 0% used [0x000000076af80000,0x000000076af80000,0x000000076cd00000)
  from space 512K, 0% used [0x000000076ec00000,0x000000076ec00000,0x000000076ec80000)
  to   space 512K, 0% used [0x000000076eb80000,0x000000076eb80000,0x000000076ec00000)
 ParOldGen       total 67072K, used 3339K [0x00000006c0e00000, 0x00000006c4f80000, 0x000000076af80000)
  object space 67072K, 4% used [0x00000006c0e00000,0x00000006c1142fd0,0x00000006c4f80000)
 Metaspace       used 8881K, capacity 9126K, committed 9344K, reserved 1056768K
  class space    used 1030K, capacity 1097K, committed 1152K, reserved 1048576K
}

