# JRE version: Java(TM) SE Runtime Environment (8.0_111-b14) (build 1.8.0_111-b14)
# Java VM: Java HotSpot(TM) 64-Bit Server VM (25.111-b14 mixed mode windows-amd64 compressed oops)
Heap:
 PSYoungGen      total 62976K, used 17530K [0x000000076af80000, 0x0000000770100000, 0x00000007c0000000)
  eden space 62464K, 27% used [0x000000076af80000,0x000000076c0568f0,0x000000076ec80000)
  from space 512K, 56% used [0x0000000770000000,0x0000000770048000,0x0000000770080000)
  to   space 512K, 0% used [0x0000000770080000,0x0000000770080000,0x0000000770100000)
 ParOldGen       total 175104K, used 120898K [0x00000006c0e00000, 0x00000006cb900000, 0x000000076af80000)
  object space 175104K, 69% used [0x00000006c0e00000,0x00000006c8410ba8,0x00000006cb900000)
 Metaspace       used 8764K, capacity 8998K, committed 9088K, reserved 1056768K
  class space    used 1030K, capacity 1097K, committed 1152K, reserved 1048576K
GC Heap History (10 events):
Event: 44.238 GC heap before
{Heap before GC invocations=403 (full 0):
 PSYoungGen      total 69120K, used 68800K [0x000000076af80000, 0x000000076f380000, 0x00000007c0000000)
  eden space 68608K, 100% used [0x000000076af80000,0x000000076f280000,0x000000076f280000)
  from space 512K, 37% used [0x000000076f300000,0x000000076f330000,0x000000076f380000)
  to   space 512K, 0% used [0x000000076f280000,0x000000076f280000,0x000000076f300000)
 ParOldGen       total 175104K, used 106386K [0x00000006c0e00000, 0x00000006cb900000, 0x000000076af80000)
  object space 175104K, 60% used [0x00000006c0e00000,0x00000006c75e4aa8,0x00000006cb900000)
 Metaspace       used 8735K, capacity 8934K, committed 9088K, reserved 1056768K
  class space    used 1029K, capacity 1097K, committed 1152K, reserved 1048576K
Event: 44.239 GC heap after
Heap after GC invocations=403 (full 0):
 PSYoungGen      total 69120K, used 128K [0x000000076af80000, 0x0000000770100000, 0x00000007c0000000)
  eden space 68608K, 0% used [0x000000076af80000,0x000000076af80000,0x000000076f280000)
  from space 512K, 25% used [0x000000076f280000,0x000000076f2a0000,0x000000076f300000)
  to   space 512K, 0% used [0x0000000770080000,0x0000000770080000,0x0000000770100000)
 ParOldGen       total 175104K, used 109126K [0x00000006c0e00000, 0x00000006cb900000, 0x000000076af80000)
  object space 175104K, 62% used [0x00000006c0e00000,0x00000006c7891ad8,0x00000006cb900000)
 Metaspace       used 8735K, capacity 8934K, committed 9088K, reserved 1056768K
  class space    used 1029K, capacity 1097K, committed 1152K, reserved 1048576K
}
Event: 44.488 GC heap before
{Heap before GC invocations=404 (full 0):
 PSYoungGen      total 69120K, used 68736K [0x000000076af80000, 0x0000000770100000, 0x00000007c0000000)
  eden space 68608K, 100% used [0x000000076af80000,0x000000076f280000,0x000000076f280000)
  from space 512K, 25% used [0x000000076f280000,0x000000076f2a0000,0x000000076f300000)
  to   space 512K, 0% used [0x0000000770080000,0x0000000770080000,0x0000000770100000)
 ParOldGen       total 175104K, used 109126K [0x00000006c0e00000, 0x00000006cb900000, 0x000000076af80000)
  object space 175104K, 62% used [0x00000006c0e00000,0x00000006c7891ad8,0x00000006cb900000)
 Metaspace       used 8755K, capacity 8998K, committed 9088K, reserved 1056768K
  class space    used 1029K, capacity 1097K, committed 1152K, reserved 1048576K
Event: 44.489 GC heap after
Heap after GC invocations=404 (full 0):
 PSYoungGen      total 67584K, used 192K [0x000000076af80000, 0x0000000770100000, 0x00000007c0000000)
  eden space 67072K, 0% used [0x000000076af80000,0x000000076af80000,0x000000076f100000)
  from space 512K, 37% used [0x0000000770080000,0x00000007700b0000,0x0000000770100000)
  to   space 512K, 0% used [0x0000000770000000,0x0000000770000000,0x0000000770080000)
 ParOldGen       total 175104K, used 110058K [0x00000006c0e00000, 0x00000006cb900000, 0x000000076af80000)
  object space 175104K, 62% used [0x00000006c0e00000,0x00000006c797aae8,0x00000006cb900000)
 Metaspace       used 8755K, capacity 8998K, committed 9088K, reserved 1056768K
  class space    used 1029K, capacity 1097K, committed 1152K, reserved 1048576K
}
Event: 44.730 GC heap before
{Heap before GC invocations=405 (full 0):
 PSYoungGen      total 67584K, used 67264K [0x000000076af80000, 0x0000000770100000, 0x00000007c0000000)
  eden space 67072K, 100% used [0x000000076af80000,0x000000076f100000,0x000000076f100000)
  from space 512K, 37% used [0x0000000770080000,0x00000007700b0000,0x0000000770100000)
  to   space 512K, 0% used [0x0000000770000000,0x0000000770000000,0x0000000770080000)
 ParOldGen       total 175104K, used 110058K [0x00000006c0e00000, 0x00000006cb900000, 0x000000076af80000)
  object space 175104K, 62% used [0x00000006c0e00000,0x00000006c797aae8,0x00000006cb900000)
 Metaspace       used 8760K, capacity 8998K, committed 9088K, reserved 1056768K
  class space    used 1029K, capacity 1097K, committed 1152K, reserved 1048576K
Event: 44.731 GC heap after
Heap after GC invocations=405 (full 0):
 PSYoungGen      total 66048K, used 224K [0x000000076af80000, 0x0000000770100000, 0x00000007c0000000)
  eden space 65536K, 0% used [0x000000076af80000,0x000000076af80000,0x000000076ef80000)
  from space 512K, 43% used [0x0000000770000000,0x0000000770038000,0x0000000770080000)
  to   space 512K, 0% used [0x0000000770080000,0x0000000770080000,0x0000000770100000)
 ParOldGen       total 175104K, used 112774K [0x00000006c0e00000, 0x00000006cb900000, 0x000000076af80000)
  object space 175104K, 64% used [0x00000006c0e00000,0x00000006c7c21b18,0x00000006cb900000)
 Metaspace       used 8760K, capacity 8998K, committed 9088K, reserved 1056768K
  class space    used 1029K, capacity 1097K, committed 1152K, reserved 1048576K
}
Event: 44.998 GC heap before
{Heap before GC invocations=406 (full 0):
 PSYoungGen      total 66048K, used 65760K [0x000000076af80000, 0x0000000770100000, 0x00000007c0000000)
  eden space 65536K, 100% used [0x000000076af80000,0x000000076ef80000,0x000000076ef80000)
  from space 512K, 43% used [0x0000000770000000,0x0000000770038000,0x0000000770080000)
  to   space 512K, 0% used [0x0000000770080000,0x0000000770080000,0x0000000770100000)
 ParOldGen       total 175104K, used 112774K [0x00000006c0e00000, 0x00000006cb900000, 0x000000076af80000)
  object space 175104K, 64% used [0x00000006c0e00000,0x00000006c7c21b18,0x00000006cb900000)
 Metaspace       used 8760K, capacity 8998K, committed 9088K, reserved 1056768K
  class space    used 1029K, capacity 1097K, committed 1152K, reserved 1048576K
Event: 45.001 GC heap after
Heap after GC invocations=406 (full 0):
 PSYoungGen      total 64512K, used 160K [0x000000076af80000, 0x0000000770100000, 0x00000007c0000000)
  eden space 64000K, 0% used [0x000000076af80000,0x000000076af80000,0x000000076ee00000)
  from space 512K, 31% used [0x0000000770080000,0x00000007700a8000,0x0000000770100000)
  to   space 512K, 0% used [0x0000000770000000,0x0000000770000000,0x0000000770080000)
 ParOldGen       total 175104K, used 115498K [0x00000006c0e00000, 0x00000006cb900000, 0x000000076af80000)
  object space 175104K, 65% used [0x00000006c0e00000,0x00000006c7ecab48,0x00000006cb900000)
 Metaspace       used 8760K, capacity 8998K, committed 9088K, reserved 1056768K
  class space    used 1029K, capacity 1097K, committed 1152K, reserved 1048576K
}
Event: 45.198 GC heap before
{Heap before GC invocations=407 (full 0):
 PSYoungGen      total 64512K, used 64160K [0x000000076af80000, 0x0000000770100000, 0x00000007c0000000)
  eden space 64000K, 100% used [0x000000076af80000,0x000000076ee00000,0x000000076ee00000)
  from space 512K, 31% used [0x0000000770080000,0x00000007700a8000,0x0000000770100000)
  to   space 512K, 0% used [0x0000000770000000,0x0000000770000000,0x0000000770080000)
 ParOldGen       total 175104K, used 115498K [0x00000006c0e00000, 0x00000006cb900000, 0x000000076af80000)
  object space 175104K, 65% used [0x00000006c0e00000,0x00000006c7ecab48,0x00000006cb900000)
 Metaspace       used 8764K, capacity 8998K, committed 9088K, reserved 1056768K
  class space    used 1030K, capacity 1097K, committed 1152K, reserved 1048576K
Event: 45.200 GC heap after
Heap after GC invocations=407 (full 0):
 PSYoungGen      total 62976K, used 288K [0x000000076af80000, 0x0000000770100000, 0x00000007c0000000)
  eden space 62464K, 0% used [0x000000076af80000,0x000000076af80000,0x000000076ec80000)
  from space 512K, 56% used [0x0000000770000000,0x0000000770048000,0x0000000770080000)
  to   space 512K, 0% used [0x0000000770080000,0x0000000770080000,0x0000000770100000)
 ParOldGen       total 175104K, used 120898K [0x00000006c0e00000, 0x00000006cb900000, 0x000000076af80000)
  object space 175104K, 69% used [0x00000006c0e00000,0x00000006c8410ba8,0x00000006cb900000)
 Metaspace       used 8764K, capacity 8998K, committed 9088K, reserved 1056768K
  class space    used 1030K, capacity 1097K, committed 1152K, reserved 1048576K
}

