# JRE version: Java(TM) SE Runtime Environment (8.0_111-b14) (build 1.8.0_111-b14)
# Java VM: Java HotSpot(TM) 64-Bit Server VM (25.111-b14 mixed mode windows-amd64 compressed oops)
Heap:
 PSYoungGen      total 26112K, used 24823K [0x000000076af80000, 0x000000076fe80000, 0x00000007c0000000)
  eden space 25600K, 96% used [0x000000076af80000,0x000000076c795c20,0x000000076c880000)
  from space 512K, 31% used [0x000000076fe00000,0x000000076fe28000,0x000000076fe80000)
  to   space 512K, 0% used [0x000000076fd80000,0x000000076fd80000,0x000000076fe00000)
 ParOldGen       total 37376K, used 13256K [0x00000006c0e00000, 0x00000006c3280000, 0x000000076af80000)
  object space 37376K, 35% used [0x00000006c0e00000,0x00000006c1af2360,0x00000006c3280000)
 Metaspace       used 8922K, capacity 9126K, committed 9344K, reserved 1056768K
  class space    used 1029K, capacity 1097K, committed 1152K, reserved 1048576K
GC Heap History (10 events):
Event: 308.859 GC heap before
{Heap before GC invocations=2565 (full 79):
 PSYoungGen      total 23552K, used 23168K [0x000000076af80000, 0x000000076fe80000, 0x00000007c0000000)
  eden space 23040K, 100% used [0x000000076af80000,0x000000076c600000,0x000000076c600000)
  from space 512K, 25% used [0x000000076fd80000,0x000000076fda0000,0x000000076fe00000)
  to   space 512K, 0% used [0x000000076fe00000,0x000000076fe00000,0x000000076fe80000)
 ParOldGen       total 37376K, used 2448K [0x00000006c0e00000, 0x00000006c3280000, 0x000000076af80000)
  object space 37376K, 6% used [0x00000006c0e00000,0x00000006c10642a0,0x00000006c3280000)
 Metaspace       used 8918K, capacity 9126K, committed 9344K, reserved 1056768K
  class space    used 1029K, capacity 1097K, committed 1152K, reserved 1048576K
Event: 308.860 GC heap after
Heap after GC invocations=2565 (full 79):
 PSYoungGen      total 23552K, used 160K [0x000000076af80000, 0x000000076fe80000, 0x00000007c0000000)
  eden space 23040K, 0% used [0x000000076af80000,0x000000076af80000,0x000000076c600000)
  from space 512K, 31% used [0x000000076fe00000,0x000000076fe28000,0x000000076fe80000)
  to   space 512K, 0% used [0x000000076fd80000,0x000000076fd80000,0x000000076fe00000)
 ParOldGen       total 37376K, used 5156K [0x00000006c0e00000, 0x00000006c3280000, 0x000000076af80000)
  object space 37376K, 13% used [0x00000006c0e00000,0x00000006c13092d0,0x00000006c3280000)
 Metaspace       used 8918K, capacity 9126K, committed 9344K, reserved 1056768K
  class space    used 1029K, capacity 1097K, committed 1152K, reserved 1048576K
}
Event: 309.054 GC heap before
{Heap before GC invocations=2566 (full 79):
 PSYoungGen      total 23552K, used 22501K [0x000000076af80000, 0x000000076fe80000, 0x00000007c0000000)
  eden space 23040K, 96% used [0x000000076af80000,0x000000076c5517f0,0x000000076c600000)
  from space 512K, 31% used [0x000000076fe00000,0x000000076fe28000,0x000000076fe80000)
  to   space 512K, 0% used [0x000000076fd80000,0x000000076fd80000,0x000000076fe00000)
 ParOldGen       total 37376K, used 5156K [0x00000006c0e00000, 0x00000006c3280000, 0x000000076af80000)
  object space 37376K, 13% used [0x00000006c0e00000,0x00000006c13092d0,0x00000006c3280000)
 Metaspace       used 8918K, capacity 9126K, committed 9344K, reserved 1056768K
  class space    used 1029K, capacity 1097K, committed 1152K, reserved 1048576K
Event: 309.055 GC heap after
Heap after GC invocations=2566 (full 79):
 PSYoungGen      total 23552K, used 96K [0x000000076af80000, 0x000000076fe80000, 0x00000007c0000000)
  eden space 23040K, 0% used [0x000000076af80000,0x000000076af80000,0x000000076c600000)
  from space 512K, 18% used [0x000000076fd80000,0x000000076fd98000,0x000000076fe00000)
  to   space 512K, 0% used [0x000000076fe00000,0x000000076fe00000,0x000000076fe80000)
 ParOldGen       total 37376K, used 5156K [0x00000006c0e00000, 0x00000006c3280000, 0x000000076af80000)
  object space 37376K, 13% used [0x00000006c0e00000,0x00000006c13092d0,0x00000006c3280000)
 Metaspace       used 8918K, capacity 9126K, committed 9344K, reserved 1056768K
  class space    used 1029K, capacity 1097K, committed 1152K, reserved 1048576K
}
Event: 309.193 GC heap before
{Heap before GC invocations=2567 (full 79):
 PSYoungGen      total 23552K, used 23136K [0x000000076af80000, 0x000000076fe80000, 0x00000007c0000000)
  eden space 23040K, 100% used [0x000000076af80000,0x000000076c600000,0x000000076c600000)
  from space 512K, 18% used [0x000000076fd80000,0x000000076fd98000,0x000000076fe00000)
  to   space 512K, 0% used [0x000000076fe00000,0x000000076fe00000,0x000000076fe80000)
 ParOldGen       total 37376K, used 5156K [0x00000006c0e00000, 0x00000006c3280000, 0x000000076af80000)
  object space 37376K, 13% used [0x00000006c0e00000,0x00000006c13092d0,0x00000006c3280000)
 Metaspace       used 8918K, capacity 9126K, committed 9344K, reserved 1056768K
  class space    used 1029K, capacity 1097K, committed 1152K, reserved 1048576K
Event: 309.195 GC heap after
Heap after GC invocations=2567 (full 79):
 PSYoungGen      total 27136K, used 160K [0x000000076af80000, 0x000000076fe80000, 0x00000007c0000000)
  eden space 26624K, 0% used [0x000000076af80000,0x000000076af80000,0x000000076c980000)
  from space 512K, 31% used [0x000000076fe00000,0x000000076fe28000,0x000000076fe80000)
  to   space 512K, 0% used [0x000000076fd80000,0x000000076fd80000,0x000000076fe00000)
 ParOldGen       total 37376K, used 7856K [0x00000006c0e00000, 0x00000006c3280000, 0x000000076af80000)
  object space 37376K, 21% used [0x00000006c0e00000,0x00000006c15ac300,0x00000006c3280000)
 Metaspace       used 8918K, capacity 9126K, committed 9344K, reserved 1056768K
  class space    used 1029K, capacity 1097K, committed 1152K, reserved 1048576K
}
Event: 309.393 GC heap before
{Heap before GC invocations=2568 (full 79):
 PSYoungGen      total 27136K, used 26784K [0x000000076af80000, 0x000000076fe80000, 0x00000007c0000000)
  eden space 26624K, 100% used [0x000000076af80000,0x000000076c980000,0x000000076c980000)
  from space 512K, 31% used [0x000000076fe00000,0x000000076fe28000,0x000000076fe80000)
  to   space 512K, 0% used [0x000000076fd80000,0x000000076fd80000,0x000000076fe00000)
 ParOldGen       total 37376K, used 7856K [0x00000006c0e00000, 0x00000006c3280000, 0x000000076af80000)
  object space 37376K, 21% used [0x00000006c0e00000,0x00000006c15ac300,0x00000006c3280000)
 Metaspace       used 8918K, capacity 9126K, committed 9344K, reserved 1056768K
  class space    used 1029K, capacity 1097K, committed 1152K, reserved 1048576K
Event: 309.394 GC heap after
Heap after GC invocations=2568 (full 79):
 PSYoungGen      total 26624K, used 160K [0x000000076af80000, 0x000000076fe80000, 0x00000007c0000000)
  eden space 26112K, 0% used [0x000000076af80000,0x000000076af80000,0x000000076c900000)
  from space 512K, 31% used [0x000000076fd80000,0x000000076fda8000,0x000000076fe00000)
  to   space 512K, 0% used [0x000000076fe00000,0x000000076fe00000,0x000000076fe80000)
 ParOldGen       total 37376K, used 10556K [0x00000006c0e00000, 0x00000006c3280000, 0x000000076af80000)
  object space 37376K, 28% used [0x00000006c0e00000,0x00000006c184f330,0x00000006c3280000)
 Metaspace       used 8918K, capacity 9126K, committed 9344K, reserved 1056768K
  class space    used 1029K, capacity 1097K, committed 1152K, reserved 1048576K
}
Event: 309.590 GC heap before
{Heap before GC invocations=2569 (full 79):
 PSYoungGen      total 26624K, used 26272K [0x000000076af80000, 0x000000076fe80000, 0x00000007c0000000)
  eden space 26112K, 100% used [0x000000076af80000,0x000000076c900000,0x000000076c900000)
  from space 512K, 31% used [0x000000076fd80000,0x000000076fda8000,0x000000076fe00000)
  to   space 512K, 0% used [0x000000076fe00000,0x000000076fe00000,0x000000076fe80000)
 ParOldGen       total 37376K, used 10556K [0x00000006c0e00000, 0x00000006c3280000, 0x000000076af80000)
  object space 37376K, 28% used [0x00000006c0e00000,0x00000006c184f330,0x00000006c3280000)
 Metaspace       used 8918K, capacity 9126K, committed 9344K, reserved 1056768K
  class space    used 1029K, capacity 1097K, committed 1152K, reserved 1048576K
Event: 309.591 GC heap after
Heap after GC invocations=2569 (full 79):
 PSYoungGen      total 26112K, used 160K [0x000000076af80000, 0x000000076fe80000, 0x00000007c0000000)
  eden space 25600K, 0% used [0x000000076af80000,0x000000076af80000,0x000000076c880000)
  from space 512K, 31% used [0x000000076fe00000,0x000000076fe28000,0x000000076fe80000)
  to   space 512K, 0% used [0x000000076fd80000,0x000000076fd80000,0x000000076fe00000)
 ParOldGen       total 37376K, used 13256K [0x00000006c0e00000, 0x00000006c3280000, 0x000000076af80000)
  object space 37376K, 35% used [0x00000006c0e00000,0x00000006c1af2360,0x00000006c3280000)
 Metaspace       used 8918K, capacity 9126K, committed 9344K, reserved 1056768K
  class space    used 1029K, capacity 1097K, committed 1152K, reserved 1048576K
}

