# JRE version: Java(TM) SE Runtime Environment (8.0_111-b14) (build 1.8.0_111-b14)
# Java VM: Java HotSpot(TM) 64-Bit Server VM (25.111-b14 mixed mode windows-amd64 compressed oops)
Heap:
 PSYoungGen      total 135680K, used 5304K [0x000000076b100000, 0x0000000774200000, 0x00000007c0000000)
  eden space 124416K, 1% used [0x000000076b100000,0x000000076b363360,0x0000000772a80000)
  from space 11264K, 25% used [0x0000000773600000,0x00000007738cb030,0x0000000774100000)
  to   space 11776K, 0% used [0x0000000772a80000,0x0000000772a80000,0x0000000773600000)
 ParOldGen       total 175104K, used 22500K [0x00000006c1200000, 0x00000006cbd00000, 0x000000076b100000)
  object space 175104K, 12% used [0x00000006c1200000,0x00000006c27f9128,0x00000006cbd00000)
 Metaspace       used 8423K, capacity 8564K, committed 8832K, reserved 1056768K
  class space    used 1002K, capacity 1064K, committed 1152K, reserved 1048576K
GC Heap History (10 events):
Event: 1.724 GC heap before
{Heap before GC invocations=4 (full 0):
 PSYoungGen      total 76288K, used 69545K [0x000000076b100000, 0x0000000770600000, 0x00000007c0000000)
  eden space 65536K, 98% used [0x000000076b100000,0x000000076f02ec38,0x000000076f100000)
  from space 10752K, 45% used [0x000000076f100000,0x000000076f5bba68,0x000000076fb80000)
  to   space 10752K, 0% used [0x000000076fb80000,0x000000076fb80000,0x0000000770600000)
 ParOldGen       total 175104K, used 7093K [0x00000006c1200000, 0x00000006cbd00000, 0x000000076b100000)
  object space 175104K, 4% used [0x00000006c1200000,0x00000006c18ed490,0x00000006cbd00000)
 Metaspace       used 8414K, capacity 8564K, committed 8832K, reserved 1056768K
  class space    used 1002K, capacity 1064K, committed 1152K, reserved 1048576K
Event: 1.725 GC heap after
Heap after GC invocations=4 (full 0):
 PSYoungGen      total 76288K, used 5746K [0x000000076b100000, 0x0000000770600000, 0x00000007c0000000)
  eden space 65536K, 0% used [0x000000076b100000,0x000000076b100000,0x000000076f100000)
  from space 10752K, 53% used [0x000000076fb80000,0x000000077011ca58,0x0000000770600000)
  to   space 10752K, 0% used [0x000000076f100000,0x000000076f100000,0x000000076fb80000)
 ParOldGen       total 175104K, used 7093K [0x00000006c1200000, 0x00000006cbd00000, 0x000000076b100000)
  object space 175104K, 4% used [0x00000006c1200000,0x00000006c18ed490,0x00000006cbd00000)
 Metaspace       used 8414K, capacity 8564K, committed 8832K, reserved 1056768K
  class space    used 1002K, capacity 1064K, committed 1152K, reserved 1048576K
}
Event: 1.960 GC heap before
{Heap before GC invocations=5 (full 0):
 PSYoungGen      total 76288K, used 71282K [0x000000076b100000, 0x0000000770600000, 0x00000007c0000000)
  eden space 65536K, 100% used [0x000000076b100000,0x000000076f100000,0x000000076f100000)
  from space 10752K, 53% used [0x000000076fb80000,0x000000077011ca58,0x0000000770600000)
  to   space 10752K, 0% used [0x000000076f100000,0x000000076f100000,0x000000076fb80000)
 ParOldGen       total 175104K, used 7093K [0x00000006c1200000, 0x00000006cbd00000, 0x000000076b100000)
  object space 175104K, 4% used [0x00000006c1200000,0x00000006c18ed490,0x00000006cbd00000)
 Metaspace       used 8416K, capacity 8564K, committed 8832K, reserved 1056768K
  class space    used 1002K, capacity 1064K, committed 1152K, reserved 1048576K
Event: 1.962 GC heap after
Heap after GC invocations=5 (full 0):
 PSYoungGen      total 70144K, used 5778K [0x000000076b100000, 0x0000000770280000, 0x00000007c0000000)
  eden space 64000K, 0% used [0x000000076b100000,0x000000076b100000,0x000000076ef80000)
  from space 6144K, 94% used [0x000000076f100000,0x000000076f6a4a58,0x000000076f700000)
  to   space 9728K, 0% used [0x000000076f900000,0x000000076f900000,0x0000000770280000)
 ParOldGen       total 175104K, used 7093K [0x00000006c1200000, 0x00000006cbd00000, 0x000000076b100000)
  object space 175104K, 4% used [0x00000006c1200000,0x00000006c18ed490,0x00000006cbd00000)
 Metaspace       used 8416K, capacity 8564K, committed 8832K, reserved 1056768K
  class space    used 1002K, capacity 1064K, committed 1152K, reserved 1048576K
}
Event: 2.194 GC heap before
{Heap before GC invocations=6 (full 0):
 PSYoungGen      total 70144K, used 69778K [0x000000076b100000, 0x0000000770280000, 0x00000007c0000000)
  eden space 64000K, 100% used [0x000000076b100000,0x000000076ef80000,0x000000076ef80000)
  from space 6144K, 94% used [0x000000076f100000,0x000000076f6a4a58,0x000000076f700000)
  to   space 9728K, 0% used [0x000000076f900000,0x000000076f900000,0x0000000770280000)
 ParOldGen       total 175104K, used 7093K [0x00000006c1200000, 0x00000006cbd00000, 0x000000076b100000)
  object space 175104K, 4% used [0x00000006c1200000,0x00000006c18ed490,0x00000006cbd00000)
 Metaspace       used 8417K, capacity 8564K, committed 8832K, reserved 1056768K
  class space    used 1002K, capacity 1064K, committed 1152K, reserved 1048576K
Event: 2.197 GC heap after
Heap after GC invocations=6 (full 0):
 PSYoungGen      total 72192K, used 9297K [0x000000076b100000, 0x0000000770300000, 0x00000007c0000000)
  eden space 62464K, 0% used [0x000000076b100000,0x000000076b100000,0x000000076ee00000)
  from space 9728K, 95% used [0x000000076f900000,0x00000007702144b0,0x0000000770280000)
  to   space 10752K, 0% used [0x000000076ee00000,0x000000076ee00000,0x000000076f880000)
 ParOldGen       total 175104K, used 10627K [0x00000006c1200000, 0x00000006cbd00000, 0x000000076b100000)
  object space 175104K, 6% used [0x00000006c1200000,0x00000006c1c60ed8,0x00000006cbd00000)
 Metaspace       used 8417K, capacity 8564K, committed 8832K, reserved 1056768K
  class space    used 1002K, capacity 1064K, committed 1152K, reserved 1048576K
}
Event: 2.428 GC heap before
{Heap before GC invocations=7 (full 0):
 PSYoungGen      total 72192K, used 71761K [0x000000076b100000, 0x0000000770300000, 0x00000007c0000000)
  eden space 62464K, 100% used [0x000000076b100000,0x000000076ee00000,0x000000076ee00000)
  from space 9728K, 95% used [0x000000076f900000,0x00000007702144b0,0x0000000770280000)
  to   space 10752K, 0% used [0x000000076ee00000,0x000000076ee00000,0x000000076f880000)
 ParOldGen       total 175104K, used 10627K [0x00000006c1200000, 0x00000006cbd00000, 0x000000076b100000)
  object space 175104K, 6% used [0x00000006c1200000,0x00000006c1c60ed8,0x00000006cbd00000)
 Metaspace       used 8417K, capacity 8564K, committed 8832K, reserved 1056768K
  class space    used 1002K, capacity 1064K, committed 1152K, reserved 1048576K
Event: 2.431 GC heap after
Heap after GC invocations=7 (full 0):
 PSYoungGen      total 73216K, used 996K [0x000000076b100000, 0x0000000774100000, 0x00000007c0000000)
  eden space 62464K, 0% used [0x000000076b100000,0x000000076b100000,0x000000076ee00000)
  from space 10752K, 9% used [0x000000076ee00000,0x000000076eef9010,0x000000076f880000)
  to   space 11264K, 0% used [0x0000000773600000,0x0000000773600000,0x0000000774100000)
 ParOldGen       total 175104K, used 22484K [0x00000006c1200000, 0x00000006cbd00000, 0x000000076b100000)
  object space 175104K, 12% used [0x00000006c1200000,0x00000006c27f5128,0x00000006cbd00000)
 Metaspace       used 8417K, capacity 8564K, committed 8832K, reserved 1056768K
  class space    used 1002K, capacity 1064K, committed 1152K, reserved 1048576K
}
Event: 2.639 GC heap before
{Heap before GC invocations=8 (full 0):
 PSYoungGen      total 73216K, used 63460K [0x000000076b100000, 0x0000000774100000, 0x00000007c0000000)
  eden space 62464K, 100% used [0x000000076b100000,0x000000076ee00000,0x000000076ee00000)
  from space 10752K, 9% used [0x000000076ee00000,0x000000076eef9010,0x000000076f880000)
  to   space 11264K, 0% used [0x0000000773600000,0x0000000773600000,0x0000000774100000)
 ParOldGen       total 175104K, used 22484K [0x00000006c1200000, 0x00000006cbd00000, 0x000000076b100000)
  object space 175104K, 12% used [0x00000006c1200000,0x00000006c27f5128,0x00000006cbd00000)
 Metaspace       used 8418K, capacity 8564K, committed 8832K, reserved 1056768K
  class space    used 1002K, capacity 1064K, committed 1152K, reserved 1048576K
Event: 2.641 GC heap after
Heap after GC invocations=8 (full 0):
 PSYoungGen      total 135680K, used 2860K [0x000000076b100000, 0x0000000774200000, 0x00000007c0000000)
  eden space 124416K, 0% used [0x000000076b100000,0x000000076b100000,0x0000000772a80000)
  from space 11264K, 25% used [0x0000000773600000,0x00000007738cb030,0x0000000774100000)
  to   space 11776K, 0% used [0x0000000772a80000,0x0000000772a80000,0x0000000773600000)
 ParOldGen       total 175104K, used 22500K [0x00000006c1200000, 0x00000006cbd00000, 0x000000076b100000)
  object space 175104K, 12% used [0x00000006c1200000,0x00000006c27f9128,0x00000006cbd00000)
 Metaspace       used 8418K, capacity 8564K, committed 8832K, reserved 1056768K
  class space    used 1002K, capacity 1064K, committed 1152K, reserved 1048576K
}

