# JRE version: Java(TM) SE Runtime Environment (8.0_111-b14) (build 1.8.0_111-b14)
# Java VM: Java HotSpot(TM) 64-Bit Server VM (25.111-b14 mixed mode windows-amd64 compressed oops)
Heap:
 PSYoungGen      total 67584K, used 7850K [0x000000076af80000, 0x000000076f380000, 0x00000007c0000000)
  eden space 67072K, 11% used [0x000000076af80000,0x000000076b6e2848,0x000000076f100000)
  from space 512K, 56% used [0x000000076f280000,0x000000076f2c8000,0x000000076f300000)
  to   space 512K, 0% used [0x000000076f300000,0x000000076f300000,0x000000076f380000)
 ParOldGen       total 175104K, used 40973K [0x00000006c0e00000, 0x00000006cb900000, 0x000000076af80000)
  object space 175104K, 23% used [0x00000006c0e00000,0x00000006c3603638,0x00000006cb900000)
 Metaspace       used 8772K, capacity 8998K, committed 9088K, reserved 1056768K
  class space    used 1029K, capacity 1097K, committed 1152K, reserved 1048576K
GC Heap History (10 events):
Event: 33.855 GC heap before
{Heap before GC invocations=363 (full 0):
 PSYoungGen      total 42496K, used 42208K [0x000000076af80000, 0x000000076e800000, 0x00000007c0000000)
  eden space 41984K, 100% used [0x000000076af80000,0x000000076d880000,0x000000076d880000)
  from space 512K, 43% used [0x000000076e780000,0x000000076e7b8000,0x000000076e800000)
  to   space 512K, 0% used [0x000000076e700000,0x000000076e700000,0x000000076e780000)
 ParOldGen       total 175104K, used 22853K [0x00000006c0e00000, 0x00000006cb900000, 0x000000076af80000)
  object space 175104K, 13% used [0x00000006c0e00000,0x00000006c24514f8,0x00000006cb900000)
 Metaspace       used 8766K, capacity 8998K, committed 9088K, reserved 1056768K
  class space    used 1028K, capacity 1097K, committed 1152K, reserved 1048576K
Event: 33.858 GC heap after
Heap after GC invocations=363 (full 0):
 PSYoungGen      total 51200K, used 192K [0x000000076af80000, 0x000000076e800000, 0x00000007c0000000)
  eden space 50688K, 0% used [0x000000076af80000,0x000000076af80000,0x000000076e100000)
  from space 512K, 37% used [0x000000076e700000,0x000000076e730000,0x000000076e780000)
  to   space 512K, 0% used [0x000000076e780000,0x000000076e780000,0x000000076e800000)
 ParOldGen       total 175104K, used 25577K [0x00000006c0e00000, 0x00000006cb900000, 0x000000076af80000)
  object space 175104K, 14% used [0x00000006c0e00000,0x00000006c26fa528,0x00000006cb900000)
 Metaspace       used 8766K, capacity 8998K, committed 9088K, reserved 1056768K
  class space    used 1028K, capacity 1097K, committed 1152K, reserved 1048576K
}
Event: 34.041 GC heap before
{Heap before GC invocations=364 (full 0):
 PSYoungGen      total 51200K, used 50565K [0x000000076af80000, 0x000000076e800000, 0x00000007c0000000)
  eden space 50688K, 99% used [0x000000076af80000,0x000000076e0b1500,0x000000076e100000)
  from space 512K, 37% used [0x000000076e700000,0x000000076e730000,0x000000076e780000)
  to   space 512K, 0% used [0x000000076e780000,0x000000076e780000,0x000000076e800000)
 ParOldGen       total 175104K, used 25577K [0x00000006c0e00000, 0x00000006cb900000, 0x000000076af80000)
  object space 175104K, 14% used [0x00000006c0e00000,0x00000006c26fa528,0x00000006cb900000)
 Metaspace       used 8768K, capacity 8998K, committed 9088K, reserved 1056768K
  class space    used 1028K, capacity 1097K, committed 1152K, reserved 1048576K
Event: 34.043 GC heap after
Heap after GC invocations=364 (full 0):
 PSYoungGen      total 57344K, used 192K [0x000000076af80000, 0x000000076ec00000, 0x00000007c0000000)
  eden space 56832K, 0% used [0x000000076af80000,0x000000076af80000,0x000000076e700000)
  from space 512K, 37% used [0x000000076e780000,0x000000076e7b0000,0x000000076e800000)
  to   space 512K, 0% used [0x000000076e700000,0x000000076e700000,0x000000076e780000)
 ParOldGen       total 175104K, used 25625K [0x00000006c0e00000, 0x00000006cb900000, 0x000000076af80000)
  object space 175104K, 14% used [0x00000006c0e00000,0x00000006c2706528,0x00000006cb900000)
 Metaspace       used 8768K, capacity 8998K, committed 9088K, reserved 1056768K
  class space    used 1028K, capacity 1097K, committed 1152K, reserved 1048576K
}
Event: 34.210 GC heap before
{Heap before GC invocations=365 (full 0):
 PSYoungGen      total 57344K, used 57024K [0x000000076af80000, 0x000000076ec00000, 0x00000007c0000000)
  eden space 56832K, 100% used [0x000000076af80000,0x000000076e700000,0x000000076e700000)
  from space 512K, 37% used [0x000000076e780000,0x000000076e7b0000,0x000000076e800000)
  to   space 512K, 0% used [0x000000076e700000,0x000000076e700000,0x000000076e780000)
 ParOldGen       total 175104K, used 25625K [0x00000006c0e00000, 0x00000006cb900000, 0x000000076af80000)
  object space 175104K, 14% used [0x00000006c0e00000,0x00000006c2706528,0x00000006cb900000)
 Metaspace       used 8768K, capacity 8998K, committed 9088K, reserved 1056768K
  class space    used 1028K, capacity 1097K, committed 1152K, reserved 1048576K
Event: 34.212 GC heap after
Heap after GC invocations=365 (full 0):
 PSYoungGen      total 57344K, used 160K [0x000000076af80000, 0x000000076f380000, 0x00000007c0000000)
  eden space 56832K, 0% used [0x000000076af80000,0x000000076af80000,0x000000076e700000)
  from space 512K, 31% used [0x000000076e700000,0x000000076e728000,0x000000076e780000)
  to   space 512K, 0% used [0x000000076f300000,0x000000076f300000,0x000000076f380000)
 ParOldGen       total 175104K, used 28373K [0x00000006c0e00000, 0x00000006cb900000, 0x000000076af80000)
  object space 175104K, 16% used [0x00000006c0e00000,0x00000006c29b5558,0x00000006cb900000)
 Metaspace       used 8768K, capacity 8998K, committed 9088K, reserved 1056768K
  class space    used 1028K, capacity 1097K, committed 1152K, reserved 1048576K
}
Event: 34.397 GC heap before
{Heap before GC invocations=366 (full 0):
 PSYoungGen      total 57344K, used 56992K [0x000000076af80000, 0x000000076f380000, 0x00000007c0000000)
  eden space 56832K, 100% used [0x000000076af80000,0x000000076e700000,0x000000076e700000)
  from space 512K, 31% used [0x000000076e700000,0x000000076e728000,0x000000076e780000)
  to   space 512K, 0% used [0x000000076f300000,0x000000076f300000,0x000000076f380000)
 ParOldGen       total 175104K, used 28373K [0x00000006c0e00000, 0x00000006cb900000, 0x000000076af80000)
  object space 175104K, 16% used [0x00000006c0e00000,0x00000006c29b5558,0x00000006cb900000)
 Metaspace       used 8768K, capacity 8998K, committed 9088K, reserved 1056768K
  class space    used 1028K, capacity 1097K, committed 1152K, reserved 1048576K
Event: 34.398 GC heap after
Heap after GC invocations=366 (full 0):
 PSYoungGen      total 56320K, used 224K [0x000000076af80000, 0x000000076f380000, 0x00000007c0000000)
  eden space 55808K, 0% used [0x000000076af80000,0x000000076af80000,0x000000076e600000)
  from space 512K, 43% used [0x000000076f300000,0x000000076f338000,0x000000076f380000)
  to   space 512K, 0% used [0x000000076f280000,0x000000076f280000,0x000000076f300000)
 ParOldGen       total 175104K, used 31073K [0x00000006c0e00000, 0x00000006cb900000, 0x000000076af80000)
  object space 175104K, 17% used [0x00000006c0e00000,0x00000006c2c58588,0x00000006cb900000)
 Metaspace       used 8768K, capacity 8998K, committed 9088K, reserved 1056768K
  class space    used 1028K, capacity 1097K, committed 1152K, reserved 1048576K
}
Event: 34.606 GC heap before
{Heap before GC invocations=367 (full 0):
 PSYoungGen      total 56320K, used 56032K [0x000000076af80000, 0x000000076f380000, 0x00000007c0000000)
  eden space 55808K, 100% used [0x000000076af80000,0x000000076e600000,0x000000076e600000)
  from space 512K, 43% used [0x000000076f300000,0x000000076f338000,0x000000076f380000)
  to   space 512K, 0% used [0x000000076f280000,0x000000076f280000,0x000000076f300000)
 ParOldGen       total 175104K, used 31073K [0x00000006c0e00000, 0x00000006cb900000, 0x000000076af80000)
  object space 175104K, 17% used [0x00000006c0e00000,0x00000006c2c58588,0x00000006cb900000)
 Metaspace       used 8772K, capacity 8998K, committed 9088K, reserved 1056768K
  class space    used 1029K, capacity 1097K, committed 1152K, reserved 1048576K
Event: 34.609 GC heap after
Heap after GC invocations=367 (full 0):
 PSYoungGen      total 67584K, used 288K [0x000000076af80000, 0x000000076f380000, 0x00000007c0000000)
  eden space 67072K, 0% used [0x000000076af80000,0x000000076af80000,0x000000076f100000)
  from space 512K, 56% used [0x000000076f280000,0x000000076f2c8000,0x000000076f300000)
  to   space 512K, 0% used [0x000000076f300000,0x000000076f300000,0x000000076f380000)
 ParOldGen       total 175104K, used 40973K [0x00000006c0e00000, 0x00000006cb900000, 0x000000076af80000)
  object space 175104K, 23% used [0x00000006c0e00000,0x00000006c3603638,0x00000006cb900000)
 Metaspace       used 8772K, capacity 8998K, committed 9088K, reserved 1056768K
  class space    used 1029K, capacity 1097K, committed 1152K, reserved 1048576K
}

