# JRE version: Java(TM) SE Runtime Environment (8.0_111-b14) (build 1.8.0_111-b14)
# Java VM: Java HotSpot(TM) 64-Bit Server VM (25.111-b14 mixed mode windows-amd64 compressed oops)
Heap:
 PSYoungGen      total 32256K, used 4486K [0x000000076b100000, 0x0000000781d00000, 0x00000007c0000000)
  eden space 31744K, 13% used [0x000000076b100000,0x000000076b551820,0x000000076d000000)
  from space 512K, 12% used [0x0000000781c00000,0x0000000781c10000,0x0000000781c80000)
  to   space 512K, 0% used [0x0000000781c80000,0x0000000781c80000,0x0000000781d00000)
 ParOldGen       total 175104K, used 37809K [0x00000006c1200000, 0x00000006cbd00000, 0x000000076b100000)
  object space 175104K, 21% used [0x00000006c1200000,0x00000006c36ec658,0x00000006cbd00000)
 Metaspace       used 8432K, capacity 8564K, committed 8832K, reserved 1056768K
  class space    used 1002K, capacity 1064K, committed 1152K, reserved 1048576K
GC Heap History (10 events):
Event: 30.284 GC heap before
{Heap before GC invocations=113 (full 0):
 PSYoungGen      total 34816K, used 34592K [0x000000076b100000, 0x0000000781d00000, 0x00000007c0000000)
  eden space 34304K, 100% used [0x000000076b100000,0x000000076d280000,0x000000076d280000)
  from space 512K, 56% used [0x0000000781c80000,0x0000000781cc8000,0x0000000781d00000)
  to   space 512K, 0% used [0x0000000781c00000,0x0000000781c00000,0x0000000781c80000)
 ParOldGen       total 175104K, used 37785K [0x00000006c1200000, 0x00000006cbd00000, 0x000000076b100000)
  object space 175104K, 21% used [0x00000006c1200000,0x00000006c36e6658,0x00000006cbd00000)
 Metaspace       used 8431K, capacity 8564K, committed 8832K, reserved 1056768K
  class space    used 1002K, capacity 1064K, committed 1152K, reserved 1048576K
Event: 30.285 GC heap after
Heap after GC invocations=113 (full 0):
 PSYoungGen      total 34304K, used 96K [0x000000076b100000, 0x0000000781d00000, 0x00000007c0000000)
  eden space 33792K, 0% used [0x000000076b100000,0x000000076b100000,0x000000076d200000)
  from space 512K, 18% used [0x0000000781c00000,0x0000000781c18000,0x0000000781c80000)
  to   space 512K, 0% used [0x0000000781c80000,0x0000000781c80000,0x0000000781d00000)
 ParOldGen       total 175104K, used 37785K [0x00000006c1200000, 0x00000006cbd00000, 0x000000076b100000)
  object space 175104K, 21% used [0x00000006c1200000,0x00000006c36e6658,0x00000006cbd00000)
 Metaspace       used 8431K, capacity 8564K, committed 8832K, reserved 1056768K
  class space    used 1002K, capacity 1064K, committed 1152K, reserved 1048576K
}
Event: 30.345 GC heap before
{Heap before GC invocations=114 (full 0):
 PSYoungGen      total 34304K, used 33888K [0x000000076b100000, 0x0000000781d00000, 0x00000007c0000000)
  eden space 33792K, 100% used [0x000000076b100000,0x000000076d200000,0x000000076d200000)
  from space 512K, 18% used [0x0000000781c00000,0x0000000781c18000,0x0000000781c80000)
  to   space 512K, 0% used [0x0000000781c80000,0x0000000781c80000,0x0000000781d00000)
 ParOldGen       total 175104K, used 37785K [0x00000006c1200000, 0x00000006cbd00000, 0x000000076b100000)
  object space 175104K, 21% used [0x00000006c1200000,0x00000006c36e6658,0x00000006cbd00000)
 Metaspace       used 8431K, capacity 8564K, committed 8832K, reserved 1056768K
  class space    used 1002K, capacity 1064K, committed 1152K, reserved 1048576K
Event: 30.345 GC heap after
Heap after GC invocations=114 (full 0):
 PSYoungGen      total 33792K, used 160K [0x000000076b100000, 0x0000000781d00000, 0x00000007c0000000)
  eden space 33280K, 0% used [0x000000076b100000,0x000000076b100000,0x000000076d180000)
  from space 512K, 31% used [0x0000000781c80000,0x0000000781ca8000,0x0000000781d00000)
  to   space 512K, 0% used [0x0000000781c00000,0x0000000781c00000,0x0000000781c80000)
 ParOldGen       total 175104K, used 37785K [0x00000006c1200000, 0x00000006cbd00000, 0x000000076b100000)
  object space 175104K, 21% used [0x00000006c1200000,0x00000006c36e6658,0x00000006cbd00000)
 Metaspace       used 8431K, capacity 8564K, committed 8832K, reserved 1056768K
  class space    used 1002K, capacity 1064K, committed 1152K, reserved 1048576K
}
Event: 30.405 GC heap before
{Heap before GC invocations=115 (full 0):
 PSYoungGen      total 33792K, used 33440K [0x000000076b100000, 0x0000000781d00000, 0x00000007c0000000)
  eden space 33280K, 100% used [0x000000076b100000,0x000000076d180000,0x000000076d180000)
  from space 512K, 31% used [0x0000000781c80000,0x0000000781ca8000,0x0000000781d00000)
  to   space 512K, 0% used [0x0000000781c00000,0x0000000781c00000,0x0000000781c80000)
 ParOldGen       total 175104K, used 37785K [0x00000006c1200000, 0x00000006cbd00000, 0x000000076b100000)
  object space 175104K, 21% used [0x00000006c1200000,0x00000006c36e6658,0x00000006cbd00000)
 Metaspace       used 8431K, capacity 8564K, committed 8832K, reserved 1056768K
  class space    used 1002K, capacity 1064K, committed 1152K, reserved 1048576K
Event: 30.405 GC heap after
Heap after GC invocations=115 (full 0):
 PSYoungGen      total 33280K, used 160K [0x000000076b100000, 0x0000000781d00000, 0x00000007c0000000)
  eden space 32768K, 0% used [0x000000076b100000,0x000000076b100000,0x000000076d100000)
  from space 512K, 31% used [0x0000000781c00000,0x0000000781c28000,0x0000000781c80000)
  to   space 512K, 0% used [0x0000000781c80000,0x0000000781c80000,0x0000000781d00000)
 ParOldGen       total 175104K, used 37785K [0x00000006c1200000, 0x00000006cbd00000, 0x000000076b100000)
  object space 175104K, 21% used [0x00000006c1200000,0x00000006c36e6658,0x00000006cbd00000)
 Metaspace       used 8431K, capacity 8564K, committed 8832K, reserved 1056768K
  class space    used 1002K, capacity 1064K, committed 1152K, reserved 1048576K
}
Event: 30.478 GC heap before
{Heap before GC invocations=116 (full 0):
 PSYoungGen      total 33280K, used 32928K [0x000000076b100000, 0x0000000781d00000, 0x00000007c0000000)
  eden space 32768K, 100% used [0x000000076b100000,0x000000076d100000,0x000000076d100000)
  from space 512K, 31% used [0x0000000781c00000,0x0000000781c28000,0x0000000781c80000)
  to   space 512K, 0% used [0x0000000781c80000,0x0000000781c80000,0x0000000781d00000)
 ParOldGen       total 175104K, used 37785K [0x00000006c1200000, 0x00000006cbd00000, 0x000000076b100000)
  object space 175104K, 21% used [0x00000006c1200000,0x00000006c36e6658,0x00000006cbd00000)
 Metaspace       used 8432K, capacity 8564K, committed 8832K, reserved 1056768K
  class space    used 1002K, capacity 1064K, committed 1152K, reserved 1048576K
Event: 30.479 GC heap after
Heap after GC invocations=116 (full 0):
 PSYoungGen      total 32768K, used 96K [0x000000076b100000, 0x0000000781d00000, 0x00000007c0000000)
  eden space 32256K, 0% used [0x000000076b100000,0x000000076b100000,0x000000076d080000)
  from space 512K, 18% used [0x0000000781c80000,0x0000000781c98000,0x0000000781d00000)
  to   space 512K, 0% used [0x0000000781c00000,0x0000000781c00000,0x0000000781c80000)
 ParOldGen       total 175104K, used 37785K [0x00000006c1200000, 0x00000006cbd00000, 0x000000076b100000)
  object space 175104K, 21% used [0x00000006c1200000,0x00000006c36e6658,0x00000006cbd00000)
 Metaspace       used 8432K, capacity 8564K, committed 8832K, reserved 1056768K
  class space    used 1002K, capacity 1064K, committed 1152K, reserved 1048576K
}
Event: 30.543 GC heap before
{Heap before GC invocations=117 (full 0):
 PSYoungGen      total 32768K, used 32352K [0x000000076b100000, 0x0000000781d00000, 0x00000007c0000000)
  eden space 32256K, 100% used [0x000000076b100000,0x000000076d080000,0x000000076d080000)
  from space 512K, 18% used [0x0000000781c80000,0x0000000781c98000,0x0000000781d00000)
  to   space 512K, 0% used [0x0000000781c00000,0x0000000781c00000,0x0000000781c80000)
 ParOldGen       total 175104K, used 37785K [0x00000006c1200000, 0x00000006cbd00000, 0x000000076b100000)
  object space 175104K, 21% used [0x00000006c1200000,0x00000006c36e6658,0x00000006cbd00000)
 Metaspace       used 8432K, capacity 8564K, committed 8832K, reserved 1056768K
  class space    used 1002K, capacity 1064K, committed 1152K, reserved 1048576K
Event: 30.543 GC heap after
Heap after GC invocations=117 (full 0):
 PSYoungGen      total 32256K, used 64K [0x000000076b100000, 0x0000000781d00000, 0x00000007c0000000)
  eden space 31744K, 0% used [0x000000076b100000,0x000000076b100000,0x000000076d000000)
  from space 512K, 12% used [0x0000000781c00000,0x0000000781c10000,0x0000000781c80000)
  to   space 512K, 0% used [0x0000000781c80000,0x0000000781c80000,0x0000000781d00000)
 ParOldGen       total 175104K, used 37809K [0x00000006c1200000, 0x00000006cbd00000, 0x000000076b100000)
  object space 175104K, 21% used [0x00000006c1200000,0x00000006c36ec658,0x00000006cbd00000)
 Metaspace       used 8432K, capacity 8564K, committed 8832K, reserved 1056768K
  class space    used 1002K, capacity 1064K, committed 1152K, reserved 1048576K
}

