# JRE version: Java(TM) SE Runtime Environment (8.0_111-b14) (build 1.8.0_111-b14)
# Java VM: Java HotSpot(TM) 64-Bit Server VM (25.111-b14 mixed mode windows-amd64 compressed oops)
Heap:
 PSYoungGen      total 47616K, used 21948K [0x000000076af80000, 0x000000076e100000, 0x00000007c0000000)
  eden space 45568K, 43% used [0x000000076af80000,0x000000076c2f5078,0x000000076dc00000)
  from space 2048K, 98% used [0x000000076dd00000,0x000000076defa020,0x000000076df00000)
  to   space 2048K, 0% used [0x000000076df00000,0x000000076df00000,0x000000076e100000)
 ParOldGen       total 175104K, used 91754K [0x00000006c0e00000, 0x00000006cb900000, 0x000000076af80000)
  object space 175104K, 52% used [0x00000006c0e00000,0x00000006c679a9a8,0x00000006cb900000)
 Metaspace       used 8753K, capacity 8934K, committed 9088K, reserved 1056768K
  class space    used 1029K, capacity 1097K, committed 1152K, reserved 1048576K
GC Heap History (10 events):
Event: 65.084 GC heap before
{Heap before GC invocations=583 (full 0):
 PSYoungGen      total 49664K, used 48531K [0x000000076af80000, 0x000000076e380000, 0x00000007c0000000)
  eden space 48128K, 98% used [0x000000076af80000,0x000000076dddbfa0,0x000000076de80000)
  from space 1536K, 69% used [0x000000076e200000,0x000000076e309010,0x000000076e380000)
  to   space 2048K, 0% used [0x000000076df80000,0x000000076df80000,0x000000076e180000)
 ParOldGen       total 175104K, used 84522K [0x00000006c0e00000, 0x00000006cb900000, 0x000000076af80000)
  object space 175104K, 48% used [0x00000006c0e00000,0x00000006c608a928,0x00000006cb900000)
 Metaspace       used 8748K, capacity 8934K, committed 9088K, reserved 1056768K
  class space    used 1028K, capacity 1097K, committed 1152K, reserved 1048576K
Event: 65.085 GC heap after
Heap after GC invocations=583 (full 0):
 PSYoungGen      total 49152K, used 1124K [0x000000076af80000, 0x000000076e280000, 0x00000007c0000000)
  eden space 47616K, 0% used [0x000000076af80000,0x000000076af80000,0x000000076de00000)
  from space 1536K, 73% used [0x000000076df80000,0x000000076e099010,0x000000076e100000)
  to   space 1536K, 0% used [0x000000076e100000,0x000000076e100000,0x000000076e280000)
 ParOldGen       total 175104K, used 84522K [0x00000006c0e00000, 0x00000006cb900000, 0x000000076af80000)
  object space 175104K, 48% used [0x00000006c0e00000,0x00000006c608a928,0x00000006cb900000)
 Metaspace       used 8748K, capacity 8934K, committed 9088K, reserved 1056768K
  class space    used 1028K, capacity 1097K, committed 1152K, reserved 1048576K
}
Event: 65.247 GC heap before
{Heap before GC invocations=584 (full 0):
 PSYoungGen      total 49152K, used 48740K [0x000000076af80000, 0x000000076e280000, 0x00000007c0000000)
  eden space 47616K, 100% used [0x000000076af80000,0x000000076de00000,0x000000076de00000)
  from space 1536K, 73% used [0x000000076df80000,0x000000076e099010,0x000000076e100000)
  to   space 1536K, 0% used [0x000000076e100000,0x000000076e100000,0x000000076e280000)
 ParOldGen       total 175104K, used 84522K [0x00000006c0e00000, 0x00000006cb900000, 0x000000076af80000)
  object space 175104K, 48% used [0x00000006c0e00000,0x00000006c608a928,0x00000006cb900000)
 Metaspace       used 8748K, capacity 8934K, committed 9088K, reserved 1056768K
  class space    used 1028K, capacity 1097K, committed 1152K, reserved 1048576K
Event: 65.248 GC heap after
Heap after GC invocations=584 (full 0):
 PSYoungGen      total 48640K, used 1156K [0x000000076af80000, 0x000000076e280000, 0x00000007c0000000)
  eden space 47104K, 0% used [0x000000076af80000,0x000000076af80000,0x000000076dd80000)
  from space 1536K, 75% used [0x000000076e100000,0x000000076e221010,0x000000076e280000)
  to   space 2048K, 0% used [0x000000076de80000,0x000000076de80000,0x000000076e080000)
 ParOldGen       total 175104K, used 86354K [0x00000006c0e00000, 0x00000006cb900000, 0x000000076af80000)
  object space 175104K, 49% used [0x00000006c0e00000,0x00000006c6254948,0x00000006cb900000)
 Metaspace       used 8748K, capacity 8934K, committed 9088K, reserved 1056768K
  class space    used 1028K, capacity 1097K, committed 1152K, reserved 1048576K
}
Event: 65.432 GC heap before
{Heap before GC invocations=585 (full 0):
 PSYoungGen      total 48640K, used 48260K [0x000000076af80000, 0x000000076e280000, 0x00000007c0000000)
  eden space 47104K, 100% used [0x000000076af80000,0x000000076dd80000,0x000000076dd80000)
  from space 1536K, 75% used [0x000000076e100000,0x000000076e221010,0x000000076e280000)
  to   space 2048K, 0% used [0x000000076de80000,0x000000076de80000,0x000000076e080000)
 ParOldGen       total 175104K, used 86354K [0x00000006c0e00000, 0x00000006cb900000, 0x000000076af80000)
  object space 175104K, 49% used [0x00000006c0e00000,0x00000006c6254948,0x00000006cb900000)
 Metaspace       used 8748K, capacity 8934K, committed 9088K, reserved 1056768K
  class space    used 1028K, capacity 1097K, committed 1152K, reserved 1048576K
Event: 65.433 GC heap after
Heap after GC invocations=585 (full 0):
 PSYoungGen      total 48640K, used 1992K [0x000000076af80000, 0x000000076e200000, 0x00000007c0000000)
  eden space 46592K, 0% used [0x000000076af80000,0x000000076af80000,0x000000076dd00000)
  from space 2048K, 97% used [0x000000076de80000,0x000000076e072020,0x000000076e080000)
  to   space 1536K, 0% used [0x000000076e080000,0x000000076e080000,0x000000076e200000)
 ParOldGen       total 175104K, used 87254K [0x00000006c0e00000, 0x00000006cb900000, 0x000000076af80000)
  object space 175104K, 49% used [0x00000006c0e00000,0x00000006c6335958,0x00000006cb900000)
 Metaspace       used 8748K, capacity 8934K, committed 9088K, reserved 1056768K
  class space    used 1028K, capacity 1097K, committed 1152K, reserved 1048576K
}
Event: 65.614 GC heap before
{Heap before GC invocations=586 (full 0):
 PSYoungGen      total 48640K, used 48584K [0x000000076af80000, 0x000000076e200000, 0x00000007c0000000)
  eden space 46592K, 100% used [0x000000076af80000,0x000000076dd00000,0x000000076dd00000)
  from space 2048K, 97% used [0x000000076de80000,0x000000076e072020,0x000000076e080000)
  to   space 1536K, 0% used [0x000000076e080000,0x000000076e080000,0x000000076e200000)
 ParOldGen       total 175104K, used 87254K [0x00000006c0e00000, 0x00000006cb900000, 0x000000076af80000)
  object space 175104K, 49% used [0x00000006c0e00000,0x00000006c6335958,0x00000006cb900000)
 Metaspace       used 8748K, capacity 8934K, committed 9088K, reserved 1056768K
  class space    used 1028K, capacity 1097K, committed 1152K, reserved 1048576K
Event: 65.616 GC heap after
Heap after GC invocations=586 (full 0):
 PSYoungGen      total 47616K, used 1060K [0x000000076af80000, 0x000000076e200000, 0x00000007c0000000)
  eden space 46080K, 0% used [0x000000076af80000,0x000000076af80000,0x000000076dc80000)
  from space 1536K, 69% used [0x000000076e080000,0x000000076e189010,0x000000076e200000)
  to   space 2560K, 0% used [0x000000076dd00000,0x000000076dd00000,0x000000076df80000)
 ParOldGen       total 175104K, used 89054K [0x00000006c0e00000, 0x00000006cb900000, 0x000000076af80000)
  object space 175104K, 50% used [0x00000006c0e00000,0x00000006c64f7978,0x00000006cb900000)
 Metaspace       used 8748K, capacity 8934K, committed 9088K, reserved 1056768K
  class space    used 1028K, capacity 1097K, committed 1152K, reserved 1048576K
}
Event: 65.769 GC heap before
{Heap before GC invocations=587 (full 0):
 PSYoungGen      total 47616K, used 47140K [0x000000076af80000, 0x000000076e200000, 0x00000007c0000000)
  eden space 46080K, 100% used [0x000000076af80000,0x000000076dc80000,0x000000076dc80000)
  from space 1536K, 69% used [0x000000076e080000,0x000000076e189010,0x000000076e200000)
  to   space 2560K, 0% used [0x000000076dd00000,0x000000076dd00000,0x000000076df80000)
 ParOldGen       total 175104K, used 89054K [0x00000006c0e00000, 0x00000006cb900000, 0x000000076af80000)
  object space 175104K, 50% used [0x00000006c0e00000,0x00000006c64f7978,0x00000006cb900000)
 Metaspace       used 8753K, capacity 8934K, committed 9088K, reserved 1056768K
  class space    used 1029K, capacity 1097K, committed 1152K, reserved 1048576K
Event: 65.770 GC heap after
Heap after GC invocations=587 (full 0):
 PSYoungGen      total 47616K, used 2024K [0x000000076af80000, 0x000000076e100000, 0x00000007c0000000)
  eden space 45568K, 0% used [0x000000076af80000,0x000000076af80000,0x000000076dc00000)
  from space 2048K, 98% used [0x000000076dd00000,0x000000076defa020,0x000000076df00000)
  to   space 2048K, 0% used [0x000000076df00000,0x000000076df00000,0x000000076e100000)
 ParOldGen       total 175104K, used 91754K [0x00000006c0e00000, 0x00000006cb900000, 0x000000076af80000)
  object space 175104K, 52% used [0x00000006c0e00000,0x00000006c679a9a8,0x00000006cb900000)
 Metaspace       used 8753K, capacity 8934K, committed 9088K, reserved 1056768K
  class space    used 1029K, capacity 1097K, committed 1152K, reserved 1048576K
}

