# JRE version: Java(TM) SE Runtime Environment (8.0_111-b14) (build 1.8.0_111-b14)
# Java VM: Java HotSpot(TM) 64-Bit Server VM (25.111-b14 mixed mode windows-amd64 compressed oops)
Heap:
 PSYoungGen      total 46080K, used 13796K [0x000000076af80000, 0x000000076e280000, 0x00000007c0000000)
  eden space 40960K, 21% used [0x000000076af80000,0x000000076b84c208,0x000000076d780000)
  from space 5120K, 93% used [0x000000076d800000,0x000000076dcad050,0x000000076dd00000)
  to   space 5632K, 0% used [0x000000076dd00000,0x000000076dd00000,0x000000076e280000)
 ParOldGen       total 175104K, used 113962K [0x00000006c0e00000, 0x00000006cb900000, 0x000000076af80000)
  object space 175104K, 65% used [0x00000006c0e00000,0x00000006c7d4ab28,0x00000006cb900000)
 Metaspace       used 8927K, capacity 9126K, committed 9344K, reserved 1056768K
  class space    used 1030K, capacity 1097K, committed 1152K, reserved 1048576K
GC Heap History (10 events):
Event: 34.790 GC heap before
{Heap before GC invocations=245 (full 0):
 PSYoungGen      total 48128K, used 46348K [0x000000076af80000, 0x000000076e400000, 0x00000007c0000000)
  eden space 43520K, 100% used [0x000000076af80000,0x000000076da00000,0x000000076da00000)
  from space 4608K, 61% used [0x000000076df80000,0x000000076e243030,0x000000076e400000)
  to   space 5120K, 0% used [0x000000076da00000,0x000000076da00000,0x000000076df00000)
 ParOldGen       total 175104K, used 112042K [0x00000006c0e00000, 0x00000006cb900000, 0x000000076af80000)
  object space 175104K, 63% used [0x00000006c0e00000,0x00000006c7b6ab08,0x00000006cb900000)
 Metaspace       used 8839K, capacity 9062K, committed 9344K, reserved 1056768K
  class space    used 1029K, capacity 1097K, committed 1152K, reserved 1048576K
Event: 34.790 GC heap after
Heap after GC invocations=245 (full 0):
 PSYoungGen      total 46080K, used 2924K [0x000000076af80000, 0x000000076e380000, 0x00000007c0000000)
  eden space 43008K, 0% used [0x000000076af80000,0x000000076af80000,0x000000076d980000)
  from space 3072K, 95% used [0x000000076da00000,0x000000076dcdb030,0x000000076dd00000)
  to   space 5120K, 0% used [0x000000076de80000,0x000000076de80000,0x000000076e380000)
 ParOldGen       total 175104K, used 112042K [0x00000006c0e00000, 0x00000006cb900000, 0x000000076af80000)
  object space 175104K, 63% used [0x00000006c0e00000,0x00000006c7b6ab08,0x00000006cb900000)
 Metaspace       used 8839K, capacity 9062K, committed 9344K, reserved 1056768K
  class space    used 1029K, capacity 1097K, committed 1152K, reserved 1048576K
}
Event: 34.939 GC heap before
{Heap before GC invocations=246 (full 0):
 PSYoungGen      total 46080K, used 45932K [0x000000076af80000, 0x000000076e380000, 0x00000007c0000000)
  eden space 43008K, 100% used [0x000000076af80000,0x000000076d980000,0x000000076d980000)
  from space 3072K, 95% used [0x000000076da00000,0x000000076dcdb030,0x000000076dd00000)
  to   space 5120K, 0% used [0x000000076de80000,0x000000076de80000,0x000000076e380000)
 ParOldGen       total 175104K, used 112042K [0x00000006c0e00000, 0x00000006cb900000, 0x000000076af80000)
  object space 175104K, 63% used [0x00000006c0e00000,0x00000006c7b6ab08,0x00000006cb900000)
 Metaspace       used 8839K, capacity 9062K, committed 9344K, reserved 1056768K
  class space    used 1029K, capacity 1097K, committed 1152K, reserved 1048576K
Event: 34.940 GC heap after
Heap after GC invocations=246 (full 0):
 PSYoungGen      total 47104K, used 2860K [0x000000076af80000, 0x000000076e300000, 0x00000007c0000000)
  eden space 42496K, 0% used [0x000000076af80000,0x000000076af80000,0x000000076d900000)
  from space 4608K, 62% used [0x000000076de80000,0x000000076e14b030,0x000000076e300000)
  to   space 5120K, 0% used [0x000000076d900000,0x000000076d900000,0x000000076de00000)
 ParOldGen       total 175104K, used 112074K [0x00000006c0e00000, 0x00000006cb900000, 0x000000076af80000)
  object space 175104K, 64% used [0x00000006c0e00000,0x00000006c7b72b08,0x00000006cb900000)
 Metaspace       used 8839K, capacity 9062K, committed 9344K, reserved 1056768K
  class space    used 1029K, capacity 1097K, committed 1152K, reserved 1048576K
}
Event: 35.093 GC heap before
{Heap before GC invocations=247 (full 0):
 PSYoungGen      total 47104K, used 45356K [0x000000076af80000, 0x000000076e300000, 0x00000007c0000000)
  eden space 42496K, 100% used [0x000000076af80000,0x000000076d900000,0x000000076d900000)
  from space 4608K, 62% used [0x000000076de80000,0x000000076e14b030,0x000000076e300000)
  to   space 5120K, 0% used [0x000000076d900000,0x000000076d900000,0x000000076de00000)
 ParOldGen       total 175104K, used 112074K [0x00000006c0e00000, 0x00000006cb900000, 0x000000076af80000)
  object space 175104K, 64% used [0x00000006c0e00000,0x00000006c7b72b08,0x00000006cb900000)
 Metaspace       used 8915K, capacity 9126K, committed 9344K, reserved 1056768K
  class space    used 1029K, capacity 1097K, committed 1152K, reserved 1048576K
Event: 35.094 GC heap after
Heap after GC invocations=247 (full 0):
 PSYoungGen      total 45056K, used 2892K [0x000000076af80000, 0x000000076e280000, 0x00000007c0000000)
  eden space 41984K, 0% used [0x000000076af80000,0x000000076af80000,0x000000076d880000)
  from space 3072K, 94% used [0x000000076d900000,0x000000076dbd3030,0x000000076dc00000)
  to   space 5120K, 0% used [0x000000076dd80000,0x000000076dd80000,0x000000076e280000)
 ParOldGen       total 175104K, used 112098K [0x00000006c0e00000, 0x00000006cb900000, 0x000000076af80000)
  object space 175104K, 64% used [0x00000006c0e00000,0x00000006c7b78b08,0x00000006cb900000)
 Metaspace       used 8915K, capacity 9126K, committed 9344K, reserved 1056768K
  class space    used 1029K, capacity 1097K, committed 1152K, reserved 1048576K
}
Event: 35.247 GC heap before
{Heap before GC invocations=248 (full 0):
 PSYoungGen      total 45056K, used 44876K [0x000000076af80000, 0x000000076e280000, 0x00000007c0000000)
  eden space 41984K, 100% used [0x000000076af80000,0x000000076d880000,0x000000076d880000)
  from space 3072K, 94% used [0x000000076d900000,0x000000076dbd3030,0x000000076dc00000)
  to   space 5120K, 0% used [0x000000076dd80000,0x000000076dd80000,0x000000076e280000)
 ParOldGen       total 175104K, used 112098K [0x00000006c0e00000, 0x00000006cb900000, 0x000000076af80000)
  object space 175104K, 64% used [0x00000006c0e00000,0x00000006c7b78b08,0x00000006cb900000)
 Metaspace       used 8922K, capacity 9126K, committed 9344K, reserved 1056768K
  class space    used 1029K, capacity 1097K, committed 1152K, reserved 1048576K
Event: 35.248 GC heap after
Heap after GC invocations=248 (full 0):
 PSYoungGen      total 46080K, used 2860K [0x000000076af80000, 0x000000076e200000, 0x00000007c0000000)
  eden space 41472K, 0% used [0x000000076af80000,0x000000076af80000,0x000000076d800000)
  from space 4608K, 62% used [0x000000076dd80000,0x000000076e04b030,0x000000076e200000)
  to   space 5120K, 0% used [0x000000076d800000,0x000000076d800000,0x000000076dd00000)
 ParOldGen       total 175104K, used 112130K [0x00000006c0e00000, 0x00000006cb900000, 0x000000076af80000)
  object space 175104K, 64% used [0x00000006c0e00000,0x00000006c7b80b08,0x00000006cb900000)
 Metaspace       used 8922K, capacity 9126K, committed 9344K, reserved 1056768K
  class space    used 1029K, capacity 1097K, committed 1152K, reserved 1048576K
}
Event: 35.402 GC heap before
{Heap before GC invocations=249 (full 0):
 PSYoungGen      total 46080K, used 44312K [0x000000076af80000, 0x000000076e200000, 0x00000007c0000000)
  eden space 41472K, 99% used [0x000000076af80000,0x000000076d7fb258,0x000000076d800000)
  from space 4608K, 62% used [0x000000076dd80000,0x000000076e04b030,0x000000076e200000)
  to   space 5120K, 0% used [0x000000076d800000,0x000000076d800000,0x000000076dd00000)
 ParOldGen       total 175104K, used 112130K [0x00000006c0e00000, 0x00000006cb900000, 0x000000076af80000)
  object space 175104K, 64% used [0x00000006c0e00000,0x00000006c7b80b08,0x00000006cb900000)
 Metaspace       used 8926K, capacity 9126K, committed 9344K, reserved 1056768K
  class space    used 1030K, capacity 1097K, committed 1152K, reserved 1048576K
Event: 35.403 GC heap after
Heap after GC invocations=249 (full 0):
 PSYoungGen      total 46080K, used 4788K [0x000000076af80000, 0x000000076e280000, 0x00000007c0000000)
  eden space 40960K, 0% used [0x000000076af80000,0x000000076af80000,0x000000076d780000)
  from space 5120K, 93% used [0x000000076d800000,0x000000076dcad050,0x000000076dd00000)
  to   space 5632K, 0% used [0x000000076dd00000,0x000000076dd00000,0x000000076e280000)
 ParOldGen       total 175104K, used 113962K [0x00000006c0e00000, 0x00000006cb900000, 0x000000076af80000)
  object space 175104K, 65% used [0x00000006c0e00000,0x00000006c7d4ab28,0x00000006cb900000)
 Metaspace       used 8926K, capacity 9126K, committed 9344K, reserved 1056768K
  class space    used 1030K, capacity 1097K, committed 1152K, reserved 1048576K
}

