# JRE version: Java(TM) SE Runtime Environment (8.0_111-b14) (build 1.8.0_111-b14)
# Java VM: Java HotSpot(TM) 64-Bit Server VM (25.111-b14 mixed mode windows-amd64 compressed oops)
Heap:
 PSYoungGen      total 78848K, used 65247K [0x000000076af80000, 0x0000000778080000, 0x00000007c0000000)
  eden space 75776K, 82% used [0x000000076af80000,0x000000076ec5cc70,0x000000076f980000)
  from space 3072K, 95% used [0x0000000777d80000,0x000000077805b030,0x0000000778080000)
  to   space 4096K, 0% used [0x0000000777880000,0x0000000777880000,0x0000000777c80000)
 ParOldGen       total 175104K, used 4272K [0x00000006c0e00000, 0x00000006cb900000, 0x000000076af80000)
  object space 175104K, 2% used [0x00000006c0e00000,0x00000006c122c3a8,0x00000006cb900000)
 Metaspace       used 8707K, capacity 8870K, committed 9088K, reserved 1056768K
  class space    used 1029K, capacity 1097K, committed 1152K, reserved 1048576K
GC Heap History (10 events):
Event: 4.546 GC heap before
{Heap before GC invocations=32 (full 0):
 PSYoungGen      total 68608K, used 68396K [0x000000076af80000, 0x0000000778800000, 0x00000007c0000000)
  eden space 65536K, 100% used [0x000000076af80000,0x000000076ef80000,0x000000076ef80000)
  from space 3072K, 93% used [0x0000000778000000,0x00000007782cb030,0x0000000778300000)
  to   space 4608K, 0% used [0x0000000778380000,0x0000000778380000,0x0000000778800000)
 ParOldGen       total 175104K, used 1564K [0x00000006c0e00000, 0x00000006cb900000, 0x000000076af80000)
  object space 175104K, 0% used [0x00000006c0e00000,0x00000006c0f87378,0x00000006cb900000)
 Metaspace       used 8693K, capacity 8870K, committed 9088K, reserved 1056768K
  class space    used 1028K, capacity 1097K, committed 1152K, reserved 1048576K
Event: 4.547 GC heap after
Heap after GC invocations=32 (full 0):
 PSYoungGen      total 67072K, used 2860K [0x000000076af80000, 0x0000000778680000, 0x00000007c0000000)
  eden space 64000K, 0% used [0x000000076af80000,0x000000076af80000,0x000000076ee00000)
  from space 3072K, 93% used [0x0000000778380000,0x000000077864b030,0x0000000778680000)
  to   space 4608K, 0% used [0x0000000777d80000,0x0000000777d80000,0x0000000778200000)
 ParOldGen       total 175104K, used 1564K [0x00000006c0e00000, 0x00000006cb900000, 0x000000076af80000)
  object space 175104K, 0% used [0x00000006c0e00000,0x00000006c0f87378,0x00000006cb900000)
 Metaspace       used 8693K, capacity 8870K, committed 9088K, reserved 1056768K
  class space    used 1028K, capacity 1097K, committed 1152K, reserved 1048576K
}
Event: 4.632 GC heap before
{Heap before GC invocations=33 (full 0):
 PSYoungGen      total 67072K, used 66860K [0x000000076af80000, 0x0000000778680000, 0x00000007c0000000)
  eden space 64000K, 100% used [0x000000076af80000,0x000000076ee00000,0x000000076ee00000)
  from space 3072K, 93% used [0x0000000778380000,0x000000077864b030,0x0000000778680000)
  to   space 4608K, 0% used [0x0000000777d80000,0x0000000777d80000,0x0000000778200000)
 ParOldGen       total 175104K, used 1564K [0x00000006c0e00000, 0x00000006cb900000, 0x000000076af80000)
  object space 175104K, 0% used [0x00000006c0e00000,0x00000006c0f87378,0x00000006cb900000)
 Metaspace       used 8693K, capacity 8870K, committed 9088K, reserved 1056768K
  class space    used 1028K, capacity 1097K, committed 1152K, reserved 1048576K
Event: 4.633 GC heap after
Heap after GC invocations=33 (full 0):
 PSYoungGen      total 65536K, used 2924K [0x000000076af80000, 0x0000000778400000, 0x00000007c0000000)
  eden space 62464K, 0% used [0x000000076af80000,0x000000076af80000,0x000000076ec80000)
  from space 3072K, 95% used [0x0000000777d80000,0x000000077805b030,0x0000000778080000)
  to   space 3584K, 0% used [0x0000000778080000,0x0000000778080000,0x0000000778400000)
 ParOldGen       total 175104K, used 1564K [0x00000006c0e00000, 0x00000006cb900000, 0x000000076af80000)
  object space 175104K, 0% used [0x00000006c0e00000,0x00000006c0f87378,0x00000006cb900000)
 Metaspace       used 8693K, capacity 8870K, committed 9088K, reserved 1056768K
  class space    used 1028K, capacity 1097K, committed 1152K, reserved 1048576K
}
Event: 4.717 GC heap before
{Heap before GC invocations=34 (full 0):
 PSYoungGen      total 65536K, used 65388K [0x000000076af80000, 0x0000000778400000, 0x00000007c0000000)
  eden space 62464K, 100% used [0x000000076af80000,0x000000076ec80000,0x000000076ec80000)
  from space 3072K, 95% used [0x0000000777d80000,0x000000077805b030,0x0000000778080000)
  to   space 3584K, 0% used [0x0000000778080000,0x0000000778080000,0x0000000778400000)
 ParOldGen       total 175104K, used 1564K [0x00000006c0e00000, 0x00000006cb900000, 0x000000076af80000)
  object space 175104K, 0% used [0x00000006c0e00000,0x00000006c0f87378,0x00000006cb900000)
 Metaspace       used 8693K, capacity 8870K, committed 9088K, reserved 1056768K
  class space    used 1028K, capacity 1097K, committed 1152K, reserved 1048576K
Event: 4.718 GC heap after
Heap after GC invocations=34 (full 0):
 PSYoungGen      total 64512K, used 2892K [0x000000076af80000, 0x0000000778380000, 0x00000007c0000000)
  eden space 61440K, 0% used [0x000000076af80000,0x000000076af80000,0x000000076eb80000)
  from space 3072K, 94% used [0x0000000778080000,0x0000000778353030,0x0000000778380000)
  to   space 4608K, 0% used [0x0000000777a80000,0x0000000777a80000,0x0000000777f00000)
 ParOldGen       total 175104K, used 1564K [0x00000006c0e00000, 0x00000006cb900000, 0x000000076af80000)
  object space 175104K, 0% used [0x00000006c0e00000,0x00000006c0f87378,0x00000006cb900000)
 Metaspace       used 8693K, capacity 8870K, committed 9088K, reserved 1056768K
  class space    used 1028K, capacity 1097K, committed 1152K, reserved 1048576K
}
Event: 4.799 GC heap before
{Heap before GC invocations=35 (full 0):
 PSYoungGen      total 64512K, used 64332K [0x000000076af80000, 0x0000000778380000, 0x00000007c0000000)
  eden space 61440K, 100% used [0x000000076af80000,0x000000076eb80000,0x000000076eb80000)
  from space 3072K, 94% used [0x0000000778080000,0x0000000778353030,0x0000000778380000)
  to   space 4608K, 0% used [0x0000000777a80000,0x0000000777a80000,0x0000000777f00000)
 ParOldGen       total 175104K, used 1564K [0x00000006c0e00000, 0x00000006cb900000, 0x000000076af80000)
  object space 175104K, 0% used [0x00000006c0e00000,0x00000006c0f87378,0x00000006cb900000)
 Metaspace       used 8693K, capacity 8870K, committed 9088K, reserved 1056768K
  class space    used 1028K, capacity 1097K, committed 1152K, reserved 1048576K
Event: 4.800 GC heap after
Heap after GC invocations=35 (full 0):
 PSYoungGen      total 63488K, used 2860K [0x000000076af80000, 0x0000000778100000, 0x00000007c0000000)
  eden space 60416K, 0% used [0x000000076af80000,0x000000076af80000,0x000000076ea80000)
  from space 3072K, 93% used [0x0000000777a80000,0x0000000777d4b030,0x0000000777d80000)
  to   space 3584K, 0% used [0x0000000777d80000,0x0000000777d80000,0x0000000778100000)
 ParOldGen       total 175104K, used 1564K [0x00000006c0e00000, 0x00000006cb900000, 0x000000076af80000)
  object space 175104K, 0% used [0x00000006c0e00000,0x00000006c0f87378,0x00000006cb900000)
 Metaspace       used 8693K, capacity 8870K, committed 9088K, reserved 1056768K
  class space    used 1028K, capacity 1097K, committed 1152K, reserved 1048576K
}
Event: 4.877 GC heap before
{Heap before GC invocations=36 (full 0):
 PSYoungGen      total 63488K, used 62926K [0x000000076af80000, 0x0000000778100000, 0x00000007c0000000)
  eden space 60416K, 99% used [0x000000076af80000,0x000000076ea288d8,0x000000076ea80000)
  from space 3072K, 93% used [0x0000000777a80000,0x0000000777d4b030,0x0000000777d80000)
  to   space 3584K, 0% used [0x0000000777d80000,0x0000000777d80000,0x0000000778100000)
 ParOldGen       total 175104K, used 1564K [0x00000006c0e00000, 0x00000006cb900000, 0x000000076af80000)
  object space 175104K, 0% used [0x00000006c0e00000,0x00000006c0f87378,0x00000006cb900000)
 Metaspace       used 8707K, capacity 8870K, committed 9088K, reserved 1056768K
  class space    used 1029K, capacity 1097K, committed 1152K, reserved 1048576K
Event: 4.879 GC heap after
Heap after GC invocations=36 (full 0):
 PSYoungGen      total 78848K, used 2924K [0x000000076af80000, 0x0000000778080000, 0x00000007c0000000)
  eden space 75776K, 0% used [0x000000076af80000,0x000000076af80000,0x000000076f980000)
  from space 3072K, 95% used [0x0000000777d80000,0x000000077805b030,0x0000000778080000)
  to   space 4096K, 0% used [0x0000000777880000,0x0000000777880000,0x0000000777c80000)
 ParOldGen       total 175104K, used 4272K [0x00000006c0e00000, 0x00000006cb900000, 0x000000076af80000)
  object space 175104K, 2% used [0x00000006c0e00000,0x00000006c122c3a8,0x00000006cb900000)
 Metaspace       used 8707K, capacity 8870K, committed 9088K, reserved 1056768K
  class space    used 1029K, capacity 1097K, committed 1152K, reserved 1048576K
}

